#
# There is insufficient memory for the Java Runtime Environment to continue.
# Native memory allocation (mmap) failed to map 138412032 bytes. Error detail: G1 virtual space
# Possible reasons:
#   The system is out of physical RAM or swap space
#   This process is running with CompressedOops enabled, and the Java Heap may be blocking the growth of the native heap
# Possible solutions:
#   Reduce memory load on the system
#   Increase physical memory or swap space
#   Check if swap backing store is full
#   Decrease Java heap size (-Xmx/-Xms)
#   Decrease number of Java threads
#   Decrease Java thread stack sizes (-Xss)
#   Set larger code cache with -XX:ReservedCodeCacheSize=
#   JVM is running with Unscaled Compressed Oops mode in which the Java heap is
#     placed in the first 4GB address space. The Java Heap base address is the
#     maximum limit for the native heap growth. Please use -XX:HeapBaseMinAddress
#     to set the Java Heap base and to place the Java Heap above 4GB virtual address.
# This output file may be truncated or incomplete.
#
#  Out of Memory Error (os_windows.cpp:3825), pid=16748, tid=17332
#
# JRE version: OpenJDK Runtime Environment (17.0.11) (build 17.0.11+0--11852314)
# Java VM: OpenJDK 64-Bit Server VM (17.0.11+0--11852314, mixed mode, tiered, compressed oops, compressed class ptrs, g1 gc, windows-amd64)
# No core dump will be written. Minidumps are not enabled by default on client versions of Windows
#

---------------  S U M M A R Y ------------

Command Line: org.jetbrains.kotlin.cli.jvm.K2JVMCompiler @C:\Users\dever\AndroidStudioProjects\IntelliQuiz\app\build\20241014_5447476609337331962.compiler.options

Host: Intel(R) Core(TM) i5-10500H CPU @ 2.50GHz, 12 cores, 7G,  Windows 11 , 64 bit Build 22621 (10.0.22621.3958)
Time: Mon Oct 14 14:10:18 2024 Malay Peninsula Standard Time elapsed time: 9.228641 seconds (0d 0h 0m 9s)

---------------  T H R E A D  ---------------

Current thread (0x00000230a28e1640):  VMThread "VM Thread" [stack: 0x0000005ce8900000,0x0000005ce8a00000] [id=17332]

Stack: [0x0000005ce8900000,0x0000005ce8a00000]
Native frames: (J=compiled Java code, j=interpreted, Vv=VM code, C=native code)
V  [jvm.dll+0x687bb9]
V  [jvm.dll+0x84142a]
V  [jvm.dll+0x8430ae]
V  [jvm.dll+0x843713]
V  [jvm.dll+0x24a35f]
V  [jvm.dll+0x684989]
V  [jvm.dll+0x67923a]
V  [jvm.dll+0x30af0b]
V  [jvm.dll+0x3123b6]
V  [jvm.dll+0x361dfe]
V  [jvm.dll+0x36202f]
V  [jvm.dll+0x2e0d38]
V  [jvm.dll+0x2df144]
V  [jvm.dll+0x2de74c]
V  [jvm.dll+0x32305b]
V  [jvm.dll+0x847e0b]
V  [jvm.dll+0x848b42]
V  [jvm.dll+0x84905d]
V  [jvm.dll+0x849434]
V  [jvm.dll+0x849500]
V  [jvm.dll+0x7efa4a]
V  [jvm.dll+0x686a35]
C  [ucrtbase.dll+0x29333]
C  [KERNEL32.DLL+0x1257d]
C  [ntdll.dll+0x5af08]

VM_Operation (0x0000005ce83fd830): G1CollectForAllocation, mode: safepoint, requested by thread 0x0000023088658ae0


---------------  P R O C E S S  ---------------

Threads class SMR info:
_java_thread_list=0x00000230ab7750f0, length=13, elements={
0x0000023088658ae0, 0x00000230a28b3920, 0x00000230a28b47a0, 0x00000230a290ac80,
0x00000230a290bb00, 0x00000230a2931900, 0x00000230a2924540, 0x00000230a2925140,
0x00000230a2925b00, 0x00000230a2927420, 0x00000230a2ab4db0, 0x00000230a2ac9010,
0x00000230a2b21310
}

Java Threads: ( => current thread )
  0x0000023088658ae0 JavaThread "main" [_thread_blocked, id=23528, stack(0x0000005ce8300000,0x0000005ce8400000)]
  0x00000230a28b3920 JavaThread "Reference Handler" daemon [_thread_blocked, id=17580, stack(0x0000005ce8a00000,0x0000005ce8b00000)]
  0x00000230a28b47a0 JavaThread "Finalizer" daemon [_thread_blocked, id=14872, stack(0x0000005ce8b00000,0x0000005ce8c00000)]
  0x00000230a290ac80 JavaThread "Signal Dispatcher" daemon [_thread_blocked, id=19508, stack(0x0000005ce8c00000,0x0000005ce8d00000)]
  0x00000230a290bb00 JavaThread "Attach Listener" daemon [_thread_blocked, id=7408, stack(0x0000005ce8d00000,0x0000005ce8e00000)]
  0x00000230a2931900 JavaThread "Service Thread" daemon [_thread_blocked, id=11520, stack(0x0000005ce8e00000,0x0000005ce8f00000)]
  0x00000230a2924540 JavaThread "Monitor Deflation Thread" daemon [_thread_blocked, id=292, stack(0x0000005ce8f00000,0x0000005ce9000000)]
  0x00000230a2925140 JavaThread "C2 CompilerThread0" daemon [_thread_blocked, id=14208, stack(0x0000005ce9000000,0x0000005ce9100000)]
  0x00000230a2925b00 JavaThread "C1 CompilerThread0" daemon [_thread_blocked, id=11444, stack(0x0000005ce9100000,0x0000005ce9200000)]
  0x00000230a2927420 JavaThread "Sweeper thread" daemon [_thread_blocked, id=6060, stack(0x0000005ce9200000,0x0000005ce9300000)]
  0x00000230a2ab4db0 JavaThread "Notification Thread" daemon [_thread_blocked, id=18252, stack(0x0000005ce9300000,0x0000005ce9400000)]
  0x00000230a2ac9010 JavaThread "Common-Cleaner" daemon [_thread_blocked, id=11432, stack(0x0000005ce9500000,0x0000005ce9600000)]
  0x00000230a2b21310 JavaThread "C2 CompilerThread1" daemon [_thread_blocked, id=17268, stack(0x0000005ce9600000,0x0000005ce9700000)]

Other Threads:
=>0x00000230a28e1640 VMThread "VM Thread" [stack: 0x0000005ce8900000,0x0000005ce8a00000] [id=17332]
  0x00000230a22d5890 WatcherThread [stack: 0x0000005ce9400000,0x0000005ce9500000] [id=1720]
  0x00000230886b3900 GCTaskThread "GC Thread#0" [stack: 0x0000005ce8400000,0x0000005ce8500000] [id=21332]
  0x00000230a72a9a90 GCTaskThread "GC Thread#1" [stack: 0x0000005ce9700000,0x0000005ce9800000] [id=2504]
  0x00000230a73b37b0 GCTaskThread "GC Thread#2" [stack: 0x0000005ce9800000,0x0000005ce9900000] [id=17916]
  0x00000230a73cbeb0 GCTaskThread "GC Thread#3" [stack: 0x0000005ce9900000,0x0000005ce9a00000] [id=16760]
  0x00000230a73cc170 GCTaskThread "GC Thread#4" [stack: 0x0000005ce9a00000,0x0000005ce9b00000] [id=14288]
  0x00000230a7643480 GCTaskThread "GC Thread#5" [stack: 0x0000005ce9b00000,0x0000005ce9c00000] [id=16504]
  0x00000230a78e0100 GCTaskThread "GC Thread#6" [stack: 0x0000005ce9c00000,0x0000005ce9d00000] [id=5092]
  0x00000230a799ec70 GCTaskThread "GC Thread#7" [stack: 0x0000005ce9d00000,0x0000005ce9e00000] [id=17936]
  0x00000230a7d8da70 GCTaskThread "GC Thread#8" [stack: 0x0000005ce9e00000,0x0000005ce9f00000] [id=1756]
  0x00000230a8bac8c0 GCTaskThread "GC Thread#9" [stack: 0x0000005cea100000,0x0000005cea200000] [id=4024]
  0x00000230886c42d0 ConcurrentGCThread "G1 Main Marker" [stack: 0x0000005ce8500000,0x0000005ce8600000] [id=11392]
  0x00000230886c4e40 ConcurrentGCThread "G1 Conc#0" [stack: 0x0000005ce8600000,0x0000005ce8700000] [id=18568]
  0x00000230a7a70460 ConcurrentGCThread "G1 Conc#1" [stack: 0x0000005ce9f00000,0x0000005cea000000] [id=17648]
  0x00000230a7b78cd0 ConcurrentGCThread "G1 Conc#2" [stack: 0x0000005cea000000,0x0000005cea100000] [id=1184]
  0x00000230a219d060 ConcurrentGCThread "G1 Refine#0" [stack: 0x0000005ce8700000,0x0000005ce8800000] [id=8540]
  0x00000230a9f09300 ConcurrentGCThread "G1 Refine#1" [stack: 0x0000005cea300000,0x0000005cea400000] [id=19880]
  0x00000230a9f08d20 ConcurrentGCThread "G1 Refine#2" [stack: 0x0000005cea400000,0x0000005cea500000] [id=8424]
  0x00000230a9f07b80 ConcurrentGCThread "G1 Refine#3" [stack: 0x0000005cea500000,0x0000005cea600000] [id=892]
  0x00000230ab3e1cb0 ConcurrentGCThread "G1 Refine#4" [stack: 0x0000005cea200000,0x0000005cea300000] [id=13100]
  0x00000230a219da90 ConcurrentGCThread "G1 Service" [stack: 0x0000005ce8800000,0x0000005ce8900000] [id=16396]

Threads with active compile tasks:
C2 CompilerThread0     9246 13505       4       org.jetbrains.kotlin.backend.jvm.JvmIrTypeSystemContext::getPrimitiveType (6 bytes)
C2 CompilerThread1     9246 13383       4       org.jetbrains.kotlin.types.AbstractTypeMapper::mapType (568 bytes)

VM state: at safepoint (normal execution)

VM Mutex/Monitor currently owned by a thread:  ([mutex/lock_event])
[0x0000023088653f50] Threads_lock - owner thread: 0x00000230a28e1640
[0x0000023088653650] Heap_lock - owner thread: 0x0000023088658ae0

Heap address: 0x0000000082c00000, size: 2004 MB, Compressed Oops mode: 32-bit

CDS archive(s) not mapped
Compressed class space mapped at: 0x0000000100000000-0x0000000140000000, reserved size: 1073741824
Narrow klass base: 0x0000000000000000, Narrow klass shift: 3, Narrow klass range: 0x140000000

GC Precious Log:
 CPUs: 12 total, 12 available
 Memory: 8013M
 Large Page Support: Disabled
 NUMA Support: Disabled
 Compressed Oops: Enabled (32-bit)
 Heap Region Size: 1M
 Heap Min Capacity: 8M
 Heap Initial Capacity: 126M
 Heap Max Capacity: 2004M
 Pre-touch: Disabled
 Parallel Workers: 10
 Concurrent Workers: 3
 Concurrent Refinement Workers: 10
 Periodic GC: Disabled

Heap:
 garbage-first heap   total 135168K, used 68889K [0x0000000082c00000, 0x0000000100000000)
  region size 1024K, 1 young (1024K), 1 survivors (1024K)
 Metaspace       used 85212K, committed 85440K, reserved 1179648K
  class space    used 9366K, committed 9472K, reserved 1048576K

Heap Regions: E=young(eden), S=young(survivor), O=old, HS=humongous(starts), HC=humongous(continues), CS=collection set, F=free, OA=open archive, CA=closed archive, TAMS=top-at-mark-start (previous, next)
|   0|0x0000000082c00000, 0x0000000082d00000, 0x0000000082d00000|100%|HS|  |TAMS 0x0000000082d00000, 0x0000000082c00000| Complete 
|   1|0x0000000082d00000, 0x0000000082e00000, 0x0000000082e00000|100%|HC|  |TAMS 0x0000000082e00000, 0x0000000082d00000| Complete 
|   2|0x0000000082e00000, 0x0000000082f00000, 0x0000000082f00000|100%|HC|  |TAMS 0x0000000082f00000, 0x0000000082e00000| Complete 
|   3|0x0000000082f00000, 0x0000000083000000, 0x0000000083000000|100%|HC|  |TAMS 0x0000000083000000, 0x0000000082f00000| Complete 
|   4|0x0000000083000000, 0x0000000083100000, 0x0000000083100000|100%| O|  |TAMS 0x0000000083100000, 0x0000000083000000| Untracked 
|   5|0x0000000083100000, 0x0000000083200000, 0x0000000083200000|100%| O|  |TAMS 0x0000000083200000, 0x0000000083100000| Untracked 
|   6|0x0000000083200000, 0x0000000083300000, 0x0000000083300000|100%| O|  |TAMS 0x0000000083300000, 0x0000000083200000| Untracked 
|   7|0x0000000083300000, 0x0000000083400000, 0x0000000083400000|100%| O|  |TAMS 0x0000000083400000, 0x0000000083300000| Untracked 
|   8|0x0000000083400000, 0x0000000083500000, 0x0000000083500000|100%| O|  |TAMS 0x0000000083500000, 0x0000000083400000| Untracked 
|   9|0x0000000083500000, 0x0000000083600000, 0x0000000083600000|100%| O|  |TAMS 0x0000000083600000, 0x0000000083500000| Untracked 
|  10|0x0000000083600000, 0x0000000083700000, 0x0000000083700000|100%| O|  |TAMS 0x0000000083700000, 0x0000000083600000| Untracked 
|  11|0x0000000083700000, 0x0000000083800000, 0x0000000083800000|100%| O|  |TAMS 0x0000000083800000, 0x0000000083700000| Untracked 
|  12|0x0000000083800000, 0x0000000083900000, 0x0000000083900000|100%| O|  |TAMS 0x0000000083900000, 0x0000000083800000| Untracked 
|  13|0x0000000083900000, 0x0000000083a00000, 0x0000000083a00000|100%| O|  |TAMS 0x0000000083a00000, 0x0000000083900000| Untracked 
|  14|0x0000000083a00000, 0x0000000083b00000, 0x0000000083b00000|100%| O|  |TAMS 0x0000000083b00000, 0x0000000083a00000| Untracked 
|  15|0x0000000083b00000, 0x0000000083c00000, 0x0000000083c00000|100%| O|  |TAMS 0x0000000083c00000, 0x0000000083b00000| Untracked 
|  16|0x0000000083c00000, 0x0000000083d00000, 0x0000000083d00000|100%| O|  |TAMS 0x0000000083d00000, 0x0000000083c00000| Untracked 
|  17|0x0000000083d00000, 0x0000000083e00000, 0x0000000083e00000|100%| O|  |TAMS 0x0000000083e00000, 0x0000000083d00000| Untracked 
|  18|0x0000000083e00000, 0x0000000083f00000, 0x0000000083f00000|100%| O|  |TAMS 0x0000000083f00000, 0x0000000083e00000| Untracked 
|  19|0x0000000083f00000, 0x0000000084000000, 0x0000000084000000|100%| O|  |TAMS 0x0000000084000000, 0x0000000083f00000| Untracked 
|  20|0x0000000084000000, 0x0000000084000000, 0x0000000084100000|  0%| F|  |TAMS 0x0000000084000000, 0x0000000084000000| Untracked 
|  21|0x0000000084100000, 0x0000000084200000, 0x0000000084200000|100%| O|  |TAMS 0x0000000084200000, 0x0000000084100000| Untracked 
|  22|0x0000000084200000, 0x0000000084300000, 0x0000000084300000|100%| O|  |TAMS 0x0000000084300000, 0x0000000084200000| Untracked 
|  23|0x0000000084300000, 0x0000000084400000, 0x0000000084400000|100%|HS|  |TAMS 0x0000000084400000, 0x0000000084300000| Complete 
|  24|0x0000000084400000, 0x0000000084500000, 0x0000000084500000|100%|HC|  |TAMS 0x0000000084500000, 0x0000000084400000| Complete 
|  25|0x0000000084500000, 0x0000000084600000, 0x0000000084600000|100%| O|  |TAMS 0x0000000084600000, 0x0000000084500000| Untracked 
|  26|0x0000000084600000, 0x0000000084700000, 0x0000000084700000|100%| O|  |TAMS 0x0000000084700000, 0x0000000084600000| Untracked 
|  27|0x0000000084700000, 0x0000000084800000, 0x0000000084800000|100%| O|  |TAMS 0x0000000084800000, 0x0000000084700000| Untracked 
|  28|0x0000000084800000, 0x0000000084900000, 0x0000000084900000|100%| O|  |TAMS 0x0000000084900000, 0x0000000084800000| Untracked 
|  29|0x0000000084900000, 0x0000000084a00000, 0x0000000084a00000|100%| O|  |TAMS 0x0000000084a00000, 0x0000000084900000| Untracked 
|  30|0x0000000084a00000, 0x0000000084b00000, 0x0000000084b00000|100%| O|  |TAMS 0x0000000084b00000, 0x0000000084a00000| Untracked 
|  31|0x0000000084b00000, 0x0000000084c00000, 0x0000000084c00000|100%| O|  |TAMS 0x0000000084c00000, 0x0000000084b00000| Untracked 
|  32|0x0000000084c00000, 0x0000000084d00000, 0x0000000084d00000|100%| O|  |TAMS 0x0000000084d00000, 0x0000000084c00000| Untracked 
|  33|0x0000000084d00000, 0x0000000084e00000, 0x0000000084e00000|100%| O|  |TAMS 0x0000000084e00000, 0x0000000084d00000| Untracked 
|  34|0x0000000084e00000, 0x0000000084f00000, 0x0000000084f00000|100%| O|  |TAMS 0x0000000084f00000, 0x0000000084e00000| Untracked 
|  35|0x0000000084f00000, 0x0000000085000000, 0x0000000085000000|100%| O|  |TAMS 0x0000000085000000, 0x0000000084f00000| Untracked 
|  36|0x0000000085000000, 0x0000000085100000, 0x0000000085100000|100%| O|  |TAMS 0x0000000085100000, 0x0000000085000000| Untracked 
|  37|0x0000000085100000, 0x0000000085200000, 0x0000000085200000|100%| O|  |TAMS 0x0000000085200000, 0x0000000085100000| Untracked 
|  38|0x0000000085200000, 0x0000000085300000, 0x0000000085300000|100%| O|  |TAMS 0x0000000085300000, 0x0000000085200000| Untracked 
|  39|0x0000000085300000, 0x0000000085400000, 0x0000000085400000|100%| O|  |TAMS 0x0000000085400000, 0x0000000085300000| Untracked 
|  40|0x0000000085400000, 0x0000000085500000, 0x0000000085500000|100%| O|  |TAMS 0x0000000085500000, 0x0000000085400000| Untracked 
|  41|0x0000000085500000, 0x0000000085600000, 0x0000000085600000|100%| O|  |TAMS 0x0000000085600000, 0x0000000085500000| Untracked 
|  42|0x0000000085600000, 0x0000000085700000, 0x0000000085700000|100%| O|  |TAMS 0x0000000085700000, 0x0000000085600000| Untracked 
|  43|0x0000000085700000, 0x0000000085800000, 0x0000000085800000|100%| O|  |TAMS 0x0000000085800000, 0x0000000085700000| Untracked 
|  44|0x0000000085800000, 0x0000000085900000, 0x0000000085900000|100%| O|  |TAMS 0x0000000085900000, 0x0000000085800000| Untracked 
|  45|0x0000000085900000, 0x0000000085a00000, 0x0000000085a00000|100%| O|  |TAMS 0x0000000085a00000, 0x0000000085900000| Untracked 
|  46|0x0000000085a00000, 0x0000000085b00000, 0x0000000085b00000|100%| O|  |TAMS 0x0000000085b00000, 0x0000000085a00000| Untracked 
|  47|0x0000000085b00000, 0x0000000085c00000, 0x0000000085c00000|100%| O|  |TAMS 0x0000000085c00000, 0x0000000085b00000| Untracked 
|  48|0x0000000085c00000, 0x0000000085d00000, 0x0000000085d00000|100%| O|  |TAMS 0x0000000085d00000, 0x0000000085c00000| Untracked 
|  49|0x0000000085d00000, 0x0000000085e00000, 0x0000000085e00000|100%| O|  |TAMS 0x0000000085e00000, 0x0000000085d00000| Untracked 
|  50|0x0000000085e00000, 0x0000000085f00000, 0x0000000085f00000|100%| O|  |TAMS 0x0000000085f00000, 0x0000000085e00000| Untracked 
|  51|0x0000000085f00000, 0x0000000086000000, 0x0000000086000000|100%| O|  |TAMS 0x0000000086000000, 0x0000000085f00000| Untracked 
|  52|0x0000000086000000, 0x0000000086100000, 0x0000000086100000|100%| O|  |TAMS 0x0000000086100000, 0x0000000086000000| Untracked 
|  53|0x0000000086100000, 0x0000000086200000, 0x0000000086200000|100%| O|  |TAMS 0x0000000086200000, 0x0000000086100000| Untracked 
|  54|0x0000000086200000, 0x0000000086300000, 0x0000000086300000|100%| O|  |TAMS 0x0000000086300000, 0x0000000086200000| Untracked 
|  55|0x0000000086300000, 0x0000000086400000, 0x0000000086400000|100%| O|  |TAMS 0x0000000086400000, 0x0000000086300000| Untracked 
|  56|0x0000000086400000, 0x0000000086500000, 0x0000000086500000|100%| O|  |TAMS 0x0000000086500000, 0x0000000086400000| Untracked 
|  57|0x0000000086500000, 0x0000000086600000, 0x0000000086600000|100%| O|  |TAMS 0x0000000086600000, 0x0000000086500000| Untracked 
|  58|0x0000000086600000, 0x0000000086700000, 0x0000000086700000|100%| O|  |TAMS 0x0000000086700000, 0x0000000086600000| Untracked 
|  59|0x0000000086700000, 0x0000000086800000, 0x0000000086800000|100%| O|  |TAMS 0x000000008675ba00, 0x0000000086700000| Untracked 
|  60|0x0000000086800000, 0x0000000086900000, 0x0000000086900000|100%| O|  |TAMS 0x0000000086800000, 0x0000000086800000| Untracked 
|  61|0x0000000086900000, 0x0000000086a00000, 0x0000000086a00000|100%| O|  |TAMS 0x0000000086900000, 0x0000000086900000| Untracked 
|  62|0x0000000086a00000, 0x0000000086b00000, 0x0000000086b00000|100%| O|  |TAMS 0x0000000086a00000, 0x0000000086a00000| Untracked 
|  63|0x0000000086b00000, 0x0000000086c00000, 0x0000000086c00000|100%| O|  |TAMS 0x0000000086b00000, 0x0000000086b00000| Untracked 
|  64|0x0000000086c00000, 0x0000000086d00000, 0x0000000086d00000|100%| O|  |TAMS 0x0000000086c00000, 0x0000000086c00000| Untracked 
|  65|0x0000000086d00000, 0x0000000086e00000, 0x0000000086e00000|100%| O|  |TAMS 0x0000000086d00000, 0x0000000086d00000| Untracked 
|  66|0x0000000086e00000, 0x0000000086f00000, 0x0000000086f00000|100%| O|  |TAMS 0x0000000086e00000, 0x0000000086e00000| Untracked 
|  67|0x0000000086f00000, 0x0000000086fea600, 0x0000000087000000| 91%| O|  |TAMS 0x0000000086f00000, 0x0000000086f00000| Untracked 
|  68|0x0000000087000000, 0x0000000087000000, 0x0000000087100000|  0%| F|  |TAMS 0x0000000087000000, 0x0000000087000000| Untracked 
|  69|0x0000000087100000, 0x0000000087100000, 0x0000000087200000|  0%| F|  |TAMS 0x0000000087100000, 0x0000000087100000| Untracked 
|  70|0x0000000087200000, 0x0000000087200000, 0x0000000087300000|  0%| F|  |TAMS 0x0000000087200000, 0x0000000087200000| Untracked 
|  71|0x0000000087300000, 0x0000000087300000, 0x0000000087400000|  0%| F|  |TAMS 0x0000000087300000, 0x0000000087300000| Untracked 
|  72|0x0000000087400000, 0x0000000087400000, 0x0000000087500000|  0%| F|  |TAMS 0x0000000087400000, 0x0000000087400000| Untracked 
|  73|0x0000000087500000, 0x0000000087500000, 0x0000000087600000|  0%| F|  |TAMS 0x0000000087500000, 0x0000000087500000| Untracked 
|  74|0x0000000087600000, 0x0000000087600000, 0x0000000087700000|  0%| F|  |TAMS 0x0000000087600000, 0x0000000087600000| Untracked 
|  75|0x0000000087700000, 0x0000000087700000, 0x0000000087800000|  0%| F|  |TAMS 0x0000000087700000, 0x0000000087700000| Untracked 
|  76|0x0000000087800000, 0x0000000087800000, 0x0000000087900000|  0%| F|  |TAMS 0x0000000087800000, 0x0000000087800000| Untracked 
|  77|0x0000000087900000, 0x0000000087900000, 0x0000000087a00000|  0%| F|  |TAMS 0x0000000087900000, 0x0000000087900000| Untracked 
|  78|0x0000000087a00000, 0x0000000087a00000, 0x0000000087b00000|  0%| F|  |TAMS 0x0000000087a00000, 0x0000000087a00000| Untracked 
|  79|0x0000000087b00000, 0x0000000087b00000, 0x0000000087c00000|  0%| F|  |TAMS 0x0000000087b00000, 0x0000000087b00000| Untracked 
|  80|0x0000000087c00000, 0x0000000087c00000, 0x0000000087d00000|  0%| F|  |TAMS 0x0000000087c00000, 0x0000000087c00000| Untracked 
|  81|0x0000000087d00000, 0x0000000087d00000, 0x0000000087e00000|  0%| F|  |TAMS 0x0000000087d00000, 0x0000000087d00000| Untracked 
|  82|0x0000000087e00000, 0x0000000087e00000, 0x0000000087f00000|  0%| F|  |TAMS 0x0000000087e00000, 0x0000000087e00000| Untracked 
|  83|0x0000000087f00000, 0x0000000087f00000, 0x0000000088000000|  0%| F|  |TAMS 0x0000000087f00000, 0x0000000087f00000| Untracked 
|  84|0x0000000088000000, 0x0000000088000000, 0x0000000088100000|  0%| F|  |TAMS 0x0000000088000000, 0x0000000088000000| Untracked 
|  85|0x0000000088100000, 0x0000000088100000, 0x0000000088200000|  0%| F|  |TAMS 0x0000000088100000, 0x0000000088100000| Untracked 
|  86|0x0000000088200000, 0x0000000088200000, 0x0000000088300000|  0%| F|  |TAMS 0x0000000088200000, 0x0000000088200000| Untracked 
|  87|0x0000000088300000, 0x0000000088300000, 0x0000000088400000|  0%| F|  |TAMS 0x0000000088300000, 0x0000000088300000| Untracked 
|  88|0x0000000088400000, 0x0000000088400000, 0x0000000088500000|  0%| F|  |TAMS 0x0000000088400000, 0x0000000088400000| Untracked 
|  89|0x0000000088500000, 0x0000000088500000, 0x0000000088600000|  0%| F|  |TAMS 0x0000000088500000, 0x0000000088500000| Untracked 
|  90|0x0000000088600000, 0x0000000088600000, 0x0000000088700000|  0%| F|  |TAMS 0x0000000088600000, 0x0000000088600000| Untracked 
|  91|0x0000000088700000, 0x0000000088700000, 0x0000000088800000|  0%| F|  |TAMS 0x0000000088700000, 0x0000000088700000| Untracked 
|  92|0x0000000088800000, 0x0000000088800000, 0x0000000088900000|  0%| F|  |TAMS 0x0000000088800000, 0x0000000088800000| Untracked 
|  93|0x0000000088900000, 0x0000000088900000, 0x0000000088a00000|  0%| F|  |TAMS 0x0000000088900000, 0x0000000088900000| Untracked 
|  94|0x0000000088a00000, 0x0000000088a00000, 0x0000000088b00000|  0%| F|  |TAMS 0x0000000088a00000, 0x0000000088a00000| Untracked 
|  95|0x0000000088b00000, 0x0000000088b00000, 0x0000000088c00000|  0%| F|  |TAMS 0x0000000088b00000, 0x0000000088b00000| Untracked 
|  96|0x0000000088c00000, 0x0000000088c00000, 0x0000000088d00000|  0%| F|  |TAMS 0x0000000088c00000, 0x0000000088c00000| Untracked 
|  97|0x0000000088d00000, 0x0000000088d00000, 0x0000000088e00000|  0%| F|  |TAMS 0x0000000088d00000, 0x0000000088d00000| Untracked 
|  98|0x0000000088e00000, 0x0000000088e00000, 0x0000000088f00000|  0%| F|  |TAMS 0x0000000088e00000, 0x0000000088e00000| Untracked 
|  99|0x0000000088f00000, 0x0000000088f00000, 0x0000000089000000|  0%| F|  |TAMS 0x0000000088f00000, 0x0000000088f00000| Untracked 
| 100|0x0000000089000000, 0x0000000089000000, 0x0000000089100000|  0%| F|  |TAMS 0x0000000089000000, 0x0000000089000000| Untracked 
| 101|0x0000000089100000, 0x0000000089100000, 0x0000000089200000|  0%| F|  |TAMS 0x0000000089100000, 0x0000000089100000| Untracked 
| 102|0x0000000089200000, 0x0000000089200000, 0x0000000089300000|  0%| F|  |TAMS 0x0000000089200000, 0x0000000089200000| Untracked 
| 103|0x0000000089300000, 0x0000000089300000, 0x0000000089400000|  0%| F|  |TAMS 0x0000000089300000, 0x0000000089300000| Untracked 
| 104|0x0000000089400000, 0x0000000089400000, 0x0000000089500000|  0%| F|  |TAMS 0x0000000089400000, 0x0000000089400000| Untracked 
| 105|0x0000000089500000, 0x0000000089500000, 0x0000000089600000|  0%| F|  |TAMS 0x0000000089500000, 0x0000000089500000| Untracked 
| 106|0x0000000089600000, 0x0000000089600000, 0x0000000089700000|  0%| F|  |TAMS 0x0000000089600000, 0x0000000089600000| Untracked 
| 107|0x0000000089700000, 0x0000000089700000, 0x0000000089800000|  0%| F|  |TAMS 0x0000000089700000, 0x0000000089700000| Untracked 
| 108|0x0000000089800000, 0x0000000089800000, 0x0000000089900000|  0%| F|  |TAMS 0x0000000089800000, 0x0000000089800000| Untracked 
| 109|0x0000000089900000, 0x0000000089900000, 0x0000000089a00000|  0%| F|  |TAMS 0x0000000089900000, 0x0000000089900000| Untracked 
| 110|0x0000000089a00000, 0x0000000089a00000, 0x0000000089b00000|  0%| F|  |TAMS 0x0000000089a00000, 0x0000000089a00000| Untracked 
| 111|0x0000000089b00000, 0x0000000089b00000, 0x0000000089c00000|  0%| F|  |TAMS 0x0000000089b00000, 0x0000000089b00000| Untracked 
| 112|0x0000000089c00000, 0x0000000089c00000, 0x0000000089d00000|  0%| F|  |TAMS 0x0000000089c00000, 0x0000000089c00000| Untracked 
| 113|0x0000000089d00000, 0x0000000089d00000, 0x0000000089e00000|  0%| F|  |TAMS 0x0000000089d00000, 0x0000000089d00000| Untracked 
| 114|0x0000000089e00000, 0x0000000089e00000, 0x0000000089f00000|  0%| F|  |TAMS 0x0000000089e00000, 0x0000000089e00000| Untracked 
| 115|0x0000000089f00000, 0x0000000089f00000, 0x000000008a000000|  0%| F|  |TAMS 0x0000000089f00000, 0x0000000089f00000| Untracked 
| 116|0x000000008a000000, 0x000000008a000000, 0x000000008a100000|  0%| F|  |TAMS 0x000000008a000000, 0x000000008a000000| Untracked 
| 117|0x000000008a100000, 0x000000008a100000, 0x000000008a200000|  0%| F|  |TAMS 0x000000008a100000, 0x000000008a100000| Untracked 
| 118|0x000000008a200000, 0x000000008a200000, 0x000000008a300000|  0%| F|  |TAMS 0x000000008a200000, 0x000000008a200000| Untracked 
| 119|0x000000008a300000, 0x000000008a300000, 0x000000008a400000|  0%| F|  |TAMS 0x000000008a300000, 0x000000008a300000| Untracked 
| 120|0x000000008a400000, 0x000000008a400000, 0x000000008a500000|  0%| F|  |TAMS 0x000000008a400000, 0x000000008a400000| Untracked 
| 121|0x000000008a500000, 0x000000008a500000, 0x000000008a600000|  0%| F|  |TAMS 0x000000008a500000, 0x000000008a500000| Untracked 
| 122|0x000000008a600000, 0x000000008a600000, 0x000000008a700000|  0%| F|  |TAMS 0x000000008a600000, 0x000000008a600000| Untracked 
| 123|0x000000008a700000, 0x000000008a700000, 0x000000008a800000|  0%| F|  |TAMS 0x000000008a700000, 0x000000008a700000| Untracked 
| 124|0x000000008a800000, 0x000000008a800000, 0x000000008a900000|  0%| F|  |TAMS 0x000000008a800000, 0x000000008a800000| Untracked 
| 125|0x000000008a900000, 0x000000008a900000, 0x000000008aa00000|  0%| F|  |TAMS 0x000000008a900000, 0x000000008a900000| Untracked 
| 126|0x000000008aa00000, 0x000000008aa00000, 0x000000008ab00000|  0%| F|  |TAMS 0x000000008aa00000, 0x000000008aa00000| Untracked 
| 127|0x000000008ab00000, 0x000000008ab00000, 0x000000008ac00000|  0%| F|  |TAMS 0x000000008ab00000, 0x000000008ab00000| Untracked 
| 128|0x000000008ac00000, 0x000000008ac00000, 0x000000008ad00000|  0%| F|  |TAMS 0x000000008ac00000, 0x000000008ac00000| Untracked 
| 129|0x000000008ad00000, 0x000000008ad5bfc0, 0x000000008ae00000| 35%| S|CS|TAMS 0x000000008ad00000, 0x000000008ad00000| Complete 
| 130|0x000000008ae00000, 0x000000008ae00000, 0x000000008af00000|  0%| F|  |TAMS 0x000000008ae00000, 0x000000008ae00000| Untracked 
| 131|0x000000008af00000, 0x000000008af00000, 0x000000008b000000|  0%| F|  |TAMS 0x000000008af00000, 0x000000008af00000| Untracked 

Card table byte_map: [0x000002309b440000,0x000002309b830000] _byte_map_base: 0x000002309b02a000

Marking Bits (Prev, Next): (CMBitMap*) 0x00000230886b3f20, (CMBitMap*) 0x00000230886b3f60
 Prev Bits: [0x000002309bc20000, 0x000002309db70000)
 Next Bits: [0x000002309db70000, 0x000002309fac0000)

Polling page: 0x0000023087de0000

Metaspace:

Usage:
  Non-class:     74.07 MB used.
      Class:      9.15 MB used.
       Both:     83.22 MB used.

Virtual space:
  Non-class space:      128.00 MB reserved,      74.19 MB ( 58%) committed,  2 nodes.
      Class space:        1.00 GB reserved,       9.25 MB ( <1%) committed,  1 nodes.
             Both:        1.12 GB reserved,      83.44 MB (  7%) committed. 

Chunk freelists:
   Non-Class:  5.62 MB
       Class:  6.77 MB
        Both:  12.39 MB

MaxMetaspaceSize: unlimited
CompressedClassSpaceSize: 1.00 GB
Initial GC threshold: 21.00 MB
Current GC threshold: 132.00 MB
CDS: off
MetaspaceReclaimPolicy: balanced
 - commit_granule_bytes: 65536.
 - commit_granule_words: 8192.
 - virtual_space_node_default_size: 8388608.
 - enlarge_chunks_in_place: 1.
 - new_chunks_are_fully_committed: 0.
 - uncommit_free_chunks: 1.
 - use_allocation_guard: 0.
 - handle_deallocations: 1.


Internal statistics:

num_allocs_failed_limit: 6.
num_arena_births: 316.
num_arena_deaths: 0.
num_vsnodes_births: 3.
num_vsnodes_deaths: 0.
num_space_committed: 1333.
num_space_uncommitted: 0.
num_chunks_returned_to_freelist: 6.
num_chunks_taken_from_freelist: 2976.
num_chunk_merges: 6.
num_chunk_splits: 2529.
num_chunks_enlarged: 2298.
num_inconsistent_stats: 0.

CodeHeap 'non-profiled nmethods': size=120000Kb used=6306Kb max_used=6440Kb free=113694Kb
 bounds [0x00000230935d0000, 0x0000023093c20000, 0x000002309ab00000]
CodeHeap 'profiled nmethods': size=120000Kb used=34000Kb max_used=34000Kb free=85999Kb
 bounds [0x000002308bb00000, 0x000002308dc40000, 0x0000023093030000]
CodeHeap 'non-nmethods': size=5760Kb used=1407Kb max_used=1462Kb free=4352Kb
 bounds [0x0000023093030000, 0x00000230932a0000, 0x00000230935d0000]
 total_blobs=12208 nmethods=11470 adapters=647
 compilation: enabled
              stopped_count=0, restarted_count=0
 full_count=0

Compilation events (20 events):
Event: 9.207 Thread 0x00000230a2925b00 13503       3       org.jetbrains.kotlin.codegen.signature.AsmTypeFactory::toString (17 bytes)
Event: 9.207 Thread 0x00000230a2925b00 nmethod 13503 0x000002308dc32b10 code [0x000002308dc32d40, 0x000002308dc33358]
Event: 9.207 Thread 0x00000230a2925b00 13504       3       org.jetbrains.kotlin.load.kotlin.JvmDescriptorTypeWriter::writeArrayType (23 bytes)
Event: 9.207 Thread 0x00000230a2925b00 nmethod 13504 0x000002308dc33610 code [0x000002308dc337a0, 0x000002308dc338f8]
Event: 9.208 Thread 0x00000230a2925140 nmethod 13396 0x000002309383f490 code [0x000002309383f8c0, 0x0000023093842968]
Event: 9.208 Thread 0x00000230a2925140 13489       4       org.jetbrains.org.objectweb.asm.tree.InsnList::toArray (41 bytes)
Event: 9.208 Thread 0x00000230a2925b00 13507       3       org.jetbrains.kotlin.backend.jvm.JvmIrTypeSystemContext::getArgument (7 bytes)
Event: 9.208 Thread 0x00000230a2925b00 nmethod 13507 0x000002308dc33990 code [0x000002308dc33b20, 0x000002308dc33c48]
Event: 9.208 Thread 0x00000230a2925b00 13508       3       org.jetbrains.kotlin.ir.types.IrTypeSystemContext$DefaultImpls::getArgument (139 bytes)
Event: 9.209 Thread 0x00000230a2925b00 nmethod 13508 0x000002308dc33d10 code [0x000002308dc34200, 0x000002308dc36558]
Event: 9.209 Thread 0x00000230a2925b00 13509       3       org.jetbrains.kotlin.load.kotlin.JvmDescriptorTypeWriter::writeArrayEnd (1 bytes)
Event: 9.210 Thread 0x00000230a2925b00 nmethod 13509 0x000002308dc37090 code [0x000002308dc37220, 0x000002308dc37338]
Event: 9.211 Thread 0x00000230a2925140 nmethod 13489 0x0000023093aa9e10 code [0x0000023093aa9fa0, 0x0000023093aaa298]
Event: 9.211 Thread 0x00000230a2925140 13445       4       org.jetbrains.kotlin.backend.jvm.JvmIrTypeSystemContext::isError (6 bytes)
Event: 9.211 Thread 0x00000230a2925140 nmethod 13445 0x0000023093aa9b10 code [0x0000023093aa9c80, 0x0000023093aa9d18]
Event: 9.211 Thread 0x00000230a2925140 13505       4       org.jetbrains.kotlin.backend.jvm.JvmIrTypeSystemContext::getPrimitiveType (6 bytes)
Event: 9.211 Thread 0x00000230a2925b00 13510       3       org.jetbrains.kotlin.backend.jvm.JvmIrTypeSystemContext::isStarProjection (6 bytes)
Event: 9.212 Thread 0x00000230a2925b00 nmethod 13510 0x000002308dc37410 code [0x000002308dc37620, 0x000002308dc37d18]
Event: 9.212 Thread 0x00000230a2925b00 13511       3       org.jetbrains.kotlin.ir.types.IrTypeSystemContext$DefaultImpls::isStarProjection (11 bytes)
Event: 9.212 Thread 0x00000230a2925b00 nmethod 13511 0x000002308dc37f90 code [0x000002308dc381a0, 0x000002308dc38818]

GC Heap History (20 events):
Event: 3.850 GC heap after
{Heap after GC invocations=14 (full 0):
 garbage-first heap   total 87040K, used 40771K [0x0000000082c00000, 0x0000000100000000)
  region size 1024K, 5 young (5120K), 5 survivors (5120K)
 Metaspace       used 55920K, committed 56128K, reserved 1114112K
  class space    used 6641K, committed 6720K, reserved 1048576K
}
Event: 3.935 GC heap before
{Heap before GC invocations=14 (full 0):
 garbage-first heap   total 87040K, used 65347K [0x0000000082c00000, 0x0000000100000000)
  region size 1024K, 29 young (29696K), 5 survivors (5120K)
 Metaspace       used 56135K, committed 56384K, reserved 1114112K
  class space    used 6663K, committed 6784K, reserved 1048576K
}
Event: 3.946 GC heap after
{Heap after GC invocations=15 (full 0):
 garbage-first heap   total 87040K, used 42612K [0x0000000082c00000, 0x0000000100000000)
  region size 1024K, 2 young (2048K), 2 survivors (2048K)
 Metaspace       used 56135K, committed 56384K, reserved 1114112K
  class space    used 6663K, committed 6784K, reserved 1048576K
}
Event: 4.432 GC heap before
{Heap before GC invocations=15 (full 0):
 garbage-first heap   total 87040K, used 67188K [0x0000000082c00000, 0x0000000100000000)
  region size 1024K, 26 young (26624K), 2 survivors (2048K)
 Metaspace       used 58864K, committed 59136K, reserved 1114112K
  class space    used 6978K, committed 7104K, reserved 1048576K
}
Event: 4.444 GC heap after
{Heap after GC invocations=16 (full 0):
 garbage-first heap   total 135168K, used 45190K [0x0000000082c00000, 0x0000000100000000)
  region size 1024K, 4 young (4096K), 4 survivors (4096K)
 Metaspace       used 58864K, committed 59136K, reserved 1114112K
  class space    used 6978K, committed 7104K, reserved 1048576K
}
Event: 5.636 GC heap before
{Heap before GC invocations=17 (full 0):
 garbage-first heap   total 135168K, used 101510K [0x0000000082c00000, 0x0000000100000000)
  region size 1024K, 58 young (59392K), 4 survivors (4096K)
 Metaspace       used 62273K, committed 62528K, reserved 1114112K
  class space    used 7235K, committed 7360K, reserved 1048576K
}
Event: 5.648 GC heap after
{Heap after GC invocations=18 (full 0):
 garbage-first heap   total 135168K, used 52105K [0x0000000082c00000, 0x0000000100000000)
  region size 1024K, 8 young (8192K), 8 survivors (8192K)
 Metaspace       used 62273K, committed 62528K, reserved 1114112K
  class space    used 7235K, committed 7360K, reserved 1048576K
}
Event: 5.668 GC heap before
{Heap before GC invocations=18 (full 0):
 garbage-first heap   total 135168K, used 53129K [0x0000000082c00000, 0x0000000100000000)
  region size 1024K, 9 young (9216K), 8 survivors (8192K)
 Metaspace       used 62337K, committed 62592K, reserved 1114112K
  class space    used 7241K, committed 7360K, reserved 1048576K
}
Event: 5.680 GC heap after
{Heap after GC invocations=19 (full 0):
 garbage-first heap   total 135168K, used 52284K [0x0000000082c00000, 0x0000000100000000)
  region size 1024K, 1 young (1024K), 1 survivors (1024K)
 Metaspace       used 62337K, committed 62592K, reserved 1114112K
  class space    used 7241K, committed 7360K, reserved 1048576K
}
Event: 6.706 GC heap before
{Heap before GC invocations=19 (full 0):
 garbage-first heap   total 135168K, used 99388K [0x0000000082c00000, 0x0000000100000000)
  region size 1024K, 47 young (48128K), 1 survivors (1024K)
 Metaspace       used 66337K, committed 66560K, reserved 1114112K
  class space    used 7536K, committed 7616K, reserved 1048576K
}
Event: 6.713 GC heap after
{Heap after GC invocations=20 (full 0):
 garbage-first heap   total 135168K, used 54953K [0x0000000082c00000, 0x0000000100000000)
  region size 1024K, 4 young (4096K), 4 survivors (4096K)
 Metaspace       used 66337K, committed 66560K, reserved 1114112K
  class space    used 7536K, committed 7616K, reserved 1048576K
}
Event: 7.687 GC heap before
{Heap before GC invocations=20 (full 0):
 garbage-first heap   total 135168K, used 102057K [0x0000000082c00000, 0x0000000100000000)
  region size 1024K, 50 young (51200K), 4 survivors (4096K)
 Metaspace       used 72794K, committed 73024K, reserved 1114112K
  class space    used 8208K, committed 8320K, reserved 1048576K
}
Event: 7.698 GC heap after
{Heap after GC invocations=21 (full 0):
 garbage-first heap   total 135168K, used 59861K [0x0000000082c00000, 0x0000000100000000)
  region size 1024K, 7 young (7168K), 7 survivors (7168K)
 Metaspace       used 72794K, committed 73024K, reserved 1114112K
  class space    used 8208K, committed 8320K, reserved 1048576K
}
Event: 8.212 GC heap before
{Heap before GC invocations=21 (full 0):
 garbage-first heap   total 135168K, used 103893K [0x0000000082c00000, 0x0000000100000000)
  region size 1024K, 50 young (51200K), 7 survivors (7168K)
 Metaspace       used 78578K, committed 78848K, reserved 1179648K
  class space    used 8796K, committed 8896K, reserved 1048576K
}
Event: 8.226 GC heap after
{Heap after GC invocations=22 (full 0):
 garbage-first heap   total 135168K, used 65428K [0x0000000082c00000, 0x0000000100000000)
  region size 1024K, 6 young (6144K), 6 survivors (6144K)
 Metaspace       used 78578K, committed 78848K, reserved 1179648K
  class space    used 8796K, committed 8896K, reserved 1048576K
}
Event: 8.693 GC heap before
{Heap before GC invocations=22 (full 0):
 garbage-first heap   total 135168K, used 104340K [0x0000000082c00000, 0x0000000100000000)
  region size 1024K, 44 young (45056K), 6 survivors (6144K)
 Metaspace       used 80737K, committed 80960K, reserved 1179648K
  class space    used 8996K, committed 9088K, reserved 1048576K
}
Event: 8.704 GC heap after
{Heap after GC invocations=23 (full 0):
 garbage-first heap   total 135168K, used 67179K [0x0000000082c00000, 0x0000000100000000)
  region size 1024K, 2 young (2048K), 2 survivors (2048K)
 Metaspace       used 80737K, committed 80960K, reserved 1179648K
  class space    used 8996K, committed 9088K, reserved 1048576K
}
Event: 9.195 GC heap before
{Heap before GC invocations=24 (full 0):
 garbage-first heap   total 135168K, used 106091K [0x0000000082c00000, 0x0000000100000000)
  region size 1024K, 41 young (41984K), 2 survivors (2048K)
 Metaspace       used 85207K, committed 85440K, reserved 1179648K
  class space    used 9366K, committed 9472K, reserved 1048576K
}
Event: 9.205 GC heap after
{Heap after GC invocations=25 (full 0):
 garbage-first heap   total 135168K, used 68629K [0x0000000082c00000, 0x0000000100000000)
  region size 1024K, 4 young (4096K), 4 survivors (4096K)
 Metaspace       used 85207K, committed 85440K, reserved 1179648K
  class space    used 9366K, committed 9472K, reserved 1048576K
}
Event: 9.219 GC heap before
{Heap before GC invocations=25 (full 0):
 garbage-first heap   total 135168K, used 70677K [0x0000000082c00000, 0x0000000100000000)
  region size 1024K, 6 young (6144K), 4 survivors (4096K)
 Metaspace       used 85212K, committed 85440K, reserved 1179648K
  class space    used 9366K, committed 9472K, reserved 1048576K
}

Dll operation events (2 events):
Event: 0.009 Loaded shared library C:\Program Files\Android\Android Studio\jbr\bin\java.dll
Event: 0.984 Loaded shared library C:\Program Files\Android\Android Studio\jbr\bin\verify.dll

Deoptimization events (20 events):
Event: 9.059 Thread 0x0000023088658ae0 Uncommon trap: trap_request=0xffffffc6 fr.pc=0x00000230938f4a1c relative=0x0000000000000e7c
Event: 9.059 Thread 0x0000023088658ae0 Uncommon trap: reason=bimorphic_or_optimized_type_check action=maybe_recompile pc=0x00000230938f4a1c method=gnu.trove.THash.postInsertHook(Z)V @ 60 c2
Event: 9.059 Thread 0x0000023088658ae0 DEOPT PACKING pc=0x00000230938f4a1c sp=0x0000005ce83fdca0
Event: 9.059 Thread 0x0000023088658ae0 DEOPT UNPACKING pc=0x00000230930869a3 sp=0x0000005ce83fdcb8 mode 2
Event: 9.071 Thread 0x0000023088658ae0 DEOPT PACKING pc=0x000002308d4a825a sp=0x0000005ce83fd9b0
Event: 9.071 Thread 0x0000023088658ae0 DEOPT UNPACKING pc=0x0000023093087143 sp=0x0000005ce83fce38 mode 0
Event: 9.124 Thread 0x0000023088658ae0 Uncommon trap: trap_request=0xffffff45 fr.pc=0x00000230938f4914 relative=0x0000000000000d74
Event: 9.124 Thread 0x0000023088658ae0 Uncommon trap: reason=unstable_if action=reinterpret pc=0x00000230938f4914 method=gnu.trove.THash.postInsertHook(Z)V @ 1 c2
Event: 9.124 Thread 0x0000023088658ae0 DEOPT PACKING pc=0x00000230938f4914 sp=0x0000005ce83fd690
Event: 9.124 Thread 0x0000023088658ae0 DEOPT UNPACKING pc=0x00000230930869a3 sp=0x0000005ce83fd6b0 mode 2
Event: 9.125 Thread 0x0000023088658ae0 Uncommon trap: trap_request=0xffffff45 fr.pc=0x0000023093b1f774 relative=0x0000000000000434
Event: 9.125 Thread 0x0000023088658ae0 Uncommon trap: reason=unstable_if action=reinterpret pc=0x0000023093b1f774 method=gnu.trove.TObjectHash.insertionIndex(Ljava/lang/Object;)I @ 65 c2
Event: 9.125 Thread 0x0000023088658ae0 DEOPT PACKING pc=0x0000023093b1f774 sp=0x0000005ce83fd6e0
Event: 9.125 Thread 0x0000023088658ae0 DEOPT UNPACKING pc=0x00000230930869a3 sp=0x0000005ce83fd670 mode 2
Event: 9.131 Thread 0x0000023088658ae0 DEOPT PACKING pc=0x000002308c192037 sp=0x0000005ce83fc060
Event: 9.131 Thread 0x0000023088658ae0 DEOPT UNPACKING pc=0x0000023093087143 sp=0x0000005ce83fb528 mode 0
Event: 9.143 Thread 0x0000023088658ae0 Uncommon trap: trap_request=0xffffffde fr.pc=0x0000023093afda68 relative=0x00000000000000c8
Event: 9.143 Thread 0x0000023088658ae0 Uncommon trap: reason=class_check action=maybe_recompile pc=0x0000023093afda68 method=org.jetbrains.kotlin.ir.symbols.impl.IrSymbolBase.getDescriptor()Lorg/jetbrains/kotlin/descriptors/DeclarationDescriptor; @ 19 c2
Event: 9.143 Thread 0x0000023088658ae0 DEOPT PACKING pc=0x0000023093afda68 sp=0x0000005ce83fa080
Event: 9.143 Thread 0x0000023088658ae0 DEOPT UNPACKING pc=0x00000230930869a3 sp=0x0000005ce83fa018 mode 2

Classes unloaded (0 events):
No events

Classes redefined (0 events):
No events

Internal exceptions (20 events):
Event: 3.168 Thread 0x0000023088658ae0 Exception <a 'java/lang/NoSuchMethodError'{0x00000000863a3668}: 'java.lang.Object java.lang.invoke.DirectMethodHandle$Holder.invokeStaticInit(java.lang.Object, java.lang.Object, java.lang.Object)'> (0x00000000863a3668) 
thrown [s\src\hotspot\share\interpreter\linkResolver.cpp, line 771]
Event: 3.652 Thread 0x0000023088658ae0 Implicit null exception at 0x000002309361bb6c to 0x000002309361bd60
Event: 3.652 Thread 0x0000023088658ae0 Implicit null exception at 0x000002309363700f to 0x0000023093637089
Event: 4.023 Thread 0x0000023088658ae0 Exception <a 'java/lang/NoSuchMethodError'{0x000000008794a720}: 'int java.lang.invoke.DirectMethodHandle$Holder.invokeStaticInit(java.lang.Object, int)'> (0x000000008794a720) 
thrown [s\src\hotspot\share\interpreter\linkResolver.cpp, line 771]
Event: 4.057 Thread 0x0000023088658ae0 Implicit null exception at 0x00000230936f4e4c to 0x00000230936f4f40
Event: 4.152 Thread 0x0000023088658ae0 Implicit null exception at 0x0000023093885465 to 0x0000023093886e34
Event: 4.152 Thread 0x0000023088658ae0 Implicit null exception at 0x00000230936cd994 to 0x00000230936cda8c
Event: 4.200 Thread 0x0000023088658ae0 Implicit null exception at 0x00000230938803e0 to 0x0000023093881e44
Event: 4.200 Thread 0x0000023088658ae0 Implicit null exception at 0x0000023093636260 to 0x00000230936362fa
Event: 4.207 Thread 0x0000023088658ae0 Exception <a 'java/lang/NoSuchMethodError'{0x00000000870e6c20}: 'java.lang.Object java.lang.invoke.DirectMethodHandle$Holder.invokeInterface(java.lang.Object, java.lang.Object, java.lang.Object)'> (0x00000000870e6c20) 
thrown [s\src\hotspot\share\interpreter\linkResolver.cpp, line 771]
Event: 4.207 Thread 0x0000023088658ae0 Exception <a 'java/lang/IncompatibleClassChangeError'{0x00000000870ea590}: Found class java.lang.Object, but interface was expected> (0x00000000870ea590) 
thrown [s\src\hotspot\share\interpreter\linkResolver.cpp, line 838]
Event: 4.261 Thread 0x0000023088658ae0 Implicit null exception at 0x00000230938761c0 to 0x00000230938769a4
Event: 4.526 Thread 0x0000023088658ae0 Exception <a 'java/lang/NoSuchMethodError'{0x000000008ace9048}: 'java.lang.Object java.lang.invoke.DirectMethodHandle$Holder.newInvokeSpecial(java.lang.Object, java.lang.Object, java.lang.Object, java.lang.Object, java.lang.Object, java.lang.Object, java.lang.Object)'> (0x000000008ace9048) 
thrown [s\src\hotspot\share\interpreter\linkResolver.cpp, line 771]
Event: 4.527 Thread 0x0000023088658ae0 Exception <a 'java/lang/NoSuchMethodError'{0x000000008acee150}: 'java.lang.Object java.lang.invoke.Invokers$Holder.linkToTargetMethod(java.lang.Object, java.lang.Object, java.lang.Object, java.lang.Object, java.lang.Object, java.lang.Object, java.lang.Object)'> (0x000000008acee150) 
thrown [s\src\hotspot\share\interpreter\linkResolver.cpp, line 771]
Event: 4.880 Thread 0x0000023088658ae0 Exception <a 'java/lang/NoSuchMethodError'{0x0000000089b91aa0}: 'java.lang.Object java.lang.invoke.DirectMethodHandle$Holder.newInvokeSpecial(java.lang.Object, int, java.lang.Object, java.lang.Object)'> (0x0000000089b91aa0) 
thrown [s\src\hotspot\share\interpreter\linkResolver.cpp, line 771]
Event: 5.212 Thread 0x0000023088658ae0 Exception <a 'java/lang/NoSuchMethodError'{0x0000000088bd4578}: 'java.lang.Object java.lang.invoke.DirectMethodHandle$Holder.invokeStatic(java.lang.Object, int, java.lang.Object)'> (0x0000000088bd4578) 
thrown [s\src\hotspot\share\interpreter\linkResolver.cpp, line 771]
Event: 6.557 Thread 0x0000023088658ae0 Implicit null exception at 0x00000230938a7060 to 0x00000230938a7360
Event: 6.784 Thread 0x0000023088658ae0 Exception <a 'java/lang/NoSuchMethodError'{0x000000008aae6510}: 'java.lang.Object java.lang.invoke.DirectMethodHandle$Holder.newInvokeSpecial(java.lang.Object, java.lang.Object, java.lang.Object, int, int)'> (0x000000008aae6510) 
thrown [s\src\hotspot\share\interpreter\linkResolver.cpp, line 771]
Event: 6.784 Thread 0x0000023088658ae0 Exception <a 'java/lang/NoSuchMethodError'{0x000000008aaea350}: 'java.lang.Object java.lang.invoke.DirectMethodHandle$Holder.invokeSpecial(java.lang.Object, java.lang.Object, java.lang.Object, java.lang.Object, int, int)'> (0x000000008aaea350) 
thrown [s\src\hotspot\share\interpreter\linkResolver.cpp, line 771]
Event: 6.818 Thread 0x0000023088658ae0 Exception <a 'java/lang/NoSuchMethodError'{0x000000008a88a788}: 'java.lang.Object java.lang.invoke.Invokers$Holder.linkToTargetMethod(java.lang.Object, java.lang.Object, int, int, java.lang.Object, java.lang.Object, java.lang.Object, java.lang.Object, java.lang.Object)'> (0x000000008a88a788) 
thrown [s\src\hotspot\share\interpreter\linkResolver.cpp, line 771]

VM Operations (20 events):
Event: 8.778 Executing VM operation: HandshakeAllThreads done
Event: 8.781 Executing VM operation: HandshakeAllThreads
Event: 8.781 Executing VM operation: HandshakeAllThreads done
Event: 8.781 Executing VM operation: HandshakeAllThreads
Event: 8.782 Executing VM operation: HandshakeAllThreads done
Event: 8.879 Executing VM operation: HandshakeAllThreads
Event: 8.879 Executing VM operation: HandshakeAllThreads done
Event: 8.987 Executing VM operation: HandshakeAllThreads
Event: 8.987 Executing VM operation: HandshakeAllThreads done
Event: 8.987 Executing VM operation: HandshakeAllThreads
Event: 8.987 Executing VM operation: HandshakeAllThreads done
Event: 8.993 Executing VM operation: ICBufferFull
Event: 8.993 Executing VM operation: ICBufferFull done
Event: 9.061 Executing VM operation: ICBufferFull
Event: 9.061 Executing VM operation: ICBufferFull done
Event: 9.178 Executing VM operation: ICBufferFull
Event: 9.178 Executing VM operation: ICBufferFull done
Event: 9.195 Executing VM operation: G1CollectForAllocation
Event: 9.205 Executing VM operation: G1CollectForAllocation done
Event: 9.219 Executing VM operation: G1CollectForAllocation

Events (20 events):
Event: 9.005 Thread 0x00000230a2927420 flushing nmethod 0x000002308d609d90
Event: 9.005 Thread 0x00000230a2927420 flushing nmethod 0x000002308d60a790
Event: 9.005 Thread 0x00000230a2927420 flushing nmethod 0x000002308d60f210
Event: 9.005 Thread 0x00000230a2927420 flushing nmethod 0x000002308d60fd10
Event: 9.005 Thread 0x00000230a2927420 flushing nmethod 0x000002308d614810
Event: 9.005 Thread 0x00000230a2927420 flushing nmethod 0x000002308d615a90
Event: 9.005 Thread 0x00000230a2927420 flushing nmethod 0x000002308d619510
Event: 9.005 Thread 0x00000230a2927420 flushing nmethod 0x000002308d645710
Event: 9.005 Thread 0x00000230a2927420 flushing nmethod 0x000002308d654c10
Event: 9.005 Thread 0x00000230a2927420 flushing nmethod 0x000002308d66f490
Event: 9.005 Thread 0x00000230a2927420 flushing nmethod 0x000002308d670e90
Event: 9.005 Thread 0x00000230a2927420 flushing nmethod 0x000002308d673310
Event: 9.005 Thread 0x00000230a2927420 flushing nmethod 0x000002308d6af110
Event: 9.006 Thread 0x00000230a2927420 flushing nmethod 0x000002308d759310
Event: 9.006 Thread 0x00000230a2927420 flushing nmethod 0x000002308d759890
Event: 9.006 Thread 0x00000230a2927420 flushing nmethod 0x000002308d765c10
Event: 9.006 Thread 0x00000230a2927420 flushing nmethod 0x000002308d767b90
Event: 9.006 Thread 0x00000230a2927420 flushing nmethod 0x000002308d770310
Event: 9.006 Thread 0x00000230a2927420 flushing nmethod 0x000002308d773990
Event: 9.007 Thread 0x00000230a2927420 flushing nmethod 0x000002308d87b890


Dynamic libraries:
0x00007ff6d9b60000 - 0x00007ff6d9b6a000 	C:\Program Files\Android\Android Studio\jbr\bin\java.exe
0x00007ffe3ec30000 - 0x00007ffe3ee47000 	C:\WINDOWS\SYSTEM32\ntdll.dll
0x00007ffe3d370000 - 0x00007ffe3d434000 	C:\WINDOWS\System32\KERNEL32.DLL
0x00007ffe3bf40000 - 0x00007ffe3c2f7000 	C:\WINDOWS\System32\KERNELBASE.dll
0x00000000540e0000 - 0x0000000054411000 	C:\Program Files\Norton Security\NortonData\22.23.5.106\Definitions\IPSDefs\20231011.064\IPSEng64.dll
0x00007ffe3e950000 - 0x00007ffe3ea02000 	C:\WINDOWS\System32\ADVAPI32.dll
0x00007ffe3d260000 - 0x00007ffe3d307000 	C:\WINDOWS\System32\msvcrt.dll
0x00007ffe3e8a0000 - 0x00007ffe3e948000 	C:\WINDOWS\System32\sechost.dll
0x00007ffe3c420000 - 0x00007ffe3c448000 	C:\WINDOWS\System32\bcrypt.dll
0x00007ffe3d5b0000 - 0x00007ffe3d6c4000 	C:\WINDOWS\System32\RPCRT4.dll
0x00007ffe3d350000 - 0x00007ffe3d358000 	C:\WINDOWS\System32\PSAPI.DLL
0x00007ffe3c750000 - 0x00007ffe3c861000 	C:\WINDOWS\System32\ucrtbase.dll
0x00007ffe36a60000 - 0x00007ffe36a7b000 	C:\Program Files\Android\Android Studio\jbr\bin\VCRUNTIME140.dll
0x00007ffe03190000 - 0x00007ffe031a7000 	C:\Program Files\Android\Android Studio\jbr\bin\jli.dll
0x00007ffe3e0a0000 - 0x00007ffe3e24f000 	C:\WINDOWS\System32\USER32.dll
0x00007ffe3c4f0000 - 0x00007ffe3c516000 	C:\WINDOWS\System32\win32u.dll
0x00007ffe26230000 - 0x00007ffe264c3000 	C:\WINDOWS\WinSxS\amd64_microsoft.windows.common-controls_6595b64144ccf1df_6.0.22621.3672_none_2713b9d173822955\COMCTL32.dll
0x00007ffe3ea10000 - 0x00007ffe3ea39000 	C:\WINDOWS\System32\GDI32.dll
0x00007ffe3c300000 - 0x00007ffe3c418000 	C:\WINDOWS\System32\gdi32full.dll
0x00007ffe3c450000 - 0x00007ffe3c4ea000 	C:\WINDOWS\System32\msvcp_win.dll
0x00007ffe3d310000 - 0x00007ffe3d341000 	C:\WINDOWS\System32\IMM32.DLL
0x00007ffe38960000 - 0x00007ffe3896c000 	C:\Program Files\Android\Android Studio\jbr\bin\vcruntime140_1.dll
0x00007ffdd8050000 - 0x00007ffdd80dd000 	C:\Program Files\Android\Android Studio\jbr\bin\msvcp140.dll
0x00007ffdb8de0000 - 0x00007ffdb9a63000 	C:\Program Files\Android\Android Studio\jbr\bin\server\jvm.dll
0x00007ffe25160000 - 0x00007ffe25169000 	C:\WINDOWS\SYSTEM32\WSOCK32.dll
0x00007ffe3adb0000 - 0x00007ffe3adfd000 	C:\WINDOWS\SYSTEM32\POWRPROF.dll
0x00007ffe2a130000 - 0x00007ffe2a164000 	C:\WINDOWS\SYSTEM32\WINMM.dll
0x00007ffe38660000 - 0x00007ffe3866a000 	C:\WINDOWS\SYSTEM32\VERSION.dll
0x00007ffe3cd60000 - 0x00007ffe3cdd1000 	C:\WINDOWS\System32\WS2_32.dll
0x00007ffe3ad90000 - 0x00007ffe3ada3000 	C:\WINDOWS\SYSTEM32\UMPDC.dll
0x00007ffe3b040000 - 0x00007ffe3b058000 	C:\WINDOWS\SYSTEM32\kernel.appcore.dll
0x00007ffe36b00000 - 0x00007ffe36b0a000 	C:\Program Files\Android\Android Studio\jbr\bin\jimage.dll
0x00007ffe294e0000 - 0x00007ffe29712000 	C:\WINDOWS\SYSTEM32\DBGHELP.DLL
0x00007ffe3e510000 - 0x00007ffe3e89e000 	C:\WINDOWS\System32\combase.dll
0x00007ffe3e430000 - 0x00007ffe3e507000 	C:\WINDOWS\System32\OLEAUT32.dll
0x00007ffe22d00000 - 0x00007ffe22d32000 	C:\WINDOWS\SYSTEM32\dbgcore.DLL
0x00007ffe3c8e0000 - 0x00007ffe3c95b000 	C:\WINDOWS\System32\bcryptPrimitives.dll
0x00007ffe04830000 - 0x00007ffe04855000 	C:\Program Files\Android\Android Studio\jbr\bin\java.dll
0x00007ffe22270000 - 0x00007ffe22288000 	C:\Program Files\Android\Android Studio\jbr\bin\zip.dll
0x00007ffe3d6d0000 - 0x00007ffe3df39000 	C:\WINDOWS\System32\SHELL32.dll
0x00007ffe39e70000 - 0x00007ffe3a76f000 	C:\WINDOWS\SYSTEM32\windows.storage.dll
0x00007ffe39d30000 - 0x00007ffe39e6f000 	C:\WINDOWS\SYSTEM32\wintypes.dll
0x00007ffe3cad0000 - 0x00007ffe3cbc9000 	C:\WINDOWS\System32\SHCORE.dll
0x00007ffe3d550000 - 0x00007ffe3d5ae000 	C:\WINDOWS\System32\shlwapi.dll
0x00007ffe3be70000 - 0x00007ffe3be97000 	C:\WINDOWS\SYSTEM32\profapi.dll
0x00007ffe22220000 - 0x00007ffe22239000 	C:\Program Files\Android\Android Studio\jbr\bin\net.dll
0x00007ffe38680000 - 0x00007ffe387b6000 	C:\WINDOWS\SYSTEM32\WINHTTP.dll
0x00007ffe3b4a0000 - 0x00007ffe3b509000 	C:\WINDOWS\system32\mswsock.dll
0x00007ffe09dc0000 - 0x00007ffe09dd6000 	C:\Program Files\Android\Android Studio\jbr\bin\nio.dll
0x00007ffe05480000 - 0x00007ffe05490000 	C:\Program Files\Android\Android Studio\jbr\bin\verify.dll

dbghelp: loaded successfully - version: 4.0.5 - missing functions: none
symbol engine: initialized successfully - sym options: 0x614 - pdb path: .;C:\Program Files\Android\Android Studio\jbr\bin;C:\WINDOWS\SYSTEM32;C:\Program Files\Norton Security\NortonData\22.23.5.106\Definitions\IPSDefs\20231011.064;C:\WINDOWS\WinSxS\amd64_microsoft.windows.common-controls_6595b64144ccf1df_6.0.22621.3672_none_2713b9d173822955;C:\Program Files\Android\Android Studio\jbr\bin\server

VM Arguments:
java_command: org.jetbrains.kotlin.cli.jvm.K2JVMCompiler @C:\Users\dever\AndroidStudioProjects\IntelliQuiz\app\build\20241014_5447476609337331962.compiler.options
java_class_path (initial): C:\Users\dever\.gradle\caches\modules-2\files-2.1\org.jetbrains.kotlin\kotlin-compiler-embeddable\1.9.0\2c8c3a7402becca891f12739b3e9fd2dc2adbd7a\kotlin-compiler-embeddable-1.9.0.jar;C:\Users\dever\.gradle\caches\modules-2\files-2.1\org.jetbrains.kotlin\kotlin-stdlib\1.9.0\8ee15ef0c67dc83d874f412d84378d7f0eb50b63\kotlin-stdlib-1.9.0.jar;C:\Users\dever\.gradle\caches\modules-2\files-2.1\org.jetbrains.kotlin\kotlin-script-runtime\1.9.0\4b3102cbbb7e1b58d9d1adf89563f00069ffa7d1\kotlin-script-runtime-1.9.0.jar;C:\Users\dever\.gradle\caches\modules-2\files-2.1\org.jetbrains.kotlin\kotlin-reflect\1.6.10\1cbe9c92c12a94eea200d23c2bbaedaf3daf5132\kotlin-reflect-1.6.10.jar;C:\Users\dever\.gradle\caches\modules-2\files-2.1\org.jetbrains.kotlin\kotlin-daemon-embeddable\1.9.0\186543f5e28cf8d9a0290fecc2cf34301c40a65c\kotlin-daemon-embeddable-1.9.0.jar;C:\Users\dever\.gradle\caches\modules-2\files-2.1\org.jetbrains.intellij.deps\trove4j\1.0.20200330\3afb14d5f9ceb459d724e907a21145e8ff394f02\trove4j-1.0.20200330.jar;C:\Users\dever\.gradle\caches\modules-2\files-2.1\org.jetbrains.kotlin\kotlin-stdlib-common\1.9.0\cd65c21cfd1eec4d44ef09f9f52b6d9f8a720636\kotlin-stdlib-common-1.9.0.jar;C:\Users\dever\.gradle\caches\modules-2\files-2.1\org.jetbrains\annotations\13.0\919f0dfe192fb4e063e7dacadee7f8bb9a2672a9\annotations-13.0.jar
Launcher Type: SUN_STANDARD

[Global flags]
     intx CICompilerCount                          = 4                                         {product} {ergonomic}
     uint ConcGCThreads                            = 3                                         {product} {ergonomic}
     uint G1ConcRefinementThreads                  = 10                                        {product} {ergonomic}
   size_t G1HeapRegionSize                         = 1048576                                   {product} {ergonomic}
    uintx GCDrainStackTargetSize                   = 64                                        {product} {ergonomic}
   size_t InitialHeapSize                          = 132120576                                 {product} {ergonomic}
   size_t MarkStackSize                            = 4194304                                   {product} {ergonomic}
   size_t MaxHeapSize                              = 2101346304                                {product} {ergonomic}
   size_t MaxNewSize                               = 1260388352                                {product} {ergonomic}
   size_t MinHeapDeltaBytes                        = 1048576                                   {product} {ergonomic}
   size_t MinHeapSize                              = 8388608                                   {product} {ergonomic}
    uintx NonNMethodCodeHeapSize                   = 5839372                                {pd product} {ergonomic}
    uintx NonProfiledCodeHeapSize                  = 122909434                              {pd product} {ergonomic}
    uintx ProfiledCodeHeapSize                     = 122909434                              {pd product} {ergonomic}
    uintx ReservedCodeCacheSize                    = 251658240                              {pd product} {ergonomic}
     bool SegmentedCodeCache                       = true                                      {product} {ergonomic}
   size_t SoftMaxHeapSize                          = 2101346304                             {manageable} {ergonomic}
     bool UseCompressedClassPointers               = true                           {product lp64_product} {ergonomic}
     bool UseCompressedOops                        = true                           {product lp64_product} {ergonomic}
     bool UseG1GC                                  = true                                      {product} {ergonomic}
     bool UseLargePagesIndividualAllocation        = false                                  {pd product} {ergonomic}

Logging:
Log output configuration:
 #0: stdout all=warning uptime,level,tags
 #1: stderr all=off uptime,level,tags

Environment Variables:
PATH=C:\Program Files\Common Files\Oracle\Java\javapath;C:\Windows\system32;C:\Windows;C:\Windows\System32\Wbem;C:\Windows\System32\WindowsPowerShell\v1.0\;C:\Windows\System32\OpenSSH\;C:\Program Files (x86)\NVIDIA Corporation\PhysX\Common;C:\Program Files\NVIDIA Corporation\NVIDIA NvDLISR;C:\WINDOWS\system32;C:\WINDOWS;C:\WINDOWS\System32\Wbem;C:\WINDOWS\System32\WindowsPowerShell\v1.0\;C:\WINDOWS\System32\OpenSSH\;C:\sqlite3;C:\Program Files\Git\cmd;C:\xampp\php;C:\ProgramData\ComposerSetup\bin;C:\Users\dever\AppData\Local\Programs\Python\Python311\Scripts\;C:\Users\dever\AppData\Local\Programs\Python\Python311\;C:\Users\dever\AppData\Local\Microsoft\WindowsApps;;C:\Users\dever\AppData\Local\Programs\Microsoft VS Code\bin;C:\Users\dever\AppData\Roaming\Composer\vendor\bin
USERNAME=Marian
OS=Windows_NT
PROCESSOR_IDENTIFIER=Intel64 Family 6 Model 165 Stepping 2, GenuineIntel
TMP=C:\Users\dever\AppData\Local\Temp
TEMP=C:\Users\dever\AppData\Local\Temp



Periodic native trim disabled

JNI global refs:
JNI global refs: 11, weak refs: 10

JNI global refs memory usage: 843, weak refs: 841

Process memory usage:
Resident Set Size: 375500K (4% of 8206124K total physical memory with 401764K free physical memory)

OOME stack traces (most recent first):
Classloader memory used:
Loader jdk.internal.loader.ClassLoaders$AppClassLoader                                 : 9234K
Loader bootstrap                                                                       : 1399K
Loader jdk.internal.reflect.DelegatingClassLoader                                      : 18094B


---------------  S Y S T E M  ---------------

OS:
 Windows 11 , 64 bit Build 22621 (10.0.22621.3958)
OS uptime: 0 days 4:27 hours
Hyper-V role detected

CPU: total 12 (initial active 12) (6 cores per cpu, 2 threads per core) family 6 model 165 stepping 2 microcode 0xe2, cx8, cmov, fxsr, ht, mmx, 3dnowpref, sse, sse2, sse3, ssse3, sse4.1, sse4.2, popcnt, lzcnt, tsc, tscinvbit, avx, avx2, aes, erms, clmul, bmi1, bmi2, adx, fma, vzeroupper, clflush, clflushopt, hv
Processor Information for all 12 processors :
  Max Mhz: 2496, Current Mhz: 2496, Mhz Limit: 2496

Memory: 4k page, system-wide physical 8013M (392M free)
TotalPageFile size 16205M (AvailPageFile size 76M)
current process WorkingSet (physical memory assigned to process): 366M, peak: 366M
current process commit charge ("private bytes"): 405M, peak: 538M

vm_info: OpenJDK 64-Bit Server VM (17.0.11+0--11852314) for windows-amd64 JRE (17.0.11+0--11852314), built on May 16 2024 21:29:20 by "androidbuild" with MS VC++ 16.10 / 16.11 (VS2019)

END.
