#
# There is insufficient memory for the Java Runtime Environment to continue.
# Native memory allocation (mmap) failed to map 17825792 bytes. Error detail: G1 virtual space
# Possible reasons:
#   The system is out of physical RAM or swap space
#   This process is running with CompressedOops enabled, and the Java Heap may be blocking the growth of the native heap
# Possible solutions:
#   Reduce memory load on the system
#   Increase physical memory or swap space
#   Check if swap backing store is full
#   Decrease Java heap size (-Xmx/-Xms)
#   Decrease number of Java threads
#   Decrease Java thread stack sizes (-Xss)
#   Set larger code cache with -XX:ReservedCodeCacheSize=
#   JVM is running with Unscaled Compressed Oops mode in which the Java heap is
#     placed in the first 4GB address space. The Java Heap base address is the
#     maximum limit for the native heap growth. Please use -XX:HeapBaseMinAddress
#     to set the Java Heap base and to place the Java Heap above 4GB virtual address.
# This output file may be truncated or incomplete.
#
#  Out of Memory Error (os_windows.cpp:3825), pid=19132, tid=21560
#
# JRE version: OpenJDK Runtime Environment (17.0.11) (build 17.0.11+0--11852314)
# Java VM: OpenJDK 64-Bit Server VM (17.0.11+0--11852314, mixed mode, tiered, compressed oops, compressed class ptrs, g1 gc, windows-amd64)
# No core dump will be written. Minidumps are not enabled by default on client versions of Windows
#

---------------  S U M M A R Y ------------

Command Line: org.jetbrains.kotlin.cli.jvm.K2JVMCompiler @C:\Users\dever\AndroidStudioProjects\IntelliQuiz\app\build\20240920_7872657214617878275.compiler.options

Host: Intel(R) Core(TM) i5-10500H CPU @ 2.50GHz, 12 cores, 7G,  Windows 11 , 64 bit Build 22621 (10.0.22621.3958)
Time: Fri Sep 20 19:27:56 2024 Malay Peninsula Standard Time elapsed time: 6.205692 seconds (0d 0h 0m 6s)

---------------  T H R E A D  ---------------

Current thread (0x000001bceeb3a720):  VMThread "VM Thread" [stack: 0x000000232a600000,0x000000232a700000] [id=21560]

Stack: [0x000000232a600000,0x000000232a700000]
Native frames: (J=compiled Java code, j=interpreted, Vv=VM code, C=native code)
V  [jvm.dll+0x687bb9]
V  [jvm.dll+0x84142a]
V  [jvm.dll+0x8430ae]
V  [jvm.dll+0x843713]
V  [jvm.dll+0x24a35f]
V  [jvm.dll+0x684989]
V  [jvm.dll+0x67923a]
V  [jvm.dll+0x30af0b]
V  [jvm.dll+0x3123b6]
V  [jvm.dll+0x361dfe]
V  [jvm.dll+0x36202f]
V  [jvm.dll+0x2e0d38]
V  [jvm.dll+0x2df144]
V  [jvm.dll+0x2de74c]
V  [jvm.dll+0x32305b]
V  [jvm.dll+0x847e0b]
V  [jvm.dll+0x848b42]
V  [jvm.dll+0x84905d]
V  [jvm.dll+0x849434]
V  [jvm.dll+0x849500]
V  [jvm.dll+0x7efa4a]
V  [jvm.dll+0x686a35]
C  [ucrtbase.dll+0x29333]
C  [KERNEL32.DLL+0x1257d]
C  [ntdll.dll+0x5af28]

VM_Operation (0x000000232a0fa700): G1CollectForAllocation, mode: safepoint, requested by thread 0x000001bcd48a85c0


---------------  P R O C E S S  ---------------

Threads class SMR info:
_java_thread_list=0x000001bcf547b590, length=13, elements={
0x000001bcd48a85c0, 0x000001bcee332af0, 0x000001bceeb4d180, 0x000001bceeb26830,
0x000001bceeb57380, 0x000001bceeb5bc60, 0x000001bceeb763f0, 0x000001bceeb7a1c0,
0x000001bceeb82ee0, 0x000001bceeb83fd0, 0x000001bceecfdb80, 0x000001bceed0b530,
0x000001bcf544e9c0
}

Java Threads: ( => current thread )
  0x000001bcd48a85c0 JavaThread "main" [_thread_blocked, id=12948, stack(0x000000232a000000,0x000000232a100000)]
  0x000001bcee332af0 JavaThread "Reference Handler" daemon [_thread_blocked, id=11112, stack(0x000000232a700000,0x000000232a800000)]
  0x000001bceeb4d180 JavaThread "Finalizer" daemon [_thread_blocked, id=5488, stack(0x000000232a800000,0x000000232a900000)]
  0x000001bceeb26830 JavaThread "Signal Dispatcher" daemon [_thread_blocked, id=20484, stack(0x000000232a900000,0x000000232aa00000)]
  0x000001bceeb57380 JavaThread "Attach Listener" daemon [_thread_blocked, id=15264, stack(0x000000232aa00000,0x000000232ab00000)]
  0x000001bceeb5bc60 JavaThread "Service Thread" daemon [_thread_blocked, id=2100, stack(0x000000232ab00000,0x000000232ac00000)]
  0x000001bceeb763f0 JavaThread "Monitor Deflation Thread" daemon [_thread_blocked, id=23056, stack(0x000000232ac00000,0x000000232ad00000)]
  0x000001bceeb7a1c0 JavaThread "C2 CompilerThread0" daemon [_thread_blocked, id=19308, stack(0x000000232ad00000,0x000000232ae00000)]
  0x000001bceeb82ee0 JavaThread "C1 CompilerThread0" daemon [_thread_blocked, id=18956, stack(0x000000232ae00000,0x000000232af00000)]
  0x000001bceeb83fd0 JavaThread "Sweeper thread" daemon [_thread_blocked, id=6964, stack(0x000000232af00000,0x000000232b000000)]
  0x000001bceecfdb80 JavaThread "Notification Thread" daemon [_thread_blocked, id=23440, stack(0x000000232b000000,0x000000232b100000)]
  0x000001bceed0b530 JavaThread "Common-Cleaner" daemon [_thread_blocked, id=15292, stack(0x000000232b200000,0x000000232b300000)]
  0x000001bcf544e9c0 JavaThread "C2 CompilerThread1" daemon [_thread_blocked, id=21988, stack(0x000000232be00000,0x000000232bf00000)]

Other Threads:
=>0x000001bceeb3a720 VMThread "VM Thread" [stack: 0x000000232a600000,0x000000232a700000] [id=21560]
  0x000001bceecff070 WatcherThread [stack: 0x000000232b100000,0x000000232b200000] [id=21512]
  0x000001bcd4904b10 GCTaskThread "GC Thread#0" [stack: 0x000000232a100000,0x000000232a200000] [id=22196]
  0x000001bcf33e93c0 GCTaskThread "GC Thread#1" [stack: 0x000000232b300000,0x000000232b400000] [id=20444]
  0x000001bcf33e9680 GCTaskThread "GC Thread#2" [stack: 0x000000232b400000,0x000000232b500000] [id=19540]
  0x000001bcf33ef3f0 GCTaskThread "GC Thread#3" [stack: 0x000000232b500000,0x000000232b600000] [id=8684]
  0x000001bcf33ef6b0 GCTaskThread "GC Thread#4" [stack: 0x000000232b600000,0x000000232b700000] [id=20900]
  0x000001bcf3b88430 GCTaskThread "GC Thread#5" [stack: 0x000000232b700000,0x000000232b800000] [id=14256]
  0x000001bcf3ab9c00 GCTaskThread "GC Thread#6" [stack: 0x000000232b800000,0x000000232b900000] [id=14888]
  0x000001bcf3bd53a0 GCTaskThread "GC Thread#7" [stack: 0x000000232b900000,0x000000232ba00000] [id=22052]
  0x000001bcf3bd5e80 GCTaskThread "GC Thread#8" [stack: 0x000000232ba00000,0x000000232bb00000] [id=9332]
  0x000001bcf3400490 GCTaskThread "GC Thread#9" [stack: 0x000000232bd00000,0x000000232be00000] [id=5980]
  0x000001bcd49153e0 ConcurrentGCThread "G1 Main Marker" [stack: 0x000000232a200000,0x000000232a300000] [id=7156]
  0x000001bcd49180f0 ConcurrentGCThread "G1 Conc#0" [stack: 0x000000232a300000,0x000000232a400000] [id=22652]
  0x000001bcf3400750 ConcurrentGCThread "G1 Conc#1" [stack: 0x000000232bb00000,0x000000232bc00000] [id=14412]
  0x000001bcf33fff10 ConcurrentGCThread "G1 Conc#2" [stack: 0x000000232bc00000,0x000000232bd00000] [id=8264]
  0x000001bcd492ebe0 ConcurrentGCThread "G1 Refine#0" [stack: 0x000000232a400000,0x000000232a500000] [id=14448]
  0x000001bcee1dd810 ConcurrentGCThread "G1 Service" [stack: 0x000000232a500000,0x000000232a600000] [id=17116]

Threads with active compile tasks:
C2 CompilerThread0     6224 3150       4       org.jetbrains.org.objectweb.asm.ClassReader::readMethod (1061 bytes)
C2 CompilerThread1     6224 3195   !   4       org.jetbrains.kotlin.metadata.ProtoBuf$Type::<init> (875 bytes)

VM state: at safepoint (normal execution)

VM Mutex/Monitor currently owned by a thread:  ([mutex/lock_event])
[0x000001bcd48a32e0] Threads_lock - owner thread: 0x000001bceeb3a720
[0x000001bcd48a4960] Heap_lock - owner thread: 0x000001bcd48a85c0

Heap address: 0x0000000082c00000, size: 2004 MB, Compressed Oops mode: 32-bit

CDS archive(s) not mapped
Compressed class space mapped at: 0x0000000100000000-0x0000000140000000, reserved size: 1073741824
Narrow klass base: 0x0000000000000000, Narrow klass shift: 3, Narrow klass range: 0x140000000

GC Precious Log:
 CPUs: 12 total, 12 available
 Memory: 8013M
 Large Page Support: Disabled
 NUMA Support: Disabled
 Compressed Oops: Enabled (32-bit)
 Heap Region Size: 1M
 Heap Min Capacity: 8M
 Heap Initial Capacity: 126M
 Heap Max Capacity: 2004M
 Pre-touch: Disabled
 Parallel Workers: 10
 Concurrent Workers: 3
 Concurrent Refinement Workers: 10
 Periodic GC: Disabled

Heap:
 garbage-first heap   total 57344K, used 31071K [0x0000000082c00000, 0x0000000100000000)
  region size 1024K, 2 young (2048K), 2 survivors (2048K)
 Metaspace       used 46580K, committed 46848K, reserved 1114112K
  class space    used 5695K, committed 5824K, reserved 1048576K

Heap Regions: E=young(eden), S=young(survivor), O=old, HS=humongous(starts), HC=humongous(continues), CS=collection set, F=free, OA=open archive, CA=closed archive, TAMS=top-at-mark-start (previous, next)
|   0|0x0000000082c00000, 0x0000000082d00000, 0x0000000082d00000|100%|HS|  |TAMS 0x0000000082d00000, 0x0000000082d00000| Complete 
|   1|0x0000000082d00000, 0x0000000082e00000, 0x0000000082e00000|100%|HC|  |TAMS 0x0000000082e00000, 0x0000000082e00000| Complete 
|   2|0x0000000082e00000, 0x0000000082f00000, 0x0000000082f00000|100%|HC|  |TAMS 0x0000000082f00000, 0x0000000082f00000| Complete 
|   3|0x0000000082f00000, 0x0000000083000000, 0x0000000083000000|100%|HC|  |TAMS 0x0000000083000000, 0x0000000083000000| Complete 
|   4|0x0000000083000000, 0x0000000083100000, 0x0000000083100000|100%| O|  |TAMS 0x0000000083100000, 0x0000000083100000| Untracked 
|   5|0x0000000083100000, 0x0000000083200000, 0x0000000083200000|100%| O|  |TAMS 0x0000000083200000, 0x0000000083200000| Untracked 
|   6|0x0000000083200000, 0x0000000083300000, 0x0000000083300000|100%| O|  |TAMS 0x0000000083300000, 0x0000000083300000| Untracked 
|   7|0x0000000083300000, 0x0000000083400000, 0x0000000083400000|100%| O|  |TAMS 0x0000000083400000, 0x0000000083400000| Untracked 
|   8|0x0000000083400000, 0x0000000083500000, 0x0000000083500000|100%| O|  |TAMS 0x0000000083500000, 0x0000000083500000| Untracked 
|   9|0x0000000083500000, 0x0000000083600000, 0x0000000083600000|100%| O|  |TAMS 0x0000000083600000, 0x0000000083600000| Untracked 
|  10|0x0000000083600000, 0x0000000083700000, 0x0000000083700000|100%| O|  |TAMS 0x0000000083700000, 0x0000000083700000| Untracked 
|  11|0x0000000083700000, 0x0000000083800000, 0x0000000083800000|100%| O|  |TAMS 0x0000000083800000, 0x0000000083800000| Untracked 
|  12|0x0000000083800000, 0x0000000083900000, 0x0000000083900000|100%| O|  |TAMS 0x0000000083800000, 0x0000000083900000| Untracked 
|  13|0x0000000083900000, 0x0000000083a00000, 0x0000000083a00000|100%| O|  |TAMS 0x0000000083900000, 0x0000000083a00000| Untracked 
|  14|0x0000000083a00000, 0x0000000083b00000, 0x0000000083b00000|100%| O|  |TAMS 0x0000000083b00000, 0x0000000083b00000| Untracked 
|  15|0x0000000083b00000, 0x0000000083c00000, 0x0000000083c00000|100%| O|  |TAMS 0x0000000083c00000, 0x0000000083c00000| Untracked 
|  16|0x0000000083c00000, 0x0000000083d00000, 0x0000000083d00000|100%| O|  |TAMS 0x0000000083d00000, 0x0000000083d00000| Untracked 
|  17|0x0000000083d00000, 0x0000000083e00000, 0x0000000083e00000|100%| O|  |TAMS 0x0000000083d00000, 0x0000000083e00000| Untracked 
|  18|0x0000000083e00000, 0x0000000083f00000, 0x0000000083f00000|100%| O|  |TAMS 0x0000000083e00000, 0x0000000083f00000| Untracked 
|  19|0x0000000083f00000, 0x0000000084000000, 0x0000000084000000|100%| O|  |TAMS 0x0000000083f00000, 0x0000000084000000| Untracked 
|  20|0x0000000084000000, 0x0000000084100000, 0x0000000084100000|100%| O|  |TAMS 0x000000008403f000, 0x0000000084100000| Untracked 
|  21|0x0000000084100000, 0x0000000084200000, 0x0000000084200000|100%|HS|  |TAMS 0x0000000084100000, 0x0000000084200000| Complete 
|  22|0x0000000084200000, 0x0000000084300000, 0x0000000084300000|100%|HC|  |TAMS 0x0000000084200000, 0x0000000084300000| Complete 
|  23|0x0000000084300000, 0x0000000084400000, 0x0000000084400000|100%| O|  |TAMS 0x0000000084300000, 0x0000000084300000| Untracked 
|  24|0x0000000084400000, 0x0000000084500000, 0x0000000084500000|100%| O|  |TAMS 0x0000000084400000, 0x0000000084500000| Untracked 
|  25|0x0000000084500000, 0x0000000084600000, 0x0000000084600000|100%| O|  |TAMS 0x0000000084500000, 0x0000000084600000| Untracked 
|  26|0x0000000084600000, 0x0000000084700000, 0x0000000084700000|100%| O|  |TAMS 0x0000000084600000, 0x00000000846b8e00| Untracked 
|  27|0x0000000084700000, 0x0000000084800000, 0x0000000084800000|100%| O|  |TAMS 0x0000000084700000, 0x0000000084700000| Untracked 
|  28|0x0000000084800000, 0x00000000848d3600, 0x0000000084900000| 82%| O|  |TAMS 0x0000000084800000, 0x0000000084800000| Untracked 
|  29|0x0000000084900000, 0x0000000084900000, 0x0000000084a00000|  0%| F|  |TAMS 0x0000000084900000, 0x0000000084900000| Untracked 
|  30|0x0000000084a00000, 0x0000000084a00000, 0x0000000084b00000|  0%| F|  |TAMS 0x0000000084a00000, 0x0000000084a00000| Untracked 
|  31|0x0000000084b00000, 0x0000000084b00000, 0x0000000084c00000|  0%| F|  |TAMS 0x0000000084b00000, 0x0000000084b00000| Untracked 
|  32|0x0000000084c00000, 0x0000000084c00000, 0x0000000084d00000|  0%| F|  |TAMS 0x0000000084c00000, 0x0000000084c00000| Untracked 
|  33|0x0000000084d00000, 0x0000000084d00000, 0x0000000084e00000|  0%| F|  |TAMS 0x0000000084d00000, 0x0000000084d00000| Untracked 
|  34|0x0000000084e00000, 0x0000000084e00000, 0x0000000084f00000|  0%| F|  |TAMS 0x0000000084e00000, 0x0000000084e00000| Untracked 
|  35|0x0000000084f00000, 0x0000000084f00000, 0x0000000085000000|  0%| F|  |TAMS 0x0000000084f00000, 0x0000000084f00000| Untracked 
|  36|0x0000000085000000, 0x0000000085000000, 0x0000000085100000|  0%| F|  |TAMS 0x0000000085000000, 0x0000000085000000| Untracked 
|  37|0x0000000085100000, 0x0000000085100000, 0x0000000085200000|  0%| F|  |TAMS 0x0000000085100000, 0x0000000085100000| Untracked 
|  38|0x0000000085200000, 0x0000000085200000, 0x0000000085300000|  0%| F|  |TAMS 0x0000000085200000, 0x0000000085200000| Untracked 
|  39|0x0000000085300000, 0x0000000085300000, 0x0000000085400000|  0%| F|  |TAMS 0x0000000085300000, 0x0000000085300000| Untracked 
|  40|0x0000000085400000, 0x0000000085484690, 0x0000000085500000| 51%| S|CS|TAMS 0x0000000085400000, 0x0000000085400000| Complete 
|  41|0x0000000085500000, 0x0000000085600000, 0x0000000085600000|100%| S|CS|TAMS 0x0000000085500000, 0x0000000085500000| Complete 
|  42|0x0000000085600000, 0x0000000085600000, 0x0000000085700000|  0%| F|  |TAMS 0x0000000085600000, 0x0000000085600000| Untracked 
|  43|0x0000000085700000, 0x0000000085700000, 0x0000000085800000|  0%| F|  |TAMS 0x0000000085700000, 0x0000000085700000| Untracked 
|  44|0x0000000085800000, 0x0000000085800000, 0x0000000085900000|  0%| F|  |TAMS 0x0000000085800000, 0x0000000085800000| Untracked 
|  45|0x0000000085900000, 0x0000000085900000, 0x0000000085a00000|  0%| F|  |TAMS 0x0000000085900000, 0x0000000085900000| Untracked 
|  46|0x0000000085a00000, 0x0000000085a00000, 0x0000000085b00000|  0%| F|  |TAMS 0x0000000085a00000, 0x0000000085a00000| Untracked 
|  47|0x0000000085b00000, 0x0000000085b00000, 0x0000000085c00000|  0%| F|  |TAMS 0x0000000085b00000, 0x0000000085b00000| Untracked 
|  48|0x0000000085c00000, 0x0000000085c00000, 0x0000000085d00000|  0%| F|  |TAMS 0x0000000085c00000, 0x0000000085c00000| Untracked 
|  49|0x0000000085d00000, 0x0000000085d00000, 0x0000000085e00000|  0%| F|  |TAMS 0x0000000085d00000, 0x0000000085d00000| Untracked 
|  50|0x0000000085e00000, 0x0000000085e00000, 0x0000000085f00000|  0%| F|  |TAMS 0x0000000085e00000, 0x0000000085e00000| Untracked 
|  88|0x0000000088400000, 0x0000000088400000, 0x0000000088500000|  0%| F|  |TAMS 0x0000000088400000, 0x0000000088400000| Untracked 
|  89|0x0000000088500000, 0x0000000088500000, 0x0000000088600000|  0%| F|  |TAMS 0x0000000088500000, 0x0000000088500000| Untracked 
|  90|0x0000000088600000, 0x0000000088600000, 0x0000000088700000|  0%| F|  |TAMS 0x0000000088600000, 0x0000000088600000| Untracked 
|  91|0x0000000088700000, 0x0000000088700000, 0x0000000088800000|  0%| F|  |TAMS 0x0000000088700000, 0x0000000088700000| Untracked 
| 125|0x000000008a900000, 0x000000008a900000, 0x000000008aa00000|  0%| F|  |TAMS 0x000000008a900000, 0x000000008a900000| Untracked 

Card table byte_map: [0x000001bce7690000,0x000001bce7a80000] _byte_map_base: 0x000001bce727a000

Marking Bits (Prev, Next): (CMBitMap*) 0x000001bcd4905030, (CMBitMap*) 0x000001bcd4905070
 Prev Bits: [0x000001bce7e70000, 0x000001bce9dc0000)
 Next Bits: [0x000001bce9dc0000, 0x000001bcebd10000)

Polling page: 0x000001bcd4030000

Metaspace:

Usage:
  Non-class:     39.93 MB used.
      Class:      5.56 MB used.
       Both:     45.49 MB used.

Virtual space:
  Non-class space:       64.00 MB reserved,      40.06 MB ( 63%) committed,  1 nodes.
      Class space:        1.00 GB reserved,       5.69 MB ( <1%) committed,  1 nodes.
             Both:        1.06 GB reserved,      45.75 MB (  4%) committed. 

Chunk freelists:
   Non-Class:  7.42 MB
       Class:  10.30 MB
        Both:  17.72 MB

MaxMetaspaceSize: unlimited
CompressedClassSpaceSize: 1.00 GB
Initial GC threshold: 21.00 MB
Current GC threshold: 59.06 MB
CDS: off
MetaspaceReclaimPolicy: balanced
 - commit_granule_bytes: 65536.
 - commit_granule_words: 8192.
 - virtual_space_node_default_size: 8388608.
 - enlarge_chunks_in_place: 1.
 - new_chunks_are_fully_committed: 0.
 - uncommit_free_chunks: 1.
 - use_allocation_guard: 0.
 - handle_deallocations: 1.


Internal statistics:

num_allocs_failed_limit: 6.
num_arena_births: 164.
num_arena_deaths: 0.
num_vsnodes_births: 2.
num_vsnodes_deaths: 0.
num_space_committed: 731.
num_space_uncommitted: 0.
num_chunks_returned_to_freelist: 6.
num_chunks_taken_from_freelist: 1460.
num_chunk_merges: 6.
num_chunk_splits: 1244.
num_chunks_enlarged: 1141.
num_inconsistent_stats: 0.

CodeHeap 'non-profiled nmethods': size=120000Kb used=1366Kb max_used=1366Kb free=118633Kb
 bounds [0x000001bcdf820000, 0x000001bcdfa90000, 0x000001bce6d50000]
CodeHeap 'profiled nmethods': size=120000Kb used=6912Kb max_used=6912Kb free=113087Kb
 bounds [0x000001bcd7d50000, 0x000001bcd8420000, 0x000001bcdf280000]
CodeHeap 'non-nmethods': size=5760Kb used=1259Kb max_used=1340Kb free=4500Kb
 bounds [0x000001bcdf280000, 0x000001bcdf4f0000, 0x000001bcdf820000]
 total_blobs=3831 nmethods=3260 adapters=483
 compilation: enabled
              stopped_count=0, restarted_count=0
 full_count=0

Compilation events (20 events):
Event: 5.620 Thread 0x000001bceeb82ee0 3280       2       org.jetbrains.kotlin.serialization.deserialization.descriptors.DeserializedMemberScope$OptimizedImplementation::packToByteArray (262 bytes)
Event: 5.621 Thread 0x000001bceeb82ee0 nmethod 3280 0x000001bcd840c910 code [0x000001bcd840cc60, 0x000001bcd840d7c8]
Event: 5.621 Thread 0x000001bceeb82ee0 3279       2       kotlin.properties.ObservableProperty::getValue (11 bytes)
Event: 5.621 Thread 0x000001bceeb82ee0 nmethod 3279 0x000001bcd840e210 code [0x000001bcd840e3e0, 0x000001bcd840e678]
Event: 5.621 Thread 0x000001bceeb82ee0 3278       1       org.jetbrains.kotlin.load.kotlin.JvmPackagePartSource::getClassName (5 bytes)
Event: 5.621 Thread 0x000001bceeb82ee0 nmethod 3278 0x000001bcdf975490 code [0x000001bcdf975620, 0x000001bcdf9756f8]
Event: 5.621 Thread 0x000001bceeb82ee0 3277       1       org.jetbrains.kotlin.metadata.ProtoBuf$Property::getContextReceiverTypeIdList (5 bytes)
Event: 5.621 Thread 0x000001bceeb82ee0 nmethod 3277 0x000001bcdf975790 code [0x000001bcdf975920, 0x000001bcdf9759f8]
Event: 5.622 Thread 0x000001bceeb82ee0 3281       2       org.jetbrains.kotlin.metadata.jvm.JvmProtoBuf$StringTableTypes$Record$Operation::valueOf (42 bytes)
Event: 5.622 Thread 0x000001bceeb82ee0 nmethod 3281 0x000001bcd840e890 code [0x000001bcd840ea40, 0x000001bcd840ebd8]
Event: 5.623 Thread 0x000001bceeb82ee0 3282       2       org.jetbrains.kotlin.protobuf.CodedInputStream::readRawVarint64 (305 bytes)
Event: 5.624 Thread 0x000001bceeb82ee0 nmethod 3282 0x000001bcd840ec90 code [0x000001bcd840ee60, 0x000001bcd840f368]
Event: 5.631 Thread 0x000001bceeb82ee0 3283       2       org.jetbrains.kotlin.load.kotlin.header.KotlinClassHeader::has (12 bytes)
Event: 5.632 Thread 0x000001bceeb82ee0 nmethod 3283 0x000001bcd840f510 code [0x000001bcd840f6a0, 0x000001bcd840f7b8]
Event: 5.634 Thread 0x000001bceeb82ee0 3284       2       org.jetbrains.kotlin.name.ClassId::getRelativeClassName (14 bytes)
Event: 5.634 Thread 0x000001bceeb82ee0 nmethod 3284 0x000001bcd840f890 code [0x000001bcd840fa20, 0x000001bcd840fb68]
Event: 5.634 Thread 0x000001bceeb82ee0 3285       2       java.lang.Character::getType (9 bytes)
Event: 5.635 Thread 0x000001bceeb82ee0 nmethod 3285 0x000001bcd840fc10 code [0x000001bcd840fdc0, 0x000001bcd840fef8]
Event: 5.635 Thread 0x000001bceeb82ee0 3286       2       java.lang.CharacterDataLatin1::getType (11 bytes)
Event: 5.635 Thread 0x000001bceeb82ee0 nmethod 3286 0x000001bcd840ff90 code [0x000001bcd8410120, 0x000001bcd8410258]

GC Heap History (20 events):
Event: 1.041 GC heap after
{Heap after GC invocations=1 (full 0):
 garbage-first heap   total 129024K, used 7133K [0x0000000082c00000, 0x0000000100000000)
  region size 1024K, 3 young (3072K), 3 survivors (3072K)
 Metaspace       used 13394K, committed 13504K, reserved 1114112K
  class space    used 1293K, committed 1344K, reserved 1048576K
}
Event: 2.656 GC heap before
{Heap before GC invocations=1 (full 0):
 garbage-first heap   total 129024K, used 37853K [0x0000000082c00000, 0x0000000100000000)
  region size 1024K, 34 young (34816K), 3 survivors (3072K)
 Metaspace       used 21318K, committed 21504K, reserved 1114112K
  class space    used 2327K, committed 2432K, reserved 1048576K
}
Event: 2.665 GC heap after
{Heap after GC invocations=2 (full 0):
 garbage-first heap   total 129024K, used 10287K [0x0000000082c00000, 0x0000000100000000)
  region size 1024K, 4 young (4096K), 4 survivors (4096K)
 Metaspace       used 21318K, committed 21504K, reserved 1114112K
  class space    used 2327K, committed 2432K, reserved 1048576K
}
Event: 3.946 GC heap before
{Heap before GC invocations=3 (full 0):
 garbage-first heap   total 40960K, used 30767K [0x0000000082c00000, 0x0000000100000000)
  region size 1024K, 24 young (24576K), 4 survivors (4096K)
 Metaspace       used 28064K, committed 28288K, reserved 1114112K
  class space    used 3462K, committed 3520K, reserved 1048576K
}
Event: 3.953 GC heap after
{Heap after GC invocations=4 (full 0):
 garbage-first heap   total 40960K, used 11396K [0x0000000082c00000, 0x0000000100000000)
  region size 1024K, 2 young (2048K), 2 survivors (2048K)
 Metaspace       used 28064K, committed 28288K, reserved 1114112K
  class space    used 3462K, committed 3520K, reserved 1048576K
}
Event: 3.983 GC heap before
{Heap before GC invocations=4 (full 0):
 garbage-first heap   total 40960K, used 12420K [0x0000000082c00000, 0x0000000100000000)
  region size 1024K, 3 young (3072K), 2 survivors (2048K)
 Metaspace       used 28382K, committed 28608K, reserved 1114112K
  class space    used 3527K, committed 3584K, reserved 1048576K
}
Event: 3.986 GC heap after
{Heap after GC invocations=5 (full 0):
 garbage-first heap   total 40960K, used 11561K [0x0000000082c00000, 0x0000000100000000)
  region size 1024K, 1 young (1024K), 1 survivors (1024K)
 Metaspace       used 28382K, committed 28608K, reserved 1114112K
  class space    used 3527K, committed 3584K, reserved 1048576K
}
Event: 4.322 GC heap before
{Heap before GC invocations=5 (full 0):
 garbage-first heap   total 40960K, used 33065K [0x0000000082c00000, 0x0000000100000000)
  region size 1024K, 20 young (20480K), 1 survivors (1024K)
 Metaspace       used 30908K, committed 31104K, reserved 1114112K
  class space    used 3999K, committed 4096K, reserved 1048576K
}
Event: 4.332 GC heap after
{Heap after GC invocations=6 (full 0):
 garbage-first heap   total 40960K, used 17765K [0x0000000082c00000, 0x0000000100000000)
  region size 1024K, 3 young (3072K), 3 survivors (3072K)
 Metaspace       used 30908K, committed 31104K, reserved 1114112K
  class space    used 3999K, committed 4096K, reserved 1048576K
}
Event: 4.553 GC heap before
{Heap before GC invocations=6 (full 0):
 garbage-first heap   total 40960K, used 31077K [0x0000000082c00000, 0x0000000100000000)
  region size 1024K, 16 young (16384K), 3 survivors (3072K)
 Metaspace       used 34249K, committed 34496K, reserved 1114112K
  class space    used 4359K, committed 4480K, reserved 1048576K
}
Event: 4.560 GC heap after
{Heap after GC invocations=7 (full 0):
 garbage-first heap   total 40960K, used 17069K [0x0000000082c00000, 0x0000000100000000)
  region size 1024K, 2 young (2048K), 2 survivors (2048K)
 Metaspace       used 34249K, committed 34496K, reserved 1114112K
  class space    used 4359K, committed 4480K, reserved 1048576K
}
Event: 4.665 GC heap before
{Heap before GC invocations=7 (full 0):
 garbage-first heap   total 40960K, used 25261K [0x0000000082c00000, 0x0000000100000000)
  region size 1024K, 11 young (11264K), 2 survivors (2048K)
 Metaspace       used 35973K, committed 36160K, reserved 1114112K
  class space    used 4545K, committed 4672K, reserved 1048576K
}
Event: 4.668 GC heap after
{Heap after GC invocations=8 (full 0):
 garbage-first heap   total 57344K, used 18119K [0x0000000082c00000, 0x0000000100000000)
  region size 1024K, 1 young (1024K), 1 survivors (1024K)
 Metaspace       used 35973K, committed 36160K, reserved 1114112K
  class space    used 4545K, committed 4672K, reserved 1048576K
}
Event: 4.921 GC heap before
{Heap before GC invocations=9 (full 0):
 garbage-first heap   total 57344K, used 38599K [0x0000000082c00000, 0x0000000100000000)
  region size 1024K, 22 young (22528K), 1 survivors (1024K)
 Metaspace       used 40044K, committed 40256K, reserved 1114112K
  class space    used 4924K, committed 5056K, reserved 1048576K
}
Event: 4.927 GC heap after
{Heap after GC invocations=10 (full 0):
 garbage-first heap   total 57344K, used 20952K [0x0000000082c00000, 0x0000000100000000)
  region size 1024K, 3 young (3072K), 3 survivors (3072K)
 Metaspace       used 40044K, committed 40256K, reserved 1114112K
  class space    used 4924K, committed 5056K, reserved 1048576K
}
Event: 5.306 GC heap before
{Heap before GC invocations=10 (full 0):
 garbage-first heap   total 57344K, used 40408K [0x0000000082c00000, 0x0000000100000000)
  region size 1024K, 23 young (23552K), 3 survivors (3072K)
 Metaspace       used 45588K, committed 45824K, reserved 1114112K
  class space    used 5611K, committed 5696K, reserved 1048576K
}
Event: 5.315 GC heap after
{Heap after GC invocations=11 (full 0):
 garbage-first heap   total 57344K, used 22732K [0x0000000082c00000, 0x0000000100000000)
  region size 1024K, 2 young (2048K), 2 survivors (2048K)
 Metaspace       used 45588K, committed 45824K, reserved 1114112K
  class space    used 5611K, committed 5696K, reserved 1048576K
}
Event: 5.574 GC heap before
{Heap before GC invocations=11 (full 0):
 garbage-first heap   total 57344K, used 44236K [0x0000000082c00000, 0x0000000100000000)
  region size 1024K, 21 young (21504K), 2 survivors (2048K)
 Metaspace       used 46515K, committed 46784K, reserved 1114112K
  class space    used 5695K, committed 5824K, reserved 1048576K
}
Event: 5.585 GC heap after
{Heap after GC invocations=12 (full 0):
 garbage-first heap   total 57344K, used 29411K [0x0000000082c00000, 0x0000000100000000)
  region size 1024K, 3 young (3072K), 3 survivors (3072K)
 Metaspace       used 46515K, committed 46784K, reserved 1114112K
  class space    used 5695K, committed 5824K, reserved 1048576K
}
Event: 5.638 GC heap before
{Heap before GC invocations=12 (full 0):
 garbage-first heap   total 57344K, used 43747K [0x0000000082c00000, 0x0000000100000000)
  region size 1024K, 17 young (17408K), 3 survivors (3072K)
 Metaspace       used 46580K, committed 46848K, reserved 1114112K
  class space    used 5695K, committed 5824K, reserved 1048576K
}

Dll operation events (2 events):
Event: 0.015 Loaded shared library C:\Program Files\Android\Android Studio\jbr\bin\java.dll
Event: 3.613 Loaded shared library C:\Program Files\Android\Android Studio\jbr\bin\verify.dll

Deoptimization events (20 events):
Event: 5.337 Thread 0x000001bcd48a85c0 Uncommon trap: trap_request=0xffffff45 fr.pc=0x000001bcdf947e14 relative=0x0000000000000754
Event: 5.337 Thread 0x000001bcd48a85c0 Uncommon trap: reason=unstable_if action=reinterpret pc=0x000001bcdf947e14 method=org.jetbrains.org.objectweb.asm.ClassReader.readUtf(II[C)Ljava/lang/String; @ 41 c2
Event: 5.337 Thread 0x000001bcd48a85c0 DEOPT PACKING pc=0x000001bcdf947e14 sp=0x000000232a0fa070
Event: 5.337 Thread 0x000001bcd48a85c0 DEOPT UNPACKING pc=0x000001bcdf2d69a3 sp=0x000000232a0fa018 mode 2
Event: 5.525 Thread 0x000001bcd48a85c0 Uncommon trap: trap_request=0xffffffc6 fr.pc=0x000001bcdf90b0bc relative=0x000000000000009c
Event: 5.525 Thread 0x000001bcd48a85c0 Uncommon trap: reason=bimorphic_or_optimized_type_check action=maybe_recompile pc=0x000001bcdf90b0bc method=java.util.AbstractList$Itr.hasNext()Z @ 8 c2
Event: 5.525 Thread 0x000001bcd48a85c0 DEOPT PACKING pc=0x000001bcdf90b0bc sp=0x000000232a0fa0f0
Event: 5.525 Thread 0x000001bcd48a85c0 DEOPT UNPACKING pc=0x000001bcdf2d69a3 sp=0x000000232a0fa088 mode 2
Event: 5.526 Thread 0x000001bcd48a85c0 Uncommon trap: trap_request=0xffffffc6 fr.pc=0x000001bcdf90b0bc relative=0x000000000000009c
Event: 5.526 Thread 0x000001bcd48a85c0 Uncommon trap: reason=bimorphic_or_optimized_type_check action=maybe_recompile pc=0x000001bcdf90b0bc method=java.util.AbstractList$Itr.hasNext()Z @ 8 c2
Event: 5.526 Thread 0x000001bcd48a85c0 DEOPT PACKING pc=0x000001bcdf90b0bc sp=0x000000232a0fa0f0
Event: 5.526 Thread 0x000001bcd48a85c0 DEOPT UNPACKING pc=0x000001bcdf2d69a3 sp=0x000000232a0fa088 mode 2
Event: 5.526 Thread 0x000001bcd48a85c0 Uncommon trap: trap_request=0xffffffc6 fr.pc=0x000001bcdf90b0bc relative=0x000000000000009c
Event: 5.526 Thread 0x000001bcd48a85c0 Uncommon trap: reason=bimorphic_or_optimized_type_check action=maybe_recompile pc=0x000001bcdf90b0bc method=java.util.AbstractList$Itr.hasNext()Z @ 8 c2
Event: 5.526 Thread 0x000001bcd48a85c0 DEOPT PACKING pc=0x000001bcdf90b0bc sp=0x000000232a0fa0f0
Event: 5.526 Thread 0x000001bcd48a85c0 DEOPT UNPACKING pc=0x000001bcdf2d69a3 sp=0x000000232a0fa088 mode 2
Event: 5.526 Thread 0x000001bcd48a85c0 Uncommon trap: trap_request=0xffffffc6 fr.pc=0x000001bcdf90b0bc relative=0x000000000000009c
Event: 5.526 Thread 0x000001bcd48a85c0 Uncommon trap: reason=bimorphic_or_optimized_type_check action=maybe_recompile pc=0x000001bcdf90b0bc method=java.util.AbstractList$Itr.hasNext()Z @ 8 c2
Event: 5.526 Thread 0x000001bcd48a85c0 DEOPT PACKING pc=0x000001bcdf90b0bc sp=0x000000232a0fa2b0
Event: 5.526 Thread 0x000001bcd48a85c0 DEOPT UNPACKING pc=0x000001bcdf2d69a3 sp=0x000000232a0fa248 mode 2

Classes unloaded (0 events):
No events

Classes redefined (0 events):
No events

Internal exceptions (20 events):
Event: 2.758 Thread 0x000001bcd48a85c0 Exception <a 'java/lang/NoSuchMethodError'{0x0000000084db8bf8}: 'int java.lang.invoke.DelegatingMethodHandle$Holder.reinvoke_L(java.lang.Object, java.lang.Object, java.lang.Object, long, java.lang.Object, java.lang.Object)'> (0x0000000084db8bf8) 
thrown [s\src\hotspot\share\interpreter\linkResolver.cpp, line 771]
Event: 2.759 Thread 0x000001bcd48a85c0 Exception <a 'java/lang/NoSuchMethodError'{0x0000000084dc7788}: 'int java.lang.invoke.DelegatingMethodHandle$Holder.reinvoke_L(java.lang.Object, java.lang.Object, java.lang.Object, long, int, int)'> (0x0000000084dc7788) 
thrown [s\src\hotspot\share\interpreter\linkResolver.cpp, line 771]
Event: 2.761 Thread 0x000001bcd48a85c0 Exception <a 'java/lang/NoSuchMethodError'{0x0000000084dd60c0}: 'int java.lang.invoke.DelegatingMethodHandle$Holder.reinvoke_L(java.lang.Object, java.lang.Object, java.lang.Object, long, long, long)'> (0x0000000084dd60c0) 
thrown [s\src\hotspot\share\interpreter\linkResolver.cpp, line 771]
Event: 2.764 Thread 0x000001bcd48a85c0 Exception <a 'java/lang/NoSuchMethodError'{0x0000000084de4800}: 'int java.lang.invoke.DelegatingMethodHandle$Holder.reinvoke_L(java.lang.Object, java.lang.Object, java.lang.Object, long, int)'> (0x0000000084de4800) 
thrown [s\src\hotspot\share\interpreter\linkResolver.cpp, line 771]
Event: 2.813 Thread 0x000001bcd48a85c0 Exception <a 'java/lang/NoSuchMethodError'{0x0000000084c8d418}: 'int java.lang.invoke.DirectMethodHandle$Holder.invokeStaticInit(java.lang.Object, java.lang.Object, java.lang.Object)'> (0x0000000084c8d418) 
thrown [s\src\hotspot\share\interpreter\linkResolver.cpp, line 771]
Event: 2.818 Thread 0x000001bcd48a85c0 Exception <a 'java/lang/NoSuchMethodError'{0x0000000084cb6a70}: 'int java.lang.invoke.DirectMethodHandle$Holder.invokeStaticInit(java.lang.Object, java.lang.Object)'> (0x0000000084cb6a70) 
thrown [s\src\hotspot\share\interpreter\linkResolver.cpp, line 771]
Event: 2.871 Thread 0x000001bcd48a85c0 Exception <a 'java/lang/NoSuchMethodError'{0x0000000084b95268}: 'void java.lang.invoke.DirectMethodHandle$Holder.invokeSpecial(java.lang.Object, java.lang.Object, java.lang.Object)'> (0x0000000084b95268) 
thrown [s\src\hotspot\share\interpreter\linkResolver.cpp, line 771]
Event: 3.081 Thread 0x000001bcd48a85c0 Exception <a 'java/lang/NoSuchMethodError'{0x00000000848b89d0}: 'void java.lang.invoke.DirectMethodHandle$Holder.invokeStatic(java.lang.Object, java.lang.Object, java.lang.Object, java.lang.Object)'> (0x00000000848b89d0) 
thrown [s\src\hotspot\share\interpreter\linkResolver.cpp, line 771]
Event: 3.472 Thread 0x000001bcd48a85c0 Exception <a 'java/lang/NoSuchMethodError'{0x0000000084478cb8}: 'void java.lang.invoke.DirectMethodHandle$Holder.invokeStaticInit(java.lang.Object, java.lang.Object)'> (0x0000000084478cb8) 
thrown [s\src\hotspot\share\interpreter\linkResolver.cpp, line 771]
Event: 3.784 Thread 0x000001bcd48a85c0 Exception <a 'java/lang/NoSuchMethodError'{0x00000000840efbd0}: 'void java.lang.invoke.DirectMethodHandle$Holder.invokeVirtual(java.lang.Object, java.lang.Object)'> (0x00000000840efbd0) 
thrown [s\src\hotspot\share\interpreter\linkResolver.cpp, line 771]
Event: 3.795 Thread 0x000001bcd48a85c0 Exception <a 'java/lang/NoSuchMethodError'{0x0000000083f6a0e0}: 'int java.lang.invoke.DirectMethodHandle$Holder.invokeVirtual(java.lang.Object, java.lang.Object)'> (0x0000000083f6a0e0) 
thrown [s\src\hotspot\share\interpreter\linkResolver.cpp, line 771]
Event: 3.824 Thread 0x000001bcd48a85c0 Exception <a 'java/lang/NoSuchMethodError'{0x0000000083e02658}: 'java.lang.Object java.lang.invoke.Invokers$Holder.invokeExact_MT(java.lang.Object, java.lang.Object, java.lang.Object, java.lang.Object, java.lang.Object, java.lang.Object)'> (0x0000000083e02658) 
thrown [s\src\hotspot\share\interpreter\linkResolver.cpp, line 771]
Event: 4.340 Thread 0x000001bcd48a85c0 Implicit null exception at 0x000001bcdf837df2 to 0x000001bcdf83840c
Event: 4.464 Thread 0x000001bcd48a85c0 Implicit null exception at 0x000001bcdf8399f2 to 0x000001bcdf83a02c
Event: 4.507 Thread 0x000001bcd48a85c0 Exception <a 'java/lang/NoSuchMethodError'{0x0000000084aa5730}: 'java.lang.Object java.lang.invoke.DirectMethodHandle$Holder.invokeVirtual(java.lang.Object, java.lang.Object, java.lang.Object)'> (0x0000000084aa5730) 
thrown [s\src\hotspot\share\interpreter\linkResolver.cpp, line 771]
Event: 5.071 Thread 0x000001bcd48a85c0 Exception <a 'java/lang/NoSuchMethodError'{0x0000000085af3368}: 'java.lang.Object java.lang.invoke.DirectMethodHandle$Holder.newInvokeSpecial(java.lang.Object, java.lang.Object, java.lang.Object, int)'> (0x0000000085af3368) 
thrown [s\src\hotspot\share\interpreter\linkResolver.cpp, line 771]
Event: 5.072 Thread 0x000001bcd48a85c0 Exception <a 'java/lang/NoSuchMethodError'{0x0000000085af79f0}: 'java.lang.Object java.lang.invoke.DirectMethodHandle$Holder.invokeSpecial(java.lang.Object, java.lang.Object, java.lang.Object, java.lang.Object, int)'> (0x0000000085af79f0) 
thrown [s\src\hotspot\share\interpreter\linkResolver.cpp, line 771]
Event: 5.072 Thread 0x000001bcd48a85c0 Exception <a 'java/lang/NoSuchMethodError'{0x0000000085afb860}: 'java.lang.Object java.lang.invoke.Invokers$Holder.linkToTargetMethod(java.lang.Object, java.lang.Object, int, java.lang.Object)'> (0x0000000085afb860) 
thrown [s\src\hotspot\share\interpreter\linkResolver.cpp, line 771]
Event: 5.113 Thread 0x000001bcd48a85c0 Implicit null exception at 0x000001bcdf914e57 to 0x000001bcdf914f3c
Event: 5.230 Thread 0x000001bcd48a85c0 Exception <a 'java/lang/NoSuchMethodError'{0x00000000852f11b8}: 'java.lang.Object java.lang.invoke.DirectMethodHandle$Holder.newInvokeSpecial(java.lang.Object, java.lang.Object, int)'> (0x00000000852f11b8) 
thrown [s\src\hotspot\share\interpreter\linkResolver.cpp, line 771]

VM Operations (20 events):
Event: 4.777 Executing VM operation: HandshakeAllThreads done
Event: 4.921 Executing VM operation: G1CollectForAllocation
Event: 4.927 Executing VM operation: G1CollectForAllocation done
Event: 5.055 Executing VM operation: HandshakeAllThreads
Event: 5.055 Executing VM operation: HandshakeAllThreads done
Event: 5.069 Executing VM operation: HandshakeAllThreads
Event: 5.069 Executing VM operation: HandshakeAllThreads done
Event: 5.111 Executing VM operation: HandshakeAllThreads
Event: 5.112 Executing VM operation: HandshakeAllThreads done
Event: 5.236 Executing VM operation: HandshakeAllThreads
Event: 5.236 Executing VM operation: HandshakeAllThreads done
Event: 5.304 Executing VM operation: HandshakeAllThreads
Event: 5.305 Executing VM operation: HandshakeAllThreads done
Event: 5.306 Executing VM operation: G1CollectForAllocation
Event: 5.315 Executing VM operation: G1CollectForAllocation done
Event: 5.503 Executing VM operation: HandshakeAllThreads
Event: 5.503 Executing VM operation: HandshakeAllThreads done
Event: 5.574 Executing VM operation: G1CollectForAllocation
Event: 5.585 Executing VM operation: G1CollectForAllocation done
Event: 5.638 Executing VM operation: G1CollectForAllocation

Events (20 events):
Event: 5.046 loading class java/util/regex/Pattern$StartS
Event: 5.046 loading class java/util/regex/Pattern$StartS done
Event: 5.048 loading class java/util/ConcurrentModificationException
Event: 5.048 loading class java/util/ConcurrentModificationException done
Event: 5.055 loading class java/util/ArrayList$ListItr
Event: 5.055 loading class java/util/ArrayList$ListItr done
Event: 5.103 loading class java/io/InvalidObjectException
Event: 5.103 loading class java/io/InvalidObjectException done
Event: 5.110 loading class java/util/AbstractList$SubList$1
Event: 5.111 loading class java/util/AbstractList$SubList$1 done
Event: 5.111 loading class java/util/AbstractList$ListItr
Event: 5.111 loading class java/util/AbstractList$ListItr done
Event: 5.157 loading class java/text/StringCharacterIterator
Event: 5.157 loading class java/text/CharacterIterator
Event: 5.157 loading class java/text/CharacterIterator done
Event: 5.157 loading class java/text/StringCharacterIterator done
Event: 5.207 loading class java/lang/Override
Event: 5.207 loading class java/lang/Override done
Event: 5.248 loading class java/security/CodeSigner
Event: 5.248 loading class java/security/CodeSigner done


Dynamic libraries:
0x00007ff650660000 - 0x00007ff65066a000 	C:\Program Files\Android\Android Studio\jbr\bin\java.exe
0x00007ff8c13d0000 - 0x00007ff8c15e7000 	C:\WINDOWS\SYSTEM32\ntdll.dll
0x00007ff8bfca0000 - 0x00007ff8bfd64000 	C:\WINDOWS\System32\KERNEL32.DLL
0x00007ff8bed50000 - 0x00007ff8bf0fd000 	C:\WINDOWS\System32\KERNELBASE.dll
0x0000000066b10000 - 0x0000000066e41000 	C:\Program Files\Norton Security\NortonData\22.23.5.106\Definitions\IPSDefs\20231011.064\IPSEng64.dll
0x00007ff8c0840000 - 0x00007ff8c08f2000 	C:\WINDOWS\System32\ADVAPI32.dll
0x00007ff8c12b0000 - 0x00007ff8c1357000 	C:\WINDOWS\System32\msvcrt.dll
0x00007ff8c0d80000 - 0x00007ff8c0e29000 	C:\WINDOWS\System32\sechost.dll
0x00007ff8be970000 - 0x00007ff8be998000 	C:\WINDOWS\System32\bcrypt.dll
0x00007ff8c0c60000 - 0x00007ff8c0d74000 	C:\WINDOWS\System32\RPCRT4.dll
0x00007ff8bf580000 - 0x00007ff8bf588000 	C:\WINDOWS\System32\PSAPI.DLL
0x00007ff8be9a0000 - 0x00007ff8beab1000 	C:\WINDOWS\System32\ucrtbase.dll
0x00007ff8b70b0000 - 0x00007ff8b70cb000 	C:\Program Files\Android\Android Studio\jbr\bin\VCRUNTIME140.dll
0x00007ff8a3b80000 - 0x00007ff8a3b97000 	C:\Program Files\Android\Android Studio\jbr\bin\jli.dll
0x00007ff8bfe20000 - 0x00007ff8bffce000 	C:\WINDOWS\System32\USER32.dll
0x00007ff8a6f50000 - 0x00007ff8a71e3000 	C:\WINDOWS\WinSxS\amd64_microsoft.windows.common-controls_6595b64144ccf1df_6.0.22621.3672_none_2713b9d173822955\COMCTL32.dll
0x00007ff8beb40000 - 0x00007ff8beb66000 	C:\WINDOWS\System32\win32u.dll
0x00007ff8bf870000 - 0x00007ff8bf899000 	C:\WINDOWS\System32\GDI32.dll
0x00007ff8beb70000 - 0x00007ff8bec89000 	C:\WINDOWS\System32\gdi32full.dll
0x00007ff8be860000 - 0x00007ff8be8fa000 	C:\WINDOWS\System32\msvcp_win.dll
0x00007ff8bfa00000 - 0x00007ff8bfa31000 	C:\WINDOWS\System32\IMM32.DLL
0x00007ff8b7040000 - 0x00007ff8b704c000 	C:\Program Files\Android\Android Studio\jbr\bin\vcruntime140_1.dll
0x00007ff8a9ea0000 - 0x00007ff8a9f2d000 	C:\Program Files\Android\Android Studio\jbr\bin\msvcp140.dll
0x00007ff82adf0000 - 0x00007ff82ba73000 	C:\Program Files\Android\Android Studio\jbr\bin\server\jvm.dll
0x00007ff8a0980000 - 0x00007ff8a0989000 	C:\WINDOWS\SYSTEM32\WSOCK32.dll
0x00007ff8be5c0000 - 0x00007ff8be60d000 	C:\WINDOWS\SYSTEM32\POWRPROF.dll
0x00007ff8ac520000 - 0x00007ff8ac554000 	C:\WINDOWS\SYSTEM32\WINMM.dll
0x00007ff8b8640000 - 0x00007ff8b864a000 	C:\WINDOWS\SYSTEM32\VERSION.dll
0x00007ff8c0a10000 - 0x00007ff8c0a81000 	C:\WINDOWS\System32\WS2_32.dll
0x00007ff8be5a0000 - 0x00007ff8be5b3000 	C:\WINDOWS\SYSTEM32\UMPDC.dll
0x00007ff8bd700000 - 0x00007ff8bd718000 	C:\WINDOWS\SYSTEM32\kernel.appcore.dll
0x00007ff8b71d0000 - 0x00007ff8b71da000 	C:\Program Files\Android\Android Studio\jbr\bin\jimage.dll
0x00007ff8ab9e0000 - 0x00007ff8abc12000 	C:\WINDOWS\SYSTEM32\DBGHELP.DLL
0x00007ff8c0e30000 - 0x00007ff8c11be000 	C:\WINDOWS\System32\combase.dll
0x00007ff8bfba0000 - 0x00007ff8bfc77000 	C:\WINDOWS\System32\OLEAUT32.dll
0x00007ff8a0170000 - 0x00007ff8a01a2000 	C:\WINDOWS\SYSTEM32\dbgcore.DLL
0x00007ff8beac0000 - 0x00007ff8beb3b000 	C:\WINDOWS\System32\bcryptPrimitives.dll
0x00007ff8aa0c0000 - 0x00007ff8aa0e5000 	C:\Program Files\Android\Android Studio\jbr\bin\java.dll
0x00007ff8b7010000 - 0x00007ff8b7028000 	C:\Program Files\Android\Android Studio\jbr\bin\zip.dll
0x00007ff8bffd0000 - 0x00007ff8c0837000 	C:\WINDOWS\System32\SHELL32.dll
0x00007ff8bc620000 - 0x00007ff8bcf1f000 	C:\WINDOWS\SYSTEM32\windows.storage.dll
0x00007ff8bc4e0000 - 0x00007ff8bc61f000 	C:\WINDOWS\SYSTEM32\wintypes.dll
0x00007ff8c0900000 - 0x00007ff8c09f9000 	C:\WINDOWS\System32\SHCORE.dll
0x00007ff8c11c0000 - 0x00007ff8c121e000 	C:\WINDOWS\System32\shlwapi.dll
0x00007ff8be620000 - 0x00007ff8be647000 	C:\WINDOWS\SYSTEM32\profapi.dll
0x00007ff8a9c60000 - 0x00007ff8a9c79000 	C:\Program Files\Android\Android Studio\jbr\bin\net.dll
0x00007ff8b7bd0000 - 0x00007ff8b7d06000 	C:\WINDOWS\SYSTEM32\WINHTTP.dll
0x00007ff8bdb60000 - 0x00007ff8bdbc9000 	C:\WINDOWS\system32\mswsock.dll
0x00007ff8a9c40000 - 0x00007ff8a9c56000 	C:\Program Files\Android\Android Studio\jbr\bin\nio.dll
0x00007ff8b71a0000 - 0x00007ff8b71b0000 	C:\Program Files\Android\Android Studio\jbr\bin\verify.dll

dbghelp: loaded successfully - version: 4.0.5 - missing functions: none
symbol engine: initialized successfully - sym options: 0x614 - pdb path: .;C:\Program Files\Android\Android Studio\jbr\bin;C:\WINDOWS\SYSTEM32;C:\Program Files\Norton Security\NortonData\22.23.5.106\Definitions\IPSDefs\20231011.064;C:\WINDOWS\WinSxS\amd64_microsoft.windows.common-controls_6595b64144ccf1df_6.0.22621.3672_none_2713b9d173822955;C:\Program Files\Android\Android Studio\jbr\bin\server

VM Arguments:
java_command: org.jetbrains.kotlin.cli.jvm.K2JVMCompiler @C:\Users\dever\AndroidStudioProjects\IntelliQuiz\app\build\20240920_7872657214617878275.compiler.options
java_class_path (initial): C:\Users\dever\.gradle\caches\modules-2\files-2.1\org.jetbrains.kotlin\kotlin-compiler-embeddable\1.9.0\2c8c3a7402becca891f12739b3e9fd2dc2adbd7a\kotlin-compiler-embeddable-1.9.0.jar;C:\Users\dever\.gradle\caches\modules-2\files-2.1\org.jetbrains.kotlin\kotlin-stdlib\1.9.0\8ee15ef0c67dc83d874f412d84378d7f0eb50b63\kotlin-stdlib-1.9.0.jar;C:\Users\dever\.gradle\caches\modules-2\files-2.1\org.jetbrains.kotlin\kotlin-script-runtime\1.9.0\4b3102cbbb7e1b58d9d1adf89563f00069ffa7d1\kotlin-script-runtime-1.9.0.jar;C:\Users\dever\.gradle\caches\modules-2\files-2.1\org.jetbrains.kotlin\kotlin-reflect\1.6.10\1cbe9c92c12a94eea200d23c2bbaedaf3daf5132\kotlin-reflect-1.6.10.jar;C:\Users\dever\.gradle\caches\modules-2\files-2.1\org.jetbrains.kotlin\kotlin-daemon-embeddable\1.9.0\186543f5e28cf8d9a0290fecc2cf34301c40a65c\kotlin-daemon-embeddable-1.9.0.jar;C:\Users\dever\.gradle\caches\modules-2\files-2.1\org.jetbrains.intellij.deps\trove4j\1.0.20200330\3afb14d5f9ceb459d724e907a21145e8ff394f02\trove4j-1.0.20200330.jar;C:\Users\dever\.gradle\caches\modules-2\files-2.1\org.jetbrains.kotlin\kotlin-stdlib-common\1.9.0\cd65c21cfd1eec4d44ef09f9f52b6d9f8a720636\kotlin-stdlib-common-1.9.0.jar;C:\Users\dever\.gradle\caches\modules-2\files-2.1\org.jetbrains\annotations\13.0\919f0dfe192fb4e063e7dacadee7f8bb9a2672a9\annotations-13.0.jar
Launcher Type: SUN_STANDARD

[Global flags]
     intx CICompilerCount                          = 4                                         {product} {ergonomic}
     uint ConcGCThreads                            = 3                                         {product} {ergonomic}
     uint G1ConcRefinementThreads                  = 10                                        {product} {ergonomic}
   size_t G1HeapRegionSize                         = 1048576                                   {product} {ergonomic}
    uintx GCDrainStackTargetSize                   = 64                                        {product} {ergonomic}
   size_t InitialHeapSize                          = 132120576                                 {product} {ergonomic}
   size_t MarkStackSize                            = 4194304                                   {product} {ergonomic}
   size_t MaxHeapSize                              = 2101346304                                {product} {ergonomic}
   size_t MaxNewSize                               = 1260388352                                {product} {ergonomic}
   size_t MinHeapDeltaBytes                        = 1048576                                   {product} {ergonomic}
   size_t MinHeapSize                              = 8388608                                   {product} {ergonomic}
    uintx NonNMethodCodeHeapSize                   = 5839372                                {pd product} {ergonomic}
    uintx NonProfiledCodeHeapSize                  = 122909434                              {pd product} {ergonomic}
    uintx ProfiledCodeHeapSize                     = 122909434                              {pd product} {ergonomic}
    uintx ReservedCodeCacheSize                    = 251658240                              {pd product} {ergonomic}
     bool SegmentedCodeCache                       = true                                      {product} {ergonomic}
   size_t SoftMaxHeapSize                          = 2101346304                             {manageable} {ergonomic}
     bool UseCompressedClassPointers               = true                           {product lp64_product} {ergonomic}
     bool UseCompressedOops                        = true                           {product lp64_product} {ergonomic}
     bool UseG1GC                                  = true                                      {product} {ergonomic}
     bool UseLargePagesIndividualAllocation        = false                                  {pd product} {ergonomic}

Logging:
Log output configuration:
 #0: stdout all=warning uptime,level,tags
 #1: stderr all=off uptime,level,tags

Environment Variables:
PATH=C:\Program Files\Common Files\Oracle\Java\javapath;C:\Windows\system32;C:\Windows;C:\Windows\System32\Wbem;C:\Windows\System32\WindowsPowerShell\v1.0\;C:\Windows\System32\OpenSSH\;C:\Program Files (x86)\NVIDIA Corporation\PhysX\Common;C:\Program Files\NVIDIA Corporation\NVIDIA NvDLISR;C:\WINDOWS\system32;C:\WINDOWS;C:\WINDOWS\System32\Wbem;C:\WINDOWS\System32\WindowsPowerShell\v1.0\;C:\WINDOWS\System32\OpenSSH\;C:\sqlite3;C:\Program Files\Git\cmd;C:\Users\dever\AppData\Local\Programs\Python\Python311\Scripts\;C:\Users\dever\AppData\Local\Programs\Python\Python311\;C:\Users\dever\AppData\Local\Microsoft\WindowsApps;;C:\Users\dever\AppData\Local\Programs\Microsoft VS Code\bin
USERNAME=Marian
OS=Windows_NT
PROCESSOR_IDENTIFIER=Intel64 Family 6 Model 165 Stepping 2, GenuineIntel
TMP=C:\Users\dever\AppData\Local\Temp
TEMP=C:\Users\dever\AppData\Local\Temp



Periodic native trim disabled

JNI global refs:
JNI global refs: 10, weak refs: 19

JNI global refs memory usage: 843, weak refs: 841

Process memory usage:
Resident Set Size: 189364K (2% of 8206124K total physical memory with 408536K free physical memory)

OOME stack traces (most recent first):
Classloader memory used:
Loader jdk.internal.loader.ClassLoaders$AppClassLoader                                 : 4552K
Loader bootstrap                                                                       : 1264K
Loader jdk.internal.reflect.DelegatingClassLoader                                      : 5635B


---------------  S Y S T E M  ---------------

OS:
 Windows 11 , 64 bit Build 22621 (10.0.22621.3958)
OS uptime: 0 days 7:51 hours
Hyper-V role detected

CPU: total 12 (initial active 12) (6 cores per cpu, 2 threads per core) family 6 model 165 stepping 2 microcode 0xe2, cx8, cmov, fxsr, ht, mmx, 3dnowpref, sse, sse2, sse3, ssse3, sse4.1, sse4.2, popcnt, lzcnt, tsc, tscinvbit, avx, avx2, aes, erms, clmul, bmi1, bmi2, adx, fma, vzeroupper, clflush, clflushopt, hv
Processor Information for all 12 processors :
  Max Mhz: 2496, Current Mhz: 2496, Mhz Limit: 2496

Memory: 4k page, system-wide physical 8013M (399M free)
TotalPageFile size 16205M (AvailPageFile size 0M)
current process WorkingSet (physical memory assigned to process): 184M, peak: 187M
current process commit charge ("private bytes"): 225M, peak: 243M

vm_info: OpenJDK 64-Bit Server VM (17.0.11+0--11852314) for windows-amd64 JRE (17.0.11+0--11852314), built on May 16 2024 21:29:20 by "androidbuild" with MS VC++ 16.10 / 16.11 (VS2019)

END.
