#
# There is insufficient memory for the Java Runtime Environment to continue.
# Native memory allocation (mmap) failed to map 132120576 bytes. Error detail: G1 virtual space
# Possible reasons:
#   The system is out of physical RAM or swap space
#   This process is running with CompressedOops enabled, and the Java Heap may be blocking the growth of the native heap
# Possible solutions:
#   Reduce memory load on the system
#   Increase physical memory or swap space
#   Check if swap backing store is full
#   Decrease Java heap size (-Xmx/-Xms)
#   Decrease number of Java threads
#   Decrease Java thread stack sizes (-Xss)
#   Set larger code cache with -XX:ReservedCodeCacheSize=
#   JVM is running with Unscaled Compressed Oops mode in which the Java heap is
#     placed in the first 4GB address space. The Java Heap base address is the
#     maximum limit for the native heap growth. Please use -XX:HeapBaseMinAddress
#     to set the Java Heap base and to place the Java Heap above 4GB virtual address.
# This output file may be truncated or incomplete.
#
#  Out of Memory Error (os_windows.cpp:3825), pid=8060, tid=22024
#
# JRE version:  (17.0.11) (build )
# Java VM: OpenJDK 64-Bit Server VM (17.0.11+0--11852314, mixed mode, sharing, tiered, compressed oops, compressed class ptrs, g1 gc, windows-amd64)
# No core dump will be written. Minidumps are not enabled by default on client versions of Windows
#

---------------  S U M M A R Y ------------

Command Line: org.jetbrains.kotlin.cli.jvm.K2JVMCompiler @C:\Users\dever\AndroidStudioProjects\IntelliQuiz\app\build\20240920_6718200794704256244.compiler.options

Host: Intel(R) Core(TM) i5-10500H CPU @ 2.50GHz, 12 cores, 7G,  Windows 11 , 64 bit Build 22621 (10.0.22621.3958)
Time: Fri Sep 20 19:30:55 2024 Malay Peninsula Standard Time elapsed time: 0.008766 seconds (0d 0h 0m 0s)

---------------  T H R E A D  ---------------

Current thread (0x000001f19c718f90):  JavaThread "Unknown thread" [_thread_in_vm, id=22024, stack(0x0000003665000000,0x0000003665100000)]

Stack: [0x0000003665000000,0x0000003665100000]
Native frames: (J=compiled Java code, j=interpreted, Vv=VM code, C=native code)
V  [jvm.dll+0x687bb9]
V  [jvm.dll+0x84142a]
V  [jvm.dll+0x8430ae]
V  [jvm.dll+0x843713]
V  [jvm.dll+0x24a35f]
V  [jvm.dll+0x684989]
V  [jvm.dll+0x67923a]
V  [jvm.dll+0x30af0b]
V  [jvm.dll+0x3123b6]
V  [jvm.dll+0x361dfe]
V  [jvm.dll+0x36202f]
V  [jvm.dll+0x2e0d38]
V  [jvm.dll+0x2e1ca4]
V  [jvm.dll+0x811f21]
V  [jvm.dll+0x36fb68]
V  [jvm.dll+0x7f0896]
V  [jvm.dll+0x3f3d2f]
V  [jvm.dll+0x3f58e1]
C  [jli.dll+0x528f]
C  [ucrtbase.dll+0x29333]
C  [KERNEL32.DLL+0x1257d]
C  [ntdll.dll+0x5af28]


---------------  P R O C E S S  ---------------

Threads class SMR info:
_java_thread_list=0x00007ff82b92efd8, length=0, elements={
}

Java Threads: ( => current thread )

Other Threads:
  0x000001f19c7745f0 GCTaskThread "GC Thread#0" [stack: 0x0000003665100000,0x0000003665200000] [id=3492]
  0x000001f19c785110 ConcurrentGCThread "G1 Main Marker" [stack: 0x0000003665200000,0x0000003665300000] [id=15572]
  0x000001f19c785b30 ConcurrentGCThread "G1 Conc#0" [stack: 0x0000003665300000,0x0000003665400000] [id=2192]

[error occurred during error reporting (printing all threads), id 0xc0000005, EXCEPTION_ACCESS_VIOLATION (0xc0000005) at pc=0x00007ff82b0e1907]

VM state: not at safepoint (not fully initialized)

VM Mutex/Monitor currently owned by a thread:  ([mutex/lock_event])
[0x000001f19c714640] Heap_lock - owner thread: 0x000001f19c718f90

Heap address: 0x0000000082c00000, size: 2004 MB, Compressed Oops mode: 32-bit

CDS archive(s) mapped at: [0x0000000000000000-0x0000000000000000-0x0000000000000000), size 0, SharedBaseAddress: 0x0000000800000000, ArchiveRelocationMode: 1.
Narrow klass base: 0x0000000000000000, Narrow klass shift: 0, Narrow klass range: 0x0

GC Precious Log:
<Empty>

Heap:
 garbage-first heap   total 0K, used 0K [0x0000000082c00000, 0x0000000100000000)
  region size 1024K, 0 young (0K), 0 survivors (0K)
 Metaspace       used 0K, committed 0K, reserved 0K
  class space    used 0K, committed 0K, reserved 0K

Heap Regions: E=young(eden), S=young(survivor), O=old, HS=humongous(starts), HC=humongous(continues), CS=collection set, F=free, OA=open archive, CA=closed archive, TAMS=top-at-mark-start (previous, next)

Card table byte_map: [0x000001f1af500000,0x000001f1af8f0000] _byte_map_base: 0x000001f1af0ea000

Marking Bits (Prev, Next): (CMBitMap*) 0x000001f19c774c10, (CMBitMap*) 0x000001f19c774c50
 Prev Bits: [0x000001f1afce0000, 0x000001f1b1c30000)
 Next Bits: [0x000001f1b1c30000, 0x000001f1b3b80000)

GC Heap History (0 events):
No events

Dll operation events (1 events):
Event: 0.006 Loaded shared library C:\Program Files\Android\Android Studio\jbr\bin\java.dll

Deoptimization events (0 events):
No events

Classes unloaded (0 events):
No events

Classes redefined (0 events):
No events

Internal exceptions (0 events):
No events

VM Operations (0 events):
No events

Events (0 events):
No events


Dynamic libraries:
0x00007ff650660000 - 0x00007ff65066a000 	C:\Program Files\Android\Android Studio\jbr\bin\java.exe
0x00007ff8c13d0000 - 0x00007ff8c15e7000 	C:\WINDOWS\SYSTEM32\ntdll.dll
0x00007ff8bfca0000 - 0x00007ff8bfd64000 	C:\WINDOWS\System32\KERNEL32.DLL
0x00007ff8bed50000 - 0x00007ff8bf0fd000 	C:\WINDOWS\System32\KERNELBASE.dll
0x0000000066b10000 - 0x0000000066e41000 	C:\Program Files\Norton Security\NortonData\22.23.5.106\Definitions\IPSDefs\20231011.064\IPSEng64.dll
0x00007ff8c0840000 - 0x00007ff8c08f2000 	C:\WINDOWS\System32\ADVAPI32.dll
0x00007ff8c12b0000 - 0x00007ff8c1357000 	C:\WINDOWS\System32\msvcrt.dll
0x00007ff8c0d80000 - 0x00007ff8c0e29000 	C:\WINDOWS\System32\sechost.dll
0x00007ff8be970000 - 0x00007ff8be998000 	C:\WINDOWS\System32\bcrypt.dll
0x00007ff8c0c60000 - 0x00007ff8c0d74000 	C:\WINDOWS\System32\RPCRT4.dll
0x00007ff8bf580000 - 0x00007ff8bf588000 	C:\WINDOWS\System32\PSAPI.DLL
0x00007ff8be9a0000 - 0x00007ff8beab1000 	C:\WINDOWS\System32\ucrtbase.dll
0x00007ff8a3b80000 - 0x00007ff8a3b97000 	C:\Program Files\Android\Android Studio\jbr\bin\jli.dll
0x00007ff8b70b0000 - 0x00007ff8b70cb000 	C:\Program Files\Android\Android Studio\jbr\bin\VCRUNTIME140.dll
0x00007ff8bfe20000 - 0x00007ff8bffce000 	C:\WINDOWS\System32\USER32.dll
0x00007ff8beb40000 - 0x00007ff8beb66000 	C:\WINDOWS\System32\win32u.dll
0x00007ff8a6f50000 - 0x00007ff8a71e3000 	C:\WINDOWS\WinSxS\amd64_microsoft.windows.common-controls_6595b64144ccf1df_6.0.22621.3672_none_2713b9d173822955\COMCTL32.dll
0x00007ff8bf870000 - 0x00007ff8bf899000 	C:\WINDOWS\System32\GDI32.dll
0x00007ff8beb70000 - 0x00007ff8bec89000 	C:\WINDOWS\System32\gdi32full.dll
0x00007ff8be860000 - 0x00007ff8be8fa000 	C:\WINDOWS\System32\msvcp_win.dll
0x00007ff8bfa00000 - 0x00007ff8bfa31000 	C:\WINDOWS\System32\IMM32.DLL
0x00007ff8b7040000 - 0x00007ff8b704c000 	C:\Program Files\Android\Android Studio\jbr\bin\vcruntime140_1.dll
0x00007ff8a9ea0000 - 0x00007ff8a9f2d000 	C:\Program Files\Android\Android Studio\jbr\bin\msvcp140.dll
0x00007ff82adf0000 - 0x00007ff82ba73000 	C:\Program Files\Android\Android Studio\jbr\bin\server\jvm.dll
0x00007ff8be5c0000 - 0x00007ff8be60d000 	C:\WINDOWS\SYSTEM32\POWRPROF.dll
0x00007ff8a0980000 - 0x00007ff8a0989000 	C:\WINDOWS\SYSTEM32\WSOCK32.dll
0x00007ff8ac520000 - 0x00007ff8ac554000 	C:\WINDOWS\SYSTEM32\WINMM.dll
0x00007ff8b8640000 - 0x00007ff8b864a000 	C:\WINDOWS\SYSTEM32\VERSION.dll
0x00007ff8c0a10000 - 0x00007ff8c0a81000 	C:\WINDOWS\System32\WS2_32.dll
0x00007ff8be5a0000 - 0x00007ff8be5b3000 	C:\WINDOWS\SYSTEM32\UMPDC.dll
0x00007ff8bd700000 - 0x00007ff8bd718000 	C:\WINDOWS\SYSTEM32\kernel.appcore.dll
0x00007ff8b71d0000 - 0x00007ff8b71da000 	C:\Program Files\Android\Android Studio\jbr\bin\jimage.dll
0x00007ff8ab9e0000 - 0x00007ff8abc12000 	C:\WINDOWS\SYSTEM32\DBGHELP.DLL
0x00007ff8c0e30000 - 0x00007ff8c11be000 	C:\WINDOWS\System32\combase.dll
0x00007ff8bfba0000 - 0x00007ff8bfc77000 	C:\WINDOWS\System32\OLEAUT32.dll
0x00007ff8a0170000 - 0x00007ff8a01a2000 	C:\WINDOWS\SYSTEM32\dbgcore.DLL
0x00007ff8beac0000 - 0x00007ff8beb3b000 	C:\WINDOWS\System32\bcryptPrimitives.dll
0x00007ff8aa0c0000 - 0x00007ff8aa0e5000 	C:\Program Files\Android\Android Studio\jbr\bin\java.dll

dbghelp: loaded successfully - version: 4.0.5 - missing functions: none
symbol engine: initialized successfully - sym options: 0x614 - pdb path: .;C:\Program Files\Android\Android Studio\jbr\bin;C:\WINDOWS\SYSTEM32;C:\Program Files\Norton Security\NortonData\22.23.5.106\Definitions\IPSDefs\20231011.064;C:\WINDOWS\WinSxS\amd64_microsoft.windows.common-controls_6595b64144ccf1df_6.0.22621.3672_none_2713b9d173822955;C:\Program Files\Android\Android Studio\jbr\bin\server

VM Arguments:
java_command: org.jetbrains.kotlin.cli.jvm.K2JVMCompiler @C:\Users\dever\AndroidStudioProjects\IntelliQuiz\app\build\20240920_6718200794704256244.compiler.options
java_class_path (initial): C:\Users\dever\.gradle\caches\modules-2\files-2.1\org.jetbrains.kotlin\kotlin-compiler-embeddable\1.9.0\2c8c3a7402becca891f12739b3e9fd2dc2adbd7a\kotlin-compiler-embeddable-1.9.0.jar;C:\Users\dever\.gradle\caches\modules-2\files-2.1\org.jetbrains.kotlin\kotlin-stdlib\1.9.0\8ee15ef0c67dc83d874f412d84378d7f0eb50b63\kotlin-stdlib-1.9.0.jar;C:\Users\dever\.gradle\caches\modules-2\files-2.1\org.jetbrains.kotlin\kotlin-script-runtime\1.9.0\4b3102cbbb7e1b58d9d1adf89563f00069ffa7d1\kotlin-script-runtime-1.9.0.jar;C:\Users\dever\.gradle\caches\modules-2\files-2.1\org.jetbrains.kotlin\kotlin-reflect\1.6.10\1cbe9c92c12a94eea200d23c2bbaedaf3daf5132\kotlin-reflect-1.6.10.jar;C:\Users\dever\.gradle\caches\modules-2\files-2.1\org.jetbrains.kotlin\kotlin-daemon-embeddable\1.9.0\186543f5e28cf8d9a0290fecc2cf34301c40a65c\kotlin-daemon-embeddable-1.9.0.jar;C:\Users\dever\.gradle\caches\modules-2\files-2.1\org.jetbrains.intellij.deps\trove4j\1.0.20200330\3afb14d5f9ceb459d724e907a21145e8ff394f02\trove4j-1.0.20200330.jar;C:\Users\dever\.gradle\caches\modules-2\files-2.1\org.jetbrains.kotlin\kotlin-stdlib-common\1.9.0\cd65c21cfd1eec4d44ef09f9f52b6d9f8a720636\kotlin-stdlib-common-1.9.0.jar;C:\Users\dever\.gradle\caches\modules-2\files-2.1\org.jetbrains\annotations\13.0\919f0dfe192fb4e063e7dacadee7f8bb9a2672a9\annotations-13.0.jar
Launcher Type: SUN_STANDARD

[Global flags]
     intx CICompilerCount                          = 4                                         {product} {ergonomic}
     uint ConcGCThreads                            = 3                                         {product} {ergonomic}
     uint G1ConcRefinementThreads                  = 10                                        {product} {ergonomic}
   size_t G1HeapRegionSize                         = 1048576                                   {product} {ergonomic}
    uintx GCDrainStackTargetSize                   = 64                                        {product} {ergonomic}
   size_t InitialHeapSize                          = 132120576                                 {product} {ergonomic}
   size_t MarkStackSize                            = 4194304                                   {product} {ergonomic}
   size_t MaxHeapSize                              = 2101346304                                {product} {ergonomic}
   size_t MinHeapDeltaBytes                        = 1048576                                   {product} {ergonomic}
   size_t MinHeapSize                              = 8388608                                   {product} {ergonomic}
    uintx NonNMethodCodeHeapSize                   = 5839372                                {pd product} {ergonomic}
    uintx NonProfiledCodeHeapSize                  = 122909434                              {pd product} {ergonomic}
    uintx ProfiledCodeHeapSize                     = 122909434                              {pd product} {ergonomic}
    uintx ReservedCodeCacheSize                    = 251658240                              {pd product} {ergonomic}
     bool SegmentedCodeCache                       = true                                      {product} {ergonomic}
   size_t SoftMaxHeapSize                          = 2101346304                             {manageable} {ergonomic}
     bool UseCompressedClassPointers               = true                           {product lp64_product} {ergonomic}
     bool UseCompressedOops                        = true                           {product lp64_product} {ergonomic}
     bool UseG1GC                                  = true                                      {product} {ergonomic}
     bool UseLargePagesIndividualAllocation        = false                                  {pd product} {ergonomic}

Logging:
Log output configuration:
 #0: stdout all=warning uptime,level,tags
 #1: stderr all=off uptime,level,tags

Environment Variables:
PATH=C:\Program Files\Common Files\Oracle\Java\javapath;C:\Windows\system32;C:\Windows;C:\Windows\System32\Wbem;C:\Windows\System32\WindowsPowerShell\v1.0\;C:\Windows\System32\OpenSSH\;C:\Program Files (x86)\NVIDIA Corporation\PhysX\Common;C:\Program Files\NVIDIA Corporation\NVIDIA NvDLISR;C:\WINDOWS\system32;C:\WINDOWS;C:\WINDOWS\System32\Wbem;C:\WINDOWS\System32\WindowsPowerShell\v1.0\;C:\WINDOWS\System32\OpenSSH\;C:\sqlite3;C:\Program Files\Git\cmd;C:\Users\dever\AppData\Local\Programs\Python\Python311\Scripts\;C:\Users\dever\AppData\Local\Programs\Python\Python311\;C:\Users\dever\AppData\Local\Microsoft\WindowsApps;;C:\Users\dever\AppData\Local\Programs\Microsoft VS Code\bin
USERNAME=Marian
OS=Windows_NT
PROCESSOR_IDENTIFIER=Intel64 Family 6 Model 165 Stepping 2, GenuineIntel
TMP=C:\Users\dever\AppData\Local\Temp
TEMP=C:\Users\dever\AppData\Local\Temp



Periodic native trim disabled

JNI global refs:
JNI global refs: 0, weak refs: 0

JNI global refs memory usage: 0, weak refs: 0

Process memory usage:
Resident Set Size: 12804K (0% of 8206124K total physical memory with 343572K free physical memory)

OOME stack traces (most recent first):
Classloader memory used:


---------------  S Y S T E M  ---------------

OS:
 Windows 11 , 64 bit Build 22621 (10.0.22621.3958)
OS uptime: 0 days 7:54 hours
Hyper-V role detected

CPU: total 12 (initial active 12) (6 cores per cpu, 2 threads per core) family 6 model 165 stepping 2 microcode 0xe2, cx8, cmov, fxsr, ht, mmx, 3dnowpref, sse, sse2, sse3, ssse3, sse4.1, sse4.2, popcnt, lzcnt, tsc, tscinvbit, avx, avx2, aes, erms, clmul, bmi1, bmi2, adx, fma, vzeroupper, clflush, clflushopt, hv
Processor Information for all 12 processors :
  Max Mhz: 2496, Current Mhz: 2496, Mhz Limit: 2496

Memory: 4k page, system-wide physical 8013M (335M free)
TotalPageFile size 16205M (AvailPageFile size 60M)
current process WorkingSet (physical memory assigned to process): 12M, peak: 12M
current process commit charge ("private bytes"): 65M, peak: 191M

vm_info: OpenJDK 64-Bit Server VM (17.0.11+0--11852314) for windows-amd64 JRE (17.0.11+0--11852314), built on May 16 2024 21:29:20 by "androidbuild" with MS VC++ 16.10 / 16.11 (VS2019)

END.
