#
# There is insufficient memory for the Java Runtime Environment to continue.
# Native memory allocation (malloc) failed to allocate 433616 bytes. Error detail: Chunk::new
# Possible reasons:
#   The system is out of physical RAM or swap space
#   This process is running with CompressedOops enabled, and the Java Heap may be blocking the growth of the native heap
# Possible solutions:
#   Reduce memory load on the system
#   Increase physical memory or swap space
#   Check if swap backing store is full
#   Decrease Java heap size (-Xmx/-Xms)
#   Decrease number of Java threads
#   Decrease Java thread stack sizes (-Xss)
#   Set larger code cache with -XX:ReservedCodeCacheSize=
#   JVM is running with Unscaled Compressed Oops mode in which the Java heap is
#     placed in the first 4GB address space. The Java Heap base address is the
#     maximum limit for the native heap growth. Please use -XX:HeapBaseMinAddress
#     to set the Java Heap base and to place the Java Heap above 4GB virtual address.
# This output file may be truncated or incomplete.
#
#  Out of Memory Error (arena.cpp:191), pid=11328, tid=15488
#
# JRE version: OpenJDK Runtime Environment (17.0.11) (build 17.0.11+0--11852314)
# Java VM: OpenJDK 64-Bit Server VM (17.0.11+0--11852314, mixed mode, tiered, compressed oops, compressed class ptrs, g1 gc, windows-amd64)
# No core dump will be written. Minidumps are not enabled by default on client versions of Windows
#

---------------  S U M M A R Y ------------

Command Line: --add-opens=java.base/java.util=ALL-UNNAMED --add-opens=java.base/java.lang=ALL-UNNAMED --add-opens=java.base/java.lang.invoke=ALL-UNNAMED --add-opens=java.prefs/java.util.prefs=ALL-UNNAMED --add-opens=java.base/java.nio.charset=ALL-UNNAMED --add-opens=java.base/java.net=ALL-UNNAMED --add-opens=java.base/java.util.concurrent.atomic=ALL-UNNAMED -Xmx2048m -Dfile.encoding=UTF-8 -Duser.country=PH -Duser.language=en -Duser.variant -javaagent:C:\Users\dever\.gradle\wrapper\dists\gradle-8.7-bin\bhs2wmbdwecv87pi65oeuq5iu\gradle-8.7\lib\agents\gradle-instrumentation-agent-8.7.jar org.gradle.launcher.daemon.bootstrap.GradleDaemon 8.7

Host: Intel(R) Core(TM) i5-10500H CPU @ 2.50GHz, 12 cores, 7G,  Windows 11 , 64 bit Build 22621 (10.0.22621.3958)
Time: Tue Oct 15 22:34:36 2024 Malay Peninsula Standard Time elapsed time: 4.196023 seconds (0d 0h 0m 4s)

---------------  T H R E A D  ---------------

Current thread (0x000001af40615a30):  JavaThread "C2 CompilerThread0" daemon [_thread_in_native, id=15488, stack(0x00000008ef200000,0x00000008ef300000)]


Current CompileTask:
C2:   4196 4499       4       org.objectweb.asm.SymbolTable::addConstantMemberReference (147 bytes)

Stack: [0x00000008ef200000,0x00000008ef300000]
Native frames: (J=compiled Java code, j=interpreted, Vv=VM code, C=native code)
V  [jvm.dll+0x687bb9]
V  [jvm.dll+0x84142a]
V  [jvm.dll+0x8430ae]
V  [jvm.dll+0x843713]
V  [jvm.dll+0x24a35f]
V  [jvm.dll+0xac544]
V  [jvm.dll+0xacb8c]
V  [jvm.dll+0x2b194f]
V  [jvm.dll+0x58eba7]
V  [jvm.dll+0x2247e2]
V  [jvm.dll+0x224bdf]
V  [jvm.dll+0x21dd00]
V  [jvm.dll+0x21b201]
V  [jvm.dll+0x1a63ed]
V  [jvm.dll+0x22b1ee]
V  [jvm.dll+0x229375]
V  [jvm.dll+0x7f5647]
V  [jvm.dll+0x7efa4a]
V  [jvm.dll+0x686a35]
C  [ucrtbase.dll+0x29333]
C  [KERNEL32.DLL+0x1257d]
C  [ntdll.dll+0x5af08]


---------------  P R O C E S S  ---------------

Threads class SMR info:
_java_thread_list=0x000001af48643060, length=34, elements={
0x000001af261c8a40, 0x000001af405be0e0, 0x000001af405c2f70, 0x000001af405fbaf0,
0x000001af405fc710, 0x000001af406101b0, 0x000001af4060cf10, 0x000001af40615a30,
0x000001af4061a9f0, 0x000001af40625140, 0x000001af4060e860, 0x000001af406106c0,
0x000001af45165e50, 0x000001af4060d930, 0x000001af4060d420, 0x000001af4060de40,
0x000001af4060e350, 0x000001af4060ed70, 0x000001af4060f280, 0x000001af4060f790,
0x000001af4060fca0, 0x000001af46c57250, 0x000001af46c53590, 0x000001af46c53aa0,
0x000001af46c56d40, 0x000001af46c53fb0, 0x000001af46c4ad50, 0x000001af46c57c70,
0x000001af46c52660, 0x000001af46c52b70, 0x000001af46c553f0, 0x000001af46c549d0,
0x000001af46c544c0, 0x000001af46c51730
}

Java Threads: ( => current thread )
  0x000001af261c8a40 JavaThread "main" [_thread_blocked, id=1640, stack(0x00000008ee500000,0x00000008ee600000)]
  0x000001af405be0e0 JavaThread "Reference Handler" daemon [_thread_blocked, id=8512, stack(0x00000008eec00000,0x00000008eed00000)]
  0x000001af405c2f70 JavaThread "Finalizer" daemon [_thread_blocked, id=9412, stack(0x00000008eed00000,0x00000008eee00000)]
  0x000001af405fbaf0 JavaThread "Signal Dispatcher" daemon [_thread_blocked, id=14240, stack(0x00000008eee00000,0x00000008eef00000)]
  0x000001af405fc710 JavaThread "Attach Listener" daemon [_thread_blocked, id=25696, stack(0x00000008eef00000,0x00000008ef000000)]
  0x000001af406101b0 JavaThread "Service Thread" daemon [_thread_blocked, id=25652, stack(0x00000008ef000000,0x00000008ef100000)]
  0x000001af4060cf10 JavaThread "Monitor Deflation Thread" daemon [_thread_blocked, id=26344, stack(0x00000008ef100000,0x00000008ef200000)]
=>0x000001af40615a30 JavaThread "C2 CompilerThread0" daemon [_thread_in_native, id=15488, stack(0x00000008ef200000,0x00000008ef300000)]
  0x000001af4061a9f0 JavaThread "C1 CompilerThread0" daemon [_thread_blocked, id=4592, stack(0x00000008ef300000,0x00000008ef400000)]
  0x000001af40625140 JavaThread "Sweeper thread" daemon [_thread_blocked, id=22432, stack(0x00000008ef400000,0x00000008ef500000)]
  0x000001af4060e860 JavaThread "Common-Cleaner" daemon [_thread_blocked, id=15504, stack(0x00000008ef500000,0x00000008ef600000)]
  0x000001af406106c0 JavaThread "Notification Thread" daemon [_thread_blocked, id=14948, stack(0x00000008ef600000,0x00000008ef700000)]
  0x000001af45165e50 JavaThread "C2 CompilerThread1" daemon [_thread_in_native, id=22948, stack(0x00000008ef800000,0x00000008ef900000)]
  0x000001af4060d930 JavaThread "Daemon health stats" [_thread_blocked, id=8280, stack(0x00000008efe00000,0x00000008eff00000)]
  0x000001af4060d420 JavaThread "Incoming local TCP Connector on port 62565" [_thread_in_native, id=12692, stack(0x00000008eff00000,0x00000008f0000000)]
  0x000001af4060de40 JavaThread "Daemon periodic checks" [_thread_blocked, id=17076, stack(0x00000008f0000000,0x00000008f0100000)]
  0x000001af4060e350 JavaThread "Daemon" [_thread_blocked, id=7648, stack(0x00000008f0100000,0x00000008f0200000)]
  0x000001af4060ed70 JavaThread "Handler for socket connection from /127.0.0.1:62565 to /127.0.0.1:62566" [_thread_in_native, id=25536, stack(0x00000008f0200000,0x00000008f0300000)]
  0x000001af4060f280 JavaThread "Cancel handler" [_thread_blocked, id=16252, stack(0x00000008f0300000,0x00000008f0400000)]
  0x000001af4060f790 JavaThread "Daemon worker" [_thread_in_vm, id=1420, stack(0x00000008f0400000,0x00000008f0500000)]
  0x000001af4060fca0 JavaThread "Asynchronous log dispatcher for DefaultDaemonConnection: socket connection from /127.0.0.1:62565 to /127.0.0.1:62566" [_thread_blocked, id=10568, stack(0x00000008f0500000,0x00000008f0600000)]
  0x000001af46c57250 JavaThread "Stdin handler" [_thread_blocked, id=12960, stack(0x00000008f0600000,0x00000008f0700000)]
  0x000001af46c53590 JavaThread "Daemon client event forwarder" [_thread_in_vm, id=11228, stack(0x00000008f0700000,0x00000008f0800000)]
  0x000001af46c53aa0 JavaThread "Cache worker for journal cache (C:\Users\dever\.gradle\caches\journal-1)" [_thread_blocked, id=26012, stack(0x00000008efd00000,0x00000008efe00000)]
  0x000001af46c56d40 JavaThread "File lock request listener" [_thread_in_native, id=26080, stack(0x00000008f0f00000,0x00000008f1000000)]
  0x000001af46c53fb0 JavaThread "Cache worker for file hash cache (C:\Users\dever\.gradle\caches\8.7\fileHashes)" [_thread_blocked, id=13672, stack(0x00000008f1000000,0x00000008f1100000)]
  0x000001af46c4ad50 JavaThread "C2 CompilerThread2" daemon [_thread_blocked, id=25428, stack(0x00000008f1100000,0x00000008f1200000)]
  0x000001af46c57c70 JavaThread "Cache worker for file hash cache (C:\Users\dever\AndroidStudioProjects\IntelliQuiz\.gradle\8.7\fileHashes)" [_thread_blocked, id=23400, stack(0x00000008f1200000,0x00000008f1300000)]
  0x000001af46c52660 JavaThread "File watcher server" daemon [_thread_in_native, id=25504, stack(0x00000008f1300000,0x00000008f1400000)]
  0x000001af46c52b70 JavaThread "File watcher consumer" daemon [_thread_blocked, id=24480, stack(0x00000008f1400000,0x00000008f1500000)]
  0x000001af46c553f0 JavaThread "Cache worker for checksums cache (C:\Users\dever\AndroidStudioProjects\IntelliQuiz\.gradle\8.7\checksums)" [_thread_blocked, id=8460, stack(0x00000008f1500000,0x00000008f1600000)]
  0x000001af46c549d0 JavaThread "Cache worker for cache directory md-supplier (C:\Users\dever\.gradle\caches\8.7\md-supplier)" [_thread_blocked, id=8484, stack(0x00000008f1600000,0x00000008f1700000)]
  0x000001af46c544c0 JavaThread "Cache worker for cache directory md-rule (C:\Users\dever\.gradle\caches\8.7\md-rule)" [_thread_blocked, id=13160, stack(0x00000008f1700000,0x00000008f1800000)]
  0x000001af46c51730 JavaThread "Cache worker for file content cache (C:\Users\dever\.gradle\caches\8.7\fileContent)" [_thread_blocked, id=15336, stack(0x00000008f1800000,0x00000008f1900000)]

Other Threads:
  0x000001af3fdd6b80 VMThread "VM Thread" [stack: 0x00000008eeb00000,0x00000008eec00000] [id=8776]
  0x000001af261c97d0 WatcherThread [stack: 0x00000008ef700000,0x00000008ef800000] [id=7728]
  0x000001af262260e0 GCTaskThread "GC Thread#0" [stack: 0x00000008ee600000,0x00000008ee700000] [id=1960]
  0x000001af45941d60 GCTaskThread "GC Thread#1" [stack: 0x00000008ef900000,0x00000008efa00000] [id=5572]
  0x000001af45d327a0 GCTaskThread "GC Thread#2" [stack: 0x00000008efa00000,0x00000008efb00000] [id=17960]
  0x000001af45c70860 GCTaskThread "GC Thread#3" [stack: 0x00000008efb00000,0x00000008efc00000] [id=25116]
  0x000001af45c9ace0 GCTaskThread "GC Thread#4" [stack: 0x00000008efc00000,0x00000008efd00000] [id=23484]
  0x000001af463b9090 GCTaskThread "GC Thread#5" [stack: 0x00000008f0800000,0x00000008f0900000] [id=25236]
  0x000001af464be540 GCTaskThread "GC Thread#6" [stack: 0x00000008f0900000,0x00000008f0a00000] [id=23944]
  0x000001af473f28e0 GCTaskThread "GC Thread#7" [stack: 0x00000008f0a00000,0x00000008f0b00000] [id=8728]
  0x000001af45103820 GCTaskThread "GC Thread#8" [stack: 0x00000008f0b00000,0x00000008f0c00000] [id=7020]
  0x000001af46b877e0 GCTaskThread "GC Thread#9" [stack: 0x00000008f0c00000,0x00000008f0d00000] [id=25540]
  0x000001af26237180 ConcurrentGCThread "G1 Main Marker" [stack: 0x00000008ee700000,0x00000008ee800000] [id=25612]
  0x000001af2623a720 ConcurrentGCThread "G1 Conc#0" [stack: 0x00000008ee800000,0x00000008ee900000] [id=24496]
  0x000001af469bb460 ConcurrentGCThread "G1 Conc#1" [stack: 0x00000008f0d00000,0x00000008f0e00000] [id=12976]
  0x000001af45be1c30 ConcurrentGCThread "G1 Conc#2" [stack: 0x00000008f0e00000,0x00000008f0f00000] [id=24588]
  0x000001af3fc84e40 ConcurrentGCThread "G1 Refine#0" [stack: 0x00000008ee900000,0x00000008eea00000] [id=17152]
  0x000001af3fc85870 ConcurrentGCThread "G1 Service" [stack: 0x00000008eea00000,0x00000008eeb00000] [id=16884]

Threads with active compile tasks:
C2 CompilerThread0     4230 4499       4       org.objectweb.asm.SymbolTable::addConstantMemberReference (147 bytes)
C2 CompilerThread1     4230 4522       4       sun.invoke.util.VerifyAccess::isTypeVisible (118 bytes)

VM state: not at safepoint (normal execution)

VM Mutex/Monitor currently owned by a thread:  ([mutex/lock_event])
[0x000001af261c4120] Metaspace_lock - owner thread: 0x000001af46c53590

Heap address: 0x0000000080000000, size: 2048 MB, Compressed Oops mode: 32-bit

CDS archive(s) not mapped
Compressed class space mapped at: 0x0000000100000000-0x0000000140000000, reserved size: 1073741824
Narrow klass base: 0x0000000000000000, Narrow klass shift: 3, Narrow klass range: 0x140000000

GC Precious Log:
 CPUs: 12 total, 12 available
 Memory: 8013M
 Large Page Support: Disabled
 NUMA Support: Disabled
 Compressed Oops: Enabled (32-bit)
 Heap Region Size: 1M
 Heap Min Capacity: 8M
 Heap Initial Capacity: 126M
 Heap Max Capacity: 2G
 Pre-touch: Disabled
 Parallel Workers: 10
 Concurrent Workers: 3
 Concurrent Refinement Workers: 10
 Periodic GC: Disabled

Heap:
 garbage-first heap   total 86016K, used 54528K [0x0000000080000000, 0x0000000100000000)
  region size 1024K, 25 young (25600K), 3 survivors (3072K)
 Metaspace       used 50711K, committed 51136K, reserved 1114112K
  class space    used 6993K, committed 7232K, reserved 1048576K

Heap Regions: E=young(eden), S=young(survivor), O=old, HS=humongous(starts), HC=humongous(continues), CS=collection set, F=free, OA=open archive, CA=closed archive, TAMS=top-at-mark-start (previous, next)
|   0|0x0000000080000000, 0x0000000080100000, 0x0000000080100000|100%|HS|  |TAMS 0x0000000080100000, 0x0000000080000000| Complete 
|   1|0x0000000080100000, 0x0000000080200000, 0x0000000080200000|100%|HC|  |TAMS 0x0000000080200000, 0x0000000080100000| Complete 
|   2|0x0000000080200000, 0x0000000080300000, 0x0000000080300000|100%|HC|  |TAMS 0x0000000080300000, 0x0000000080200000| Complete 
|   3|0x0000000080300000, 0x0000000080400000, 0x0000000080400000|100%|HC|  |TAMS 0x0000000080400000, 0x0000000080300000| Complete 
|   4|0x0000000080400000, 0x0000000080500000, 0x0000000080500000|100%| O|  |TAMS 0x0000000080500000, 0x0000000080400000| Untracked 
|   5|0x0000000080500000, 0x0000000080600000, 0x0000000080600000|100%| O|  |TAMS 0x0000000080600000, 0x0000000080500000| Untracked 
|   6|0x0000000080600000, 0x0000000080700000, 0x0000000080700000|100%| O|  |TAMS 0x0000000080700000, 0x0000000080600000| Untracked 
|   7|0x0000000080700000, 0x0000000080800000, 0x0000000080800000|100%| O|  |TAMS 0x0000000080800000, 0x0000000080700000| Untracked 
|   8|0x0000000080800000, 0x0000000080900000, 0x0000000080900000|100%| O|  |TAMS 0x0000000080900000, 0x0000000080800000| Untracked 
|   9|0x0000000080900000, 0x0000000080a00000, 0x0000000080a00000|100%| O|  |TAMS 0x0000000080a00000, 0x0000000080900000| Untracked 
|  10|0x0000000080a00000, 0x0000000080a85a00, 0x0000000080b00000| 52%| O|  |TAMS 0x0000000080a85a00, 0x0000000080a00000| Untracked 
|  11|0x0000000080b00000, 0x0000000080c00000, 0x0000000080c00000|100%| O|  |TAMS 0x0000000080c00000, 0x0000000080b00000| Untracked 
|  12|0x0000000080c00000, 0x0000000080d00000, 0x0000000080d00000|100%| O|  |TAMS 0x0000000080d00000, 0x0000000080c00000| Untracked 
|  13|0x0000000080d00000, 0x0000000080e00000, 0x0000000080e00000|100%| O|  |TAMS 0x0000000080e00000, 0x0000000080d00000| Untracked 
|  14|0x0000000080e00000, 0x0000000080f00000, 0x0000000080f00000|100%| O|  |TAMS 0x0000000080f00000, 0x0000000080e00000| Untracked 
|  15|0x0000000080f00000, 0x0000000081000000, 0x0000000081000000|100%| O|  |TAMS 0x0000000081000000, 0x0000000080f00000| Untracked 
|  16|0x0000000081000000, 0x0000000081100000, 0x0000000081100000|100%| O|  |TAMS 0x0000000081100000, 0x0000000081000000| Untracked 
|  17|0x0000000081100000, 0x0000000081200000, 0x0000000081200000|100%| O|  |TAMS 0x0000000081200000, 0x0000000081100000| Untracked 
|  18|0x0000000081200000, 0x0000000081300000, 0x0000000081300000|100%| O|  |TAMS 0x0000000081300000, 0x0000000081200000| Untracked 
|  19|0x0000000081300000, 0x0000000081400000, 0x0000000081400000|100%| O|  |TAMS 0x0000000081400000, 0x0000000081300000| Untracked 
|  20|0x0000000081400000, 0x0000000081500000, 0x0000000081500000|100%| O|  |TAMS 0x00000000814a9e00, 0x0000000081400000| Untracked 
|  21|0x0000000081500000, 0x0000000081600000, 0x0000000081600000|100%| O|  |TAMS 0x0000000081500000, 0x0000000081500000| Untracked 
|  22|0x0000000081600000, 0x0000000081700000, 0x0000000081700000|100%| O|  |TAMS 0x0000000081600000, 0x0000000081600000| Untracked 
|  23|0x0000000081700000, 0x0000000081800000, 0x0000000081800000|100%| O|  |TAMS 0x0000000081700000, 0x0000000081700000| Untracked 
|  24|0x0000000081800000, 0x0000000081900000, 0x0000000081900000|100%| O|  |TAMS 0x0000000081800000, 0x0000000081800000| Untracked 
|  25|0x0000000081900000, 0x0000000081a00000, 0x0000000081a00000|100%| O|  |TAMS 0x0000000081900000, 0x0000000081900000| Untracked 
|  26|0x0000000081a00000, 0x0000000081b00000, 0x0000000081b00000|100%| O|  |TAMS 0x0000000081a00000, 0x0000000081a00000| Untracked 
|  27|0x0000000081b00000, 0x0000000081c00000, 0x0000000081c00000|100%| O|  |TAMS 0x0000000081b00000, 0x0000000081b00000| Untracked 
|  28|0x0000000081c00000, 0x0000000081d00000, 0x0000000081d00000|100%| O|  |TAMS 0x0000000081c00000, 0x0000000081c00000| Untracked 
|  29|0x0000000081d00000, 0x0000000081e00000, 0x0000000081e00000|100%| O|  |TAMS 0x0000000081d00000, 0x0000000081d00000| Untracked 
|  30|0x0000000081e00000, 0x0000000081ea0e00, 0x0000000081f00000| 62%| O|  |TAMS 0x0000000081e00000, 0x0000000081e00000| Untracked 
|  31|0x0000000081f00000, 0x0000000081f00000, 0x0000000082000000|  0%| F|  |TAMS 0x0000000081f00000, 0x0000000081f00000| Untracked 
|  32|0x0000000082000000, 0x0000000082000000, 0x0000000082100000|  0%| F|  |TAMS 0x0000000082000000, 0x0000000082000000| Untracked 
|  33|0x0000000082100000, 0x0000000082100000, 0x0000000082200000|  0%| F|  |TAMS 0x0000000082100000, 0x0000000082100000| Untracked 
|  34|0x0000000082200000, 0x0000000082200000, 0x0000000082300000|  0%| F|  |TAMS 0x0000000082200000, 0x0000000082200000| Untracked 
|  35|0x0000000082300000, 0x0000000082300000, 0x0000000082400000|  0%| F|  |TAMS 0x0000000082300000, 0x0000000082300000| Untracked 
|  36|0x0000000082400000, 0x0000000082400000, 0x0000000082500000|  0%| F|  |TAMS 0x0000000082400000, 0x0000000082400000| Untracked 
|  37|0x0000000082500000, 0x0000000082500000, 0x0000000082600000|  0%| F|  |TAMS 0x0000000082500000, 0x0000000082500000| Untracked 
|  38|0x0000000082600000, 0x0000000082600000, 0x0000000082700000|  0%| F|  |TAMS 0x0000000082600000, 0x0000000082600000| Untracked 
|  39|0x0000000082700000, 0x0000000082700000, 0x0000000082800000|  0%| F|  |TAMS 0x0000000082700000, 0x0000000082700000| Untracked 
|  40|0x0000000082800000, 0x0000000082800000, 0x0000000082900000|  0%| F|  |TAMS 0x0000000082800000, 0x0000000082800000| Untracked 
|  41|0x0000000082900000, 0x0000000082900000, 0x0000000082a00000|  0%| F|  |TAMS 0x0000000082900000, 0x0000000082900000| Untracked 
|  42|0x0000000082a00000, 0x0000000082a00000, 0x0000000082b00000|  0%| F|  |TAMS 0x0000000082a00000, 0x0000000082a00000| Untracked 
|  43|0x0000000082b00000, 0x0000000082b00000, 0x0000000082c00000|  0%| F|  |TAMS 0x0000000082b00000, 0x0000000082b00000| Untracked 
|  44|0x0000000082c00000, 0x0000000082c00000, 0x0000000082d00000|  0%| F|  |TAMS 0x0000000082c00000, 0x0000000082c00000| Untracked 
|  45|0x0000000082d00000, 0x0000000082d00000, 0x0000000082e00000|  0%| F|  |TAMS 0x0000000082d00000, 0x0000000082d00000| Untracked 
|  46|0x0000000082e00000, 0x0000000082e00000, 0x0000000082f00000|  0%| F|  |TAMS 0x0000000082e00000, 0x0000000082e00000| Untracked 
|  47|0x0000000082f00000, 0x0000000082f198b0, 0x0000000083000000|  9%| S|CS|TAMS 0x0000000082f00000, 0x0000000082f00000| Complete 
|  48|0x0000000083000000, 0x0000000083100000, 0x0000000083100000|100%| S|CS|TAMS 0x0000000083000000, 0x0000000083000000| Complete 
|  49|0x0000000083100000, 0x0000000083200000, 0x0000000083200000|100%| S|CS|TAMS 0x0000000083100000, 0x0000000083100000| Complete 
|  50|0x0000000083200000, 0x0000000083200000, 0x0000000083300000|  0%| F|  |TAMS 0x0000000083200000, 0x0000000083200000| Untracked 
|  51|0x0000000083300000, 0x0000000083300000, 0x0000000083400000|  0%| F|  |TAMS 0x0000000083300000, 0x0000000083300000| Untracked 
|  52|0x0000000083400000, 0x0000000083400000, 0x0000000083500000|  0%| F|  |TAMS 0x0000000083400000, 0x0000000083400000| Untracked 
|  53|0x0000000083500000, 0x0000000083500000, 0x0000000083600000|  0%| F|  |TAMS 0x0000000083500000, 0x0000000083500000| Untracked 
|  54|0x0000000083600000, 0x0000000083600000, 0x0000000083700000|  0%| F|  |TAMS 0x0000000083600000, 0x0000000083600000| Untracked 
|  55|0x0000000083700000, 0x0000000083700000, 0x0000000083800000|  0%| F|  |TAMS 0x0000000083700000, 0x0000000083700000| Untracked 
|  56|0x0000000083800000, 0x0000000083800000, 0x0000000083900000|  0%| F|  |TAMS 0x0000000083800000, 0x0000000083800000| Untracked 
|  57|0x0000000083900000, 0x0000000083900000, 0x0000000083a00000|  0%| F|  |TAMS 0x0000000083900000, 0x0000000083900000| Untracked 
|  58|0x0000000083a00000, 0x0000000083a00000, 0x0000000083b00000|  0%| F|  |TAMS 0x0000000083a00000, 0x0000000083a00000| Untracked 
|  59|0x0000000083b00000, 0x0000000083b00000, 0x0000000083c00000|  0%| F|  |TAMS 0x0000000083b00000, 0x0000000083b00000| Untracked 
|  60|0x0000000083c00000, 0x0000000083c00000, 0x0000000083d00000|  0%| F|  |TAMS 0x0000000083c00000, 0x0000000083c00000| Untracked 
|  61|0x0000000083d00000, 0x0000000083d00000, 0x0000000083e00000|  0%| F|  |TAMS 0x0000000083d00000, 0x0000000083d00000| Untracked 
|  62|0x0000000083e00000, 0x0000000083e00e10, 0x0000000083f00000|  0%| E|  |TAMS 0x0000000083e00000, 0x0000000083e00000| Complete 
|  63|0x0000000083f00000, 0x0000000084000000, 0x0000000084000000|100%| E|CS|TAMS 0x0000000083f00000, 0x0000000083f00000| Complete 
|  64|0x0000000084000000, 0x0000000084100000, 0x0000000084100000|100%| E|CS|TAMS 0x0000000084000000, 0x0000000084000000| Complete 
|  65|0x0000000084100000, 0x0000000084200000, 0x0000000084200000|100%| E|CS|TAMS 0x0000000084100000, 0x0000000084100000| Complete 
|  66|0x0000000084200000, 0x0000000084300000, 0x0000000084300000|100%| E|CS|TAMS 0x0000000084200000, 0x0000000084200000| Complete 
|  67|0x0000000084300000, 0x0000000084400000, 0x0000000084400000|100%| E|CS|TAMS 0x0000000084300000, 0x0000000084300000| Complete 
|  68|0x0000000084400000, 0x0000000084500000, 0x0000000084500000|100%| E|CS|TAMS 0x0000000084400000, 0x0000000084400000| Complete 
|  69|0x0000000084500000, 0x0000000084600000, 0x0000000084600000|100%| E|CS|TAMS 0x0000000084500000, 0x0000000084500000| Complete 
|  70|0x0000000084600000, 0x0000000084700000, 0x0000000084700000|100%| E|CS|TAMS 0x0000000084600000, 0x0000000084600000| Complete 
|  71|0x0000000084700000, 0x0000000084800000, 0x0000000084800000|100%| E|CS|TAMS 0x0000000084700000, 0x0000000084700000| Complete 
|  72|0x0000000084800000, 0x0000000084900000, 0x0000000084900000|100%| E|CS|TAMS 0x0000000084800000, 0x0000000084800000| Complete 
|  73|0x0000000084900000, 0x0000000084a00000, 0x0000000084a00000|100%| E|CS|TAMS 0x0000000084900000, 0x0000000084900000| Complete 
|  74|0x0000000084a00000, 0x0000000084b00000, 0x0000000084b00000|100%| E|CS|TAMS 0x0000000084a00000, 0x0000000084a00000| Complete 
|  75|0x0000000084b00000, 0x0000000084c00000, 0x0000000084c00000|100%| E|CS|TAMS 0x0000000084b00000, 0x0000000084b00000| Complete 
|  76|0x0000000084c00000, 0x0000000084d00000, 0x0000000084d00000|100%| E|CS|TAMS 0x0000000084c00000, 0x0000000084c00000| Complete 
|  77|0x0000000084d00000, 0x0000000084e00000, 0x0000000084e00000|100%| E|CS|TAMS 0x0000000084d00000, 0x0000000084d00000| Complete 
|  78|0x0000000084e00000, 0x0000000084f00000, 0x0000000084f00000|100%| E|CS|TAMS 0x0000000084e00000, 0x0000000084e00000| Complete 
|  79|0x0000000084f00000, 0x0000000085000000, 0x0000000085000000|100%| E|CS|TAMS 0x0000000084f00000, 0x0000000084f00000| Complete 
|  80|0x0000000085000000, 0x0000000085100000, 0x0000000085100000|100%| E|CS|TAMS 0x0000000085000000, 0x0000000085000000| Complete 
|  81|0x0000000085100000, 0x0000000085200000, 0x0000000085200000|100%| E|CS|TAMS 0x0000000085100000, 0x0000000085100000| Complete 
|  82|0x0000000085200000, 0x0000000085300000, 0x0000000085300000|100%| E|CS|TAMS 0x0000000085200000, 0x0000000085200000| Complete 
| 125|0x0000000087d00000, 0x0000000087e00000, 0x0000000087e00000|100%| E|CS|TAMS 0x0000000087d00000, 0x0000000087d00000| Complete 

Card table byte_map: [0x000001af38fc0000,0x000001af393c0000] _byte_map_base: 0x000001af38bc0000

Marking Bits (Prev, Next): (CMBitMap*) 0x000001af26226700, (CMBitMap*) 0x000001af26226740
 Prev Bits: [0x000001af397c0000, 0x000001af3b7c0000)
 Next Bits: [0x000001af3b7c0000, 0x000001af3d7c0000)

Polling page: 0x000001af25950000

Metaspace:

Usage:
  Non-class:     42.69 MB used.
      Class:      6.83 MB used.
       Both:     49.52 MB used.

Virtual space:
  Non-class space:       64.00 MB reserved,      42.88 MB ( 67%) committed,  1 nodes.
      Class space:        1.00 GB reserved,       7.06 MB ( <1%) committed,  1 nodes.
             Both:        1.06 GB reserved,      49.94 MB (  5%) committed. 

Chunk freelists:
   Non-Class:  5.06 MB
       Class:  8.93 MB
        Both:  14.00 MB

MaxMetaspaceSize: unlimited
CompressedClassSpaceSize: 1.00 GB
Initial GC threshold: 21.00 MB
Current GC threshold: 58.88 MB
CDS: off
MetaspaceReclaimPolicy: balanced
 - commit_granule_bytes: 65536.
 - commit_granule_words: 8192.
 - virtual_space_node_default_size: 8388608.
 - enlarge_chunks_in_place: 1.
 - new_chunks_are_fully_committed: 0.
 - uncommit_free_chunks: 1.
 - use_allocation_guard: 0.
 - handle_deallocations: 1.


Internal statistics:

num_allocs_failed_limit: 6.
num_arena_births: 476.
num_arena_deaths: 0.
num_vsnodes_births: 2.
num_vsnodes_deaths: 0.
num_space_committed: 799.
num_space_uncommitted: 0.
num_chunks_returned_to_freelist: 6.
num_chunks_taken_from_freelist: 2051.
num_chunk_merges: 6.
num_chunk_splits: 1361.
num_chunks_enlarged: 962.
num_inconsistent_stats: 0.

CodeHeap 'non-profiled nmethods': size=120000Kb used=2988Kb max_used=2988Kb free=117011Kb
 bounds [0x000001af31140000, 0x000001af31430000, 0x000001af38670000]
CodeHeap 'profiled nmethods': size=120000Kb used=9157Kb max_used=9157Kb free=110842Kb
 bounds [0x000001af29670000, 0x000001af29f70000, 0x000001af30ba0000]
CodeHeap 'non-nmethods': size=5760Kb used=1608Kb max_used=1743Kb free=4151Kb
 bounds [0x000001af30ba0000, 0x000001af30e10000, 0x000001af31140000]
 total_blobs=5205 nmethods=4529 adapters=588
 compilation: enabled
              stopped_count=0, restarted_count=0
 full_count=0

Compilation events (20 events):
Event: 4.185 Thread 0x000001af4061a9f0 4507       3       java.util.concurrent.ConcurrentHashMap::<init> (73 bytes)
Event: 4.185 Thread 0x000001af4061a9f0 nmethod 4507 0x000001af29f50910 code [0x000001af29f50b20, 0x000001af29f51098]
Event: 4.187 Thread 0x000001af4061a9f0 4508       3       java.lang.PublicMethods$Key::equals (50 bytes)
Event: 4.187 Thread 0x000001af45165e50 4509       4       java.util.Arrays::hashCode (56 bytes)
Event: 4.188 Thread 0x000001af46c4ad50 4510       4       java.lang.PublicMethods$Key::hashCode (19 bytes)
Event: 4.188 Thread 0x000001af4061a9f0 nmethod 4508 0x000001af29f51210 code [0x000001af29f513e0, 0x000001af29f51828]
Event: 4.189 Thread 0x000001af45165e50 nmethod 4509 0x000001af3142a790 code [0x000001af3142a920, 0x000001af3142aa78]
Event: 4.189 Thread 0x000001af46c4ad50 nmethod 4510 0x000001af3142ab90 code [0x000001af3142ad20, 0x000001af3142af18]
Event: 4.190 Thread 0x000001af4061a9f0 4511       3       java.util.concurrent.ConcurrentHashMap::containsKey (14 bytes)
Event: 4.190 Thread 0x000001af4061a9f0 nmethod 4511 0x000001af29f51910 code [0x000001af29f51ac0, 0x000001af29f51c68]
Event: 4.191 Thread 0x000001af4061a9f0 4512       3       org.gradle.internal.event.BroadcastDispatch$SingletonDispatch::dispatch (9 bytes)
Event: 4.191 Thread 0x000001af4061a9f0 nmethod 4512 0x000001af29f51d10 code [0x000001af29f51ec0, 0x000001af29f521e8]
Event: 4.191 Thread 0x000001af4061a9f0 4513       3       org.gradle.internal.event.BroadcastDispatch$SingletonDispatch::dispatch (10 bytes)
Event: 4.191 Thread 0x000001af4061a9f0 nmethod 4513 0x000001af29f52310 code [0x000001af29f524a0, 0x000001af29f52668]
Event: 4.191 Thread 0x000001af4061a9f0 4514       3       org.gradle.internal.logging.slf4j.OutputEventListenerBackedLogger::isDebugEnabled (5 bytes)
Event: 4.191 Thread 0x000001af4061a9f0 nmethod 4514 0x000001af29f52710 code [0x000001af29f528e0, 0x000001af29f52cc8]
Event: 4.192 Thread 0x000001af4061a9f0 4515       3       jdk.internal.jimage.BasicImageReader::getLocationIndex (52 bytes)
Event: 4.192 Thread 0x000001af4061a9f0 nmethod 4515 0x000001af29f52e90 code [0x000001af29f53080, 0x000001af29f53518]
Event: 4.192 Thread 0x000001af4061a9f0 4516       3       jdk.internal.jimage.ImageStringsReader::hashCode (8 bytes)
Event: 4.192 Thread 0x000001af4061a9f0 nmethod 4516 0x000001af29f53790 code [0x000001af29f53940, 0x000001af29f53af8]

GC Heap History (20 events):
Event: 0.571 GC heap before
{Heap before GC invocations=0 (full 0):
 garbage-first heap   total 129024K, used 26624K [0x0000000080000000, 0x0000000100000000)
  region size 1024K, 23 young (23552K), 0 survivors (0K)
 Metaspace       used 10420K, committed 10560K, reserved 1114112K
  class space    used 1080K, committed 1152K, reserved 1048576K
}
Event: 0.576 GC heap after
{Heap after GC invocations=1 (full 0):
 garbage-first heap   total 129024K, used 10480K [0x0000000080000000, 0x0000000100000000)
  region size 1024K, 3 young (3072K), 3 survivors (3072K)
 Metaspace       used 10420K, committed 10560K, reserved 1114112K
  class space    used 1080K, committed 1152K, reserved 1048576K
}
Event: 0.967 GC heap before
{Heap before GC invocations=1 (full 0):
 garbage-first heap   total 129024K, used 39152K [0x0000000080000000, 0x0000000100000000)
  region size 1024K, 31 young (31744K), 3 survivors (3072K)
 Metaspace       used 11460K, committed 11648K, reserved 1114112K
  class space    used 1198K, committed 1280K, reserved 1048576K
}
Event: 0.970 GC heap after
{Heap after GC invocations=2 (full 0):
 garbage-first heap   total 129024K, used 11671K [0x0000000080000000, 0x0000000100000000)
  region size 1024K, 1 young (1024K), 1 survivors (1024K)
 Metaspace       used 11460K, committed 11648K, reserved 1114112K
  class space    used 1198K, committed 1280K, reserved 1048576K
}
Event: 1.765 GC heap before
{Heap before GC invocations=2 (full 0):
 garbage-first heap   total 129024K, used 61847K [0x0000000080000000, 0x0000000100000000)
  region size 1024K, 50 young (51200K), 1 survivors (1024K)
 Metaspace       used 21255K, committed 21504K, reserved 1114112K
  class space    used 2491K, committed 2624K, reserved 1048576K
}
Event: 1.771 GC heap after
{Heap after GC invocations=3 (full 0):
 garbage-first heap   total 129024K, used 19134K [0x0000000080000000, 0x0000000100000000)
  region size 1024K, 9 young (9216K), 9 survivors (9216K)
 Metaspace       used 21255K, committed 21504K, reserved 1114112K
  class space    used 2491K, committed 2624K, reserved 1048576K
}
Event: 2.159 GC heap before
{Heap before GC invocations=4 (full 0):
 garbage-first heap   total 71680K, used 51902K [0x0000000080000000, 0x0000000100000000)
  region size 1024K, 42 young (43008K), 9 survivors (9216K)
 Metaspace       used 26475K, committed 26752K, reserved 1114112K
  class space    used 3383K, committed 3520K, reserved 1048576K
}
Event: 2.164 GC heap after
{Heap after GC invocations=5 (full 0):
 garbage-first heap   total 71680K, used 21160K [0x0000000080000000, 0x0000000100000000)
  region size 1024K, 3 young (3072K), 3 survivors (3072K)
 Metaspace       used 26475K, committed 26752K, reserved 1114112K
  class space    used 3383K, committed 3520K, reserved 1048576K
}
Event: 2.474 GC heap before
{Heap before GC invocations=5 (full 0):
 garbage-first heap   total 71680K, used 48808K [0x0000000080000000, 0x0000000100000000)
  region size 1024K, 31 young (31744K), 3 survivors (3072K)
 Metaspace       used 30319K, committed 30720K, reserved 1114112K
  class space    used 4016K, committed 4224K, reserved 1048576K
}
Event: 2.476 GC heap after
{Heap after GC invocations=6 (full 0):
 garbage-first heap   total 71680K, used 22563K [0x0000000080000000, 0x0000000100000000)
  region size 1024K, 4 young (4096K), 4 survivors (4096K)
 Metaspace       used 30319K, committed 30720K, reserved 1114112K
  class space    used 4016K, committed 4224K, reserved 1048576K
}
Event: 2.757 GC heap before
{Heap before GC invocations=6 (full 0):
 garbage-first heap   total 71680K, used 52259K [0x0000000080000000, 0x0000000100000000)
  region size 1024K, 33 young (33792K), 4 survivors (4096K)
 Metaspace       used 34046K, committed 34368K, reserved 1114112K
  class space    used 4630K, committed 4800K, reserved 1048576K
}
Event: 2.761 GC heap after
{Heap after GC invocations=7 (full 0):
 garbage-first heap   total 71680K, used 23862K [0x0000000080000000, 0x0000000100000000)
  region size 1024K, 4 young (4096K), 4 survivors (4096K)
 Metaspace       used 34046K, committed 34368K, reserved 1114112K
  class space    used 4630K, committed 4800K, reserved 1048576K
}
Event: 2.860 GC heap before
{Heap before GC invocations=7 (full 0):
 garbage-first heap   total 71680K, used 34102K [0x0000000080000000, 0x0000000100000000)
  region size 1024K, 15 young (15360K), 4 survivors (4096K)
 Metaspace       used 35691K, committed 35968K, reserved 1114112K
  class space    used 4864K, committed 4992K, reserved 1048576K
}
Event: 2.863 GC heap after
{Heap after GC invocations=8 (full 0):
 garbage-first heap   total 71680K, used 24388K [0x0000000080000000, 0x0000000100000000)
  region size 1024K, 2 young (2048K), 2 survivors (2048K)
 Metaspace       used 35691K, committed 35968K, reserved 1114112K
  class space    used 4864K, committed 4992K, reserved 1048576K
}
Event: 3.198 GC heap before
{Heap before GC invocations=9 (full 0):
 garbage-first heap   total 71680K, used 54084K [0x0000000080000000, 0x0000000100000000)
  region size 1024K, 32 young (32768K), 2 survivors (2048K)
 Metaspace       used 41292K, committed 41664K, reserved 1114112K
  class space    used 5474K, committed 5632K, reserved 1048576K
}
Event: 3.202 GC heap after
{Heap after GC invocations=10 (full 0):
 garbage-first heap   total 86016K, used 27972K [0x0000000080000000, 0x0000000100000000)
  region size 1024K, 4 young (4096K), 4 survivors (4096K)
 Metaspace       used 41292K, committed 41664K, reserved 1114112K
  class space    used 5474K, committed 5632K, reserved 1048576K
}
Event: 3.452 GC heap before
{Heap before GC invocations=10 (full 0):
 garbage-first heap   total 86016K, used 65860K [0x0000000080000000, 0x0000000100000000)
  region size 1024K, 41 young (41984K), 4 survivors (4096K)
 Metaspace       used 43501K, committed 43904K, reserved 1114112K
  class space    used 5821K, committed 6016K, reserved 1048576K
}
Event: 3.456 GC heap after
{Heap after GC invocations=11 (full 0):
 garbage-first heap   total 86016K, used 31112K [0x0000000080000000, 0x0000000100000000)
  region size 1024K, 6 young (6144K), 6 survivors (6144K)
 Metaspace       used 43501K, committed 43904K, reserved 1114112K
  class space    used 5821K, committed 6016K, reserved 1048576K
}
Event: 3.915 GC heap before
{Heap before GC invocations=11 (full 0):
 garbage-first heap   total 86016K, used 65928K [0x0000000080000000, 0x0000000100000000)
  region size 1024K, 40 young (40960K), 6 survivors (6144K)
 Metaspace       used 47766K, committed 48192K, reserved 1114112K
  class space    used 6534K, committed 6720K, reserved 1048576K
}
Event: 3.920 GC heap after
{Heap after GC invocations=12 (full 0):
 garbage-first heap   total 86016K, used 33024K [0x0000000080000000, 0x0000000100000000)
  region size 1024K, 3 young (3072K), 3 survivors (3072K)
 Metaspace       used 47766K, committed 48192K, reserved 1114112K
  class space    used 6534K, committed 6720K, reserved 1048576K
}

Dll operation events (3 events):
Event: 0.013 Loaded shared library C:\Program Files\Android\Android Studio\jbr\bin\java.dll
Event: 0.108 Loaded shared library C:\Program Files\Android\Android Studio\jbr\bin\zip.dll
Event: 0.356 Loaded shared library C:\Program Files\Android\Android Studio\jbr\bin\verify.dll

Deoptimization events (20 events):
Event: 4.168 Thread 0x000001af4060f790 DEOPT PACKING pc=0x000001af311c14d4 sp=0x00000008f04f8590
Event: 4.168 Thread 0x000001af4060f790 DEOPT UNPACKING pc=0x000001af30bf69a3 sp=0x00000008f04f8520 mode 2
Event: 4.168 Thread 0x000001af4060f790 Uncommon trap: trap_request=0xffffff45 fr.pc=0x000001af31314670 relative=0x0000000000000250
Event: 4.168 Thread 0x000001af4060f790 Uncommon trap: reason=unstable_if action=reinterpret pc=0x000001af31314670 method=java.util.HashMap.getNode(Ljava/lang/Object;)Ljava/util/HashMap$Node; @ 85 c2
Event: 4.168 Thread 0x000001af4060f790 DEOPT PACKING pc=0x000001af31314670 sp=0x00000008f04f8680
Event: 4.168 Thread 0x000001af4060f790 DEOPT UNPACKING pc=0x000001af30bf69a3 sp=0x00000008f04f8600 mode 2
Event: 4.168 Thread 0x000001af4060f790 Uncommon trap: trap_request=0xffffff45 fr.pc=0x000001af312d1f40 relative=0x00000000000006e0
Event: 4.168 Thread 0x000001af4060f790 Uncommon trap: reason=unstable_if action=reinterpret pc=0x000001af312d1f40 method=java.util.HashMap.putVal(ILjava/lang/Object;Ljava/lang/Object;ZZ)Ljava/lang/Object; @ 109 c2
Event: 4.168 Thread 0x000001af4060f790 DEOPT PACKING pc=0x000001af312d1f40 sp=0x00000008f04f8620
Event: 4.168 Thread 0x000001af4060f790 DEOPT UNPACKING pc=0x000001af30bf69a3 sp=0x00000008f04f85d8 mode 2
Event: 4.185 Thread 0x000001af4060f790 DEOPT PACKING pc=0x000001af29ced0b8 sp=0x00000008f04fae90
Event: 4.185 Thread 0x000001af4060f790 DEOPT UNPACKING pc=0x000001af30bf7143 sp=0x00000008f04fa380 mode 0
Event: 4.192 Thread 0x000001af4060f790 Uncommon trap: trap_request=0xffffffde fr.pc=0x000001af31370aec relative=0x00000000000034ac
Event: 4.192 Thread 0x000001af4060f790 Uncommon trap: reason=class_check action=maybe_recompile pc=0x000001af31370aec method=java.util.regex.Pattern$CharProperty.study(Ljava/util/regex/Pattern$TreeInfo;)Z @ 25 c2
Event: 4.192 Thread 0x000001af4060f790 DEOPT PACKING pc=0x000001af31370aec sp=0x00000008f04f9c30
Event: 4.192 Thread 0x000001af4060f790 DEOPT UNPACKING pc=0x000001af30bf69a3 sp=0x00000008f04f9b28 mode 2
Event: 4.193 Thread 0x000001af4060f790 Uncommon trap: trap_request=0xffffffde fr.pc=0x000001af31370aec relative=0x00000000000034ac
Event: 4.193 Thread 0x000001af4060f790 Uncommon trap: reason=class_check action=maybe_recompile pc=0x000001af31370aec method=java.util.regex.Pattern$CharProperty.study(Ljava/util/regex/Pattern$TreeInfo;)Z @ 25 c2
Event: 4.193 Thread 0x000001af4060f790 DEOPT PACKING pc=0x000001af31370aec sp=0x00000008f04f9c30
Event: 4.193 Thread 0x000001af4060f790 DEOPT UNPACKING pc=0x000001af30bf69a3 sp=0x00000008f04f9b28 mode 2

Classes unloaded (0 events):
No events

Classes redefined (0 events):
No events

Internal exceptions (20 events):
Event: 3.393 Thread 0x000001af4060f790 Exception <a 'java/lang/NoSuchMethodError'{0x00000000833a0208}: 'int java.lang.invoke.DirectMethodHandle$Holder.invokeInterface(java.lang.Object, java.lang.Object)'> (0x00000000833a0208) 
thrown [s\src\hotspot\share\interpreter\linkResolver.cpp, line 771]
Event: 3.444 Thread 0x000001af4060f790 Exception <a 'java/lang/NoSuchMethodError'{0x0000000083087878}: 'java.lang.Object java.lang.invoke.DirectMethodHandle$Holder.invokeVirtual(java.lang.Object, java.lang.Object, int)'> (0x0000000083087878) 
thrown [s\src\hotspot\share\interpreter\linkResolver.cpp, line 771]
Event: 3.472 Thread 0x000001af4060f790 Exception <a 'java/lang/NoSuchMethodError'{0x00000000852d9df0}: 'java.lang.Object java.lang.invoke.DirectMethodHandle$Holder.newInvokeSpecial(java.lang.Object, java.lang.Object, java.lang.Object, java.lang.Object, int)'> (0x00000000852d9df0) 
thrown [s\src\hotspot\share\interpreter\linkResolver.cpp, line 771]
Event: 3.472 Thread 0x000001af4060f790 Exception <a 'java/lang/NoSuchMethodError'{0x00000000852dee70}: 'java.lang.Object java.lang.invoke.DirectMethodHandle$Holder.invokeSpecial(java.lang.Object, java.lang.Object, java.lang.Object, java.lang.Object, java.lang.Object, int)'> (0x00000000852dee70) 
thrown [s\src\hotspot\share\interpreter\linkResolver.cpp, line 771]
Event: 3.472 Thread 0x000001af4060f790 Exception <a 'java/lang/NoSuchMethodError'{0x00000000852e38a0}: 'java.lang.Object java.lang.invoke.Invokers$Holder.linkToTargetMethod(java.lang.Object, java.lang.Object, java.lang.Object, int, java.lang.Object)'> (0x00000000852e38a0) 
thrown [s\src\hotspot\share\interpreter\linkResolver.cpp, line 771]
Event: 3.501 Thread 0x000001af4060f790 Exception <a 'java/lang/NoSuchMethodError'{0x00000000850b2040}: 'int java.lang.invoke.DirectMethodHandle$Holder.invokeInterface(java.lang.Object, java.lang.Object, java.lang.Object, java.lang.Object)'> (0x00000000850b2040) 
thrown [s\src\hotspot\share\interpreter\linkResolver.cpp, line 771]
Event: 3.600 Thread 0x000001af4060f790 Implicit null exception at 0x000001af312fd26c to 0x000001af312fd310
Event: 3.679 Thread 0x000001af4060f790 Exception <a 'java/lang/NoSuchMethodError'{0x0000000084373848}: 'void java.lang.invoke.DirectMethodHandle$Holder.invokeInterface(java.lang.Object, java.lang.Object)'> (0x0000000084373848) 
thrown [s\src\hotspot\share\interpreter\linkResolver.cpp, line 771]
Event: 3.681 Thread 0x000001af4060f790 Exception <a 'java/lang/IncompatibleClassChangeError'{0x000000008437ec78}: Found class java.lang.Object, but interface was expected> (0x000000008437ec78) 
thrown [s\src\hotspot\share\interpreter\linkResolver.cpp, line 838]
Event: 3.705 Thread 0x000001af4060f790 Exception <a 'java/lang/NoSuchMethodError'{0x00000000840142e8}: 'java.lang.Object java.lang.invoke.DirectMethodHandle$Holder.newInvokeSpecial(java.lang.Object, int, java.lang.Object)'> (0x00000000840142e8) 
thrown [s\src\hotspot\share\interpreter\linkResolver.cpp, line 771]
Event: 3.725 Thread 0x000001af4060f790 Exception <a 'java/lang/NoSuchMethodError'{0x0000000083fc0568}: 'java.lang.Object java.lang.invoke.DirectMethodHandle$Holder.newInvokeSpecial(java.lang.Object, java.lang.Object, int, java.lang.Object)'> (0x0000000083fc0568) 
thrown [s\src\hotspot\share\interpreter\linkResolver.cpp, line 771]
Event: 3.725 Thread 0x000001af4060f790 Exception <a 'java/lang/NoSuchMethodError'{0x0000000083fc50f8}: 'java.lang.Object java.lang.invoke.DirectMethodHandle$Holder.invokeSpecial(java.lang.Object, java.lang.Object, java.lang.Object, int, java.lang.Object)'> (0x0000000083fc50f8) 
thrown [s\src\hotspot\share\interpreter\linkResolver.cpp, line 771]
Event: 3.882 Thread 0x000001af4060f790 Exception <a 'sun/nio/fs/WindowsException'{0x00000000834784b0}> (0x00000000834784b0) 
thrown [s\src\hotspot\share\prims\jni.cpp, line 531]
Event: 3.882 Thread 0x000001af4060f790 Exception <a 'sun/nio/fs/WindowsException'{0x00000000834787a0}> (0x00000000834787a0) 
thrown [s\src\hotspot\share\prims\jni.cpp, line 531]
Event: 3.882 Thread 0x000001af4060f790 Exception <a 'sun/nio/fs/WindowsException'{0x000000008347afa0}> (0x000000008347afa0) 
thrown [s\src\hotspot\share\prims\jni.cpp, line 531]
Event: 3.882 Thread 0x000001af4060f790 Exception <a 'sun/nio/fs/WindowsException'{0x000000008347b380}> (0x000000008347b380) 
thrown [s\src\hotspot\share\prims\jni.cpp, line 531]
Event: 3.884 Thread 0x000001af4060f790 Exception <a 'java/lang/NoSuchMethodError'{0x0000000083488c60}: 'java.lang.Object java.lang.invoke.DirectMethodHandle$Holder.newInvokeSpecial(java.lang.Object, java.lang.Object, int)'> (0x0000000083488c60) 
thrown [s\src\hotspot\share\interpreter\linkResolver.cpp, line 771]
Event: 3.930 Thread 0x000001af4060f790 Exception <a 'sun/nio/fs/WindowsException'{0x0000000087da64e8}> (0x0000000087da64e8) 
thrown [s\src\hotspot\share\prims\jni.cpp, line 531]
Event: 3.930 Thread 0x000001af4060f790 Exception <a 'sun/nio/fs/WindowsException'{0x0000000087da68c8}> (0x0000000087da68c8) 
thrown [s\src\hotspot\share\prims\jni.cpp, line 531]
Event: 4.055 Thread 0x000001af4060f790 Exception <a 'java/lang/NoSuchMethodError'{0x00000000849e0100}: 'void java.lang.invoke.DirectMethodHandle$Holder.invokeStatic(java.lang.Object, java.lang.Object, java.lang.Object, java.lang.Object, java.lang.Object, java.lang.Object, java.lang.Object)'> (0x00000000849e0100) 
thrown [s\src\hotspot\share\interpreter\linkResolver.cpp, line 771]

VM Operations (20 events):
Event: 3.383 Executing VM operation: HandshakeAllThreads
Event: 3.383 Executing VM operation: HandshakeAllThreads done
Event: 3.452 Executing VM operation: G1CollectForAllocation
Event: 3.456 Executing VM operation: G1CollectForAllocation done
Event: 3.492 Executing VM operation: HandshakeAllThreads
Event: 3.492 Executing VM operation: HandshakeAllThreads done
Event: 3.495 Executing VM operation: HandshakeAllThreads
Event: 3.495 Executing VM operation: HandshakeAllThreads done
Event: 3.499 Executing VM operation: HandshakeAllThreads
Event: 3.499 Executing VM operation: HandshakeAllThreads done
Event: 3.581 Executing VM operation: HandshakeAllThreads
Event: 3.581 Executing VM operation: HandshakeAllThreads done
Event: 3.734 Executing VM operation: HandshakeAllThreads
Event: 3.734 Executing VM operation: HandshakeAllThreads done
Event: 3.915 Executing VM operation: G1CollectForAllocation
Event: 3.920 Executing VM operation: G1CollectForAllocation done
Event: 4.154 Executing VM operation: HandshakeAllThreads
Event: 4.154 Executing VM operation: HandshakeAllThreads done
Event: 4.171 Executing VM operation: ICBufferFull
Event: 4.171 Executing VM operation: ICBufferFull done

Events (20 events):
Event: 3.849 loading class java/security/cert/CertificateParsingException
Event: 3.849 loading class java/security/cert/CertificateException
Event: 3.849 loading class java/security/cert/CertificateException done
Event: 3.849 loading class java/security/cert/CertificateParsingException done
Event: 3.959 loading class java/nio/channels/Channels
Event: 3.959 loading class java/nio/channels/Channels done
Event: 3.959 loading class sun/nio/ch/ChannelInputStream
Event: 3.960 loading class sun/nio/ch/ChannelInputStream done
Event: 3.962 loading class java/nio/channels/Channels$ReadableByteChannelImpl
Event: 3.962 loading class java/nio/channels/Channels$ReadableByteChannelImpl done
Event: 3.975 loading class java/util/EmptyStackException
Event: 3.975 loading class java/util/EmptyStackException done
Event: 3.980 loading class java/io/InvalidClassException
Event: 3.980 loading class java/io/InvalidClassException done
Event: 4.059 loading class java/util/Comparators$NaturalOrderComparator
Event: 4.060 loading class java/util/Comparators$NaturalOrderComparator done
Event: 4.133 loading class java/nio/file/AtomicMoveNotSupportedException
Event: 4.133 loading class java/nio/file/AtomicMoveNotSupportedException done
Event: 4.154 loading class java/io/FileWriter
Event: 4.154 loading class java/io/FileWriter done


Dynamic libraries:
0x00007ff7f46f0000 - 0x00007ff7f46fa000 	C:\Program Files\Android\Android Studio\jbr\bin\java.exe
0x00007ffa82ff0000 - 0x00007ffa83207000 	C:\WINDOWS\SYSTEM32\ntdll.dll
0x00007ffa81da0000 - 0x00007ffa81e64000 	C:\WINDOWS\System32\KERNEL32.DLL
0x00007ffa80780000 - 0x00007ffa80b37000 	C:\WINDOWS\System32\KERNELBASE.dll
0x0000000052090000 - 0x00000000523c1000 	C:\Program Files\Norton Security\NortonData\22.23.5.106\Definitions\IPSDefs\20231011.064\IPSEng64.dll
0x00007ffa813c0000 - 0x00007ffa81472000 	C:\WINDOWS\System32\ADVAPI32.dll
0x00007ffa82590000 - 0x00007ffa82637000 	C:\WINDOWS\System32\msvcrt.dll
0x00007ffa80d60000 - 0x00007ffa80e08000 	C:\WINDOWS\System32\sechost.dll
0x00007ffa80420000 - 0x00007ffa80448000 	C:\WINDOWS\System32\bcrypt.dll
0x00007ffa821d0000 - 0x00007ffa822e4000 	C:\WINDOWS\System32\RPCRT4.dll
0x00007ffa813b0000 - 0x00007ffa813b8000 	C:\WINDOWS\System32\PSAPI.DLL
0x00007ffa80300000 - 0x00007ffa80411000 	C:\WINDOWS\System32\ucrtbase.dll
0x00007ffa6d090000 - 0x00007ffa6d0a7000 	C:\Program Files\Android\Android Studio\jbr\bin\jli.dll
0x00007ffa811a0000 - 0x00007ffa8134f000 	C:\WINDOWS\System32\USER32.dll
0x00007ffa80b40000 - 0x00007ffa80b66000 	C:\WINDOWS\System32\win32u.dll
0x00007ffa6a590000 - 0x00007ffa6a823000 	C:\WINDOWS\WinSxS\amd64_microsoft.windows.common-controls_6595b64144ccf1df_6.0.22621.3672_none_2713b9d173822955\COMCTL32.dll
0x00007ffa82560000 - 0x00007ffa82589000 	C:\WINDOWS\System32\GDI32.dll
0x00007ffa4f7c0000 - 0x00007ffa4f7db000 	C:\Program Files\Android\Android Studio\jbr\bin\VCRUNTIME140.dll
0x00007ffa805c0000 - 0x00007ffa806d8000 	C:\WINDOWS\System32\gdi32full.dll
0x00007ffa806e0000 - 0x00007ffa8077a000 	C:\WINDOWS\System32\msvcp_win.dll
0x00007ffa80d20000 - 0x00007ffa80d51000 	C:\WINDOWS\System32\IMM32.DLL
0x00007ffa690f0000 - 0x00007ffa690fc000 	C:\Program Files\Android\Android Studio\jbr\bin\vcruntime140_1.dll
0x00007ffa15160000 - 0x00007ffa151ed000 	C:\Program Files\Android\Android Studio\jbr\bin\msvcp140.dll
0x00007ff9e6d80000 - 0x00007ff9e7a03000 	C:\Program Files\Android\Android Studio\jbr\bin\server\jvm.dll
0x00007ffa801d0000 - 0x00007ffa8021d000 	C:\WINDOWS\SYSTEM32\POWRPROF.dll
0x00007ffa7c970000 - 0x00007ffa7c97a000 	C:\WINDOWS\SYSTEM32\VERSION.dll
0x00007ffa64e40000 - 0x00007ffa64e49000 	C:\WINDOWS\SYSTEM32\WSOCK32.dll
0x00007ffa6e5f0000 - 0x00007ffa6e624000 	C:\WINDOWS\SYSTEM32\WINMM.dll
0x00007ffa81980000 - 0x00007ffa819f1000 	C:\WINDOWS\System32\WS2_32.dll
0x00007ffa801b0000 - 0x00007ffa801c3000 	C:\WINDOWS\SYSTEM32\UMPDC.dll
0x00007ffa7f2b0000 - 0x00007ffa7f2c8000 	C:\WINDOWS\SYSTEM32\kernel.appcore.dll
0x00007ffa6d540000 - 0x00007ffa6d54a000 	C:\Program Files\Android\Android Studio\jbr\bin\jimage.dll
0x00007ffa6dac0000 - 0x00007ffa6dcf2000 	C:\WINDOWS\SYSTEM32\DBGHELP.DLL
0x00007ffa80e10000 - 0x00007ffa8119e000 	C:\WINDOWS\System32\combase.dll
0x00007ffa820f0000 - 0x00007ffa821c7000 	C:\WINDOWS\System32\OLEAUT32.dll
0x00007ffa66de0000 - 0x00007ffa66e12000 	C:\WINDOWS\SYSTEM32\dbgcore.DLL
0x00007ffa80b70000 - 0x00007ffa80beb000 	C:\WINDOWS\System32\bcryptPrimitives.dll
0x00007ffa6d0b0000 - 0x00007ffa6d0be000 	C:\Program Files\Android\Android Studio\jbr\bin\instrument.dll
0x00007ffa6d1f0000 - 0x00007ffa6d215000 	C:\Program Files\Android\Android Studio\jbr\bin\java.dll
0x00007ffa6d1d0000 - 0x00007ffa6d1e8000 	C:\Program Files\Android\Android Studio\jbr\bin\zip.dll
0x00007ffa82740000 - 0x00007ffa82fa9000 	C:\WINDOWS\System32\SHELL32.dll
0x00007ffa7e220000 - 0x00007ffa7eb1f000 	C:\WINDOWS\SYSTEM32\windows.storage.dll
0x00007ffa7e0e0000 - 0x00007ffa7e21f000 	C:\WINDOWS\SYSTEM32\wintypes.dll
0x00007ffa82430000 - 0x00007ffa82529000 	C:\WINDOWS\System32\SHCORE.dll
0x00007ffa822f0000 - 0x00007ffa8234e000 	C:\WINDOWS\System32\shlwapi.dll
0x00007ffa80230000 - 0x00007ffa80257000 	C:\WINDOWS\SYSTEM32\profapi.dll
0x00007ffa6d1b0000 - 0x00007ffa6d1c9000 	C:\Program Files\Android\Android Studio\jbr\bin\net.dll
0x00007ffa7a7a0000 - 0x00007ffa7a8d6000 	C:\WINDOWS\SYSTEM32\WINHTTP.dll
0x00007ffa7f770000 - 0x00007ffa7f7d9000 	C:\WINDOWS\system32\mswsock.dll
0x00007ffa6d190000 - 0x00007ffa6d1a6000 	C:\Program Files\Android\Android Studio\jbr\bin\nio.dll
0x00007ffa6d0c0000 - 0x00007ffa6d0d0000 	C:\Program Files\Android\Android Studio\jbr\bin\verify.dll
0x00007ffa15780000 - 0x00007ffa157a7000 	C:\Users\dever\.gradle\native\c067742578af261105cb4f569cf0c3c89f3d7b1fecec35dd04571415982c5e48\windows-amd64\native-platform.dll
0x00007ffa14bb0000 - 0x00007ffa14cf4000 	C:\Users\dever\.gradle\native\38dada09dfb8b06ba9b0570ebf7e218e3eb74d4ef43ca46872605cf95ebc2f47\windows-amd64\native-platform-file-events.dll
0x00007ffa6d260000 - 0x00007ffa6d269000 	C:\Program Files\Android\Android Studio\jbr\bin\management.dll
0x00007ffa6d130000 - 0x00007ffa6d13b000 	C:\Program Files\Android\Android Studio\jbr\bin\management_ext.dll
0x00007ffa7f990000 - 0x00007ffa7f9ab000 	C:\WINDOWS\SYSTEM32\CRYPTSP.dll
0x00007ffa7f270000 - 0x00007ffa7f2a5000 	C:\WINDOWS\system32\rsaenh.dll
0x00007ffa7f820000 - 0x00007ffa7f848000 	C:\WINDOWS\SYSTEM32\USERENV.dll
0x00007ffa7f980000 - 0x00007ffa7f98c000 	C:\WINDOWS\SYSTEM32\CRYPTBASE.dll
0x00007ffa7ed80000 - 0x00007ffa7edad000 	C:\WINDOWS\SYSTEM32\IPHLPAPI.DLL
0x00007ffa82550000 - 0x00007ffa82559000 	C:\WINDOWS\System32\NSI.dll
0x00007ffa7ad00000 - 0x00007ffa7ad19000 	C:\WINDOWS\SYSTEM32\dhcpcsvc6.DLL
0x00007ffa7a660000 - 0x00007ffa7a67f000 	C:\WINDOWS\SYSTEM32\dhcpcsvc.DLL
0x00007ffa7edf0000 - 0x00007ffa7eef2000 	C:\WINDOWS\SYSTEM32\DNSAPI.dll
0x00007ffa6d530000 - 0x00007ffa6d539000 	C:\Program Files\Android\Android Studio\jbr\bin\extnet.dll
0x00007ff9cc370000 - 0x00007ff9cc378000 	C:\WINDOWS\system32\wshunix.dll

dbghelp: loaded successfully - version: 4.0.5 - missing functions: none
symbol engine: initialized successfully - sym options: 0x614 - pdb path: .;C:\Program Files\Android\Android Studio\jbr\bin;C:\WINDOWS\SYSTEM32;C:\Program Files\Norton Security\NortonData\22.23.5.106\Definitions\IPSDefs\20231011.064;C:\WINDOWS\WinSxS\amd64_microsoft.windows.common-controls_6595b64144ccf1df_6.0.22621.3672_none_2713b9d173822955;C:\Program Files\Android\Android Studio\jbr\bin\server;C:\Users\dever\.gradle\native\c067742578af261105cb4f569cf0c3c89f3d7b1fecec35dd04571415982c5e48\windows-amd64;C:\Users\dever\.gradle\native\38dada09dfb8b06ba9b0570ebf7e218e3eb74d4ef43ca46872605cf95ebc2f47\windows-amd64

VM Arguments:
jvm_args: --add-opens=java.base/java.util=ALL-UNNAMED --add-opens=java.base/java.lang=ALL-UNNAMED --add-opens=java.base/java.lang.invoke=ALL-UNNAMED --add-opens=java.prefs/java.util.prefs=ALL-UNNAMED --add-opens=java.base/java.nio.charset=ALL-UNNAMED --add-opens=java.base/java.net=ALL-UNNAMED --add-opens=java.base/java.util.concurrent.atomic=ALL-UNNAMED -Xmx2048m -Dfile.encoding=UTF-8 -Duser.country=PH -Duser.language=en -Duser.variant -javaagent:C:\Users\dever\.gradle\wrapper\dists\gradle-8.7-bin\bhs2wmbdwecv87pi65oeuq5iu\gradle-8.7\lib\agents\gradle-instrumentation-agent-8.7.jar 
java_command: org.gradle.launcher.daemon.bootstrap.GradleDaemon 8.7
java_class_path (initial): C:\Users\dever\.gradle\wrapper\dists\gradle-8.7-bin\bhs2wmbdwecv87pi65oeuq5iu\gradle-8.7\lib\gradle-launcher-8.7.jar
Launcher Type: SUN_STANDARD

[Global flags]
     intx CICompilerCount                          = 4                                         {product} {ergonomic}
     uint ConcGCThreads                            = 3                                         {product} {ergonomic}
     uint G1ConcRefinementThreads                  = 10                                        {product} {ergonomic}
   size_t G1HeapRegionSize                         = 1048576                                   {product} {ergonomic}
    uintx GCDrainStackTargetSize                   = 64                                        {product} {ergonomic}
   size_t InitialHeapSize                          = 132120576                                 {product} {ergonomic}
   size_t MarkStackSize                            = 4194304                                   {product} {ergonomic}
   size_t MaxHeapSize                              = 2147483648                                {product} {command line}
   size_t MaxNewSize                               = 1287651328                                {product} {ergonomic}
   size_t MinHeapDeltaBytes                        = 1048576                                   {product} {ergonomic}
   size_t MinHeapSize                              = 8388608                                   {product} {ergonomic}
    uintx NonNMethodCodeHeapSize                   = 5839372                                {pd product} {ergonomic}
    uintx NonProfiledCodeHeapSize                  = 122909434                              {pd product} {ergonomic}
    uintx ProfiledCodeHeapSize                     = 122909434                              {pd product} {ergonomic}
    uintx ReservedCodeCacheSize                    = 251658240                              {pd product} {ergonomic}
     bool SegmentedCodeCache                       = true                                      {product} {ergonomic}
   size_t SoftMaxHeapSize                          = 2147483648                             {manageable} {ergonomic}
     bool UseCompressedClassPointers               = true                           {product lp64_product} {ergonomic}
     bool UseCompressedOops                        = true                           {product lp64_product} {ergonomic}
     bool UseG1GC                                  = true                                      {product} {ergonomic}
     bool UseLargePagesIndividualAllocation        = false                                  {pd product} {ergonomic}

Logging:
Log output configuration:
 #0: stdout all=warning uptime,level,tags
 #1: stderr all=off uptime,level,tags

Environment Variables:
PATH=C:\Program Files\Common Files\Oracle\Java\javapath;C:\Windows\system32;C:\Windows;C:\Windows\System32\Wbem;C:\Windows\System32\WindowsPowerShell\v1.0\;C:\Windows\System32\OpenSSH\;C:\Program Files (x86)\NVIDIA Corporation\PhysX\Common;C:\Program Files\NVIDIA Corporation\NVIDIA NvDLISR;C:\WINDOWS\system32;C:\WINDOWS;C:\WINDOWS\System32\Wbem;C:\WINDOWS\System32\WindowsPowerShell\v1.0\;C:\WINDOWS\System32\OpenSSH\;C:\sqlite3;C:\Program Files\Git\cmd;C:\xampp\php;C:\ProgramData\ComposerSetup\bin;C:\Users\dever\AppData\Local\Programs\Python\Python311\Scripts\;C:\Users\dever\AppData\Local\Programs\Python\Python311\;C:\Users\dever\AppData\Local\Microsoft\WindowsApps;;C:\Users\dever\AppData\Local\Programs\Microsoft VS Code\bin;C:\Users\dever\AppData\Roaming\Composer\vendor\bin
USERNAME=Marian
OS=Windows_NT
PROCESSOR_IDENTIFIER=Intel64 Family 6 Model 165 Stepping 2, GenuineIntel
TMP=C:\Users\dever\AppData\Local\Temp
TEMP=C:\Users\dever\AppData\Local\Temp



Periodic native trim disabled

JNI global refs:
JNI global refs: 26, weak refs: 0

JNI global refs memory usage: 843, weak refs: 841

Process memory usage:
Resident Set Size: 264856K (3% of 8206124K total physical memory with 602920K free physical memory)

OOME stack traces (most recent first):
Classloader memory used:
